0.000181343 0.006910708
0.000181343 0.006890373
0.000171342 0.006946709
0.000184343 0.006751699
0.000181343 0.007133386
0.000182343 0.006871039
0.000185343 0.006951377
0.000194011 0.006785035
0.000162676 0.006828037
0.000176677 0.007202057
0.000177343 0.006662695
0.000175676 0.007090384
0.000189677 0.006784368
0.000174342 0.006569355
0.000174010 0.006956044
0.000183343 0.006568689
0.000170676 0.007168388
0.000180676 0.006805369
0.000693704 0.007205390
0.000174009 0.007183056
0.000180676 0.003058832
0.000175009 0.002733815
0.000176009 0.002722147
0.000179677 0.003265510
0.000180676 0.002925492
0.000185010 0.002820820
0.000180343 0.002944826
0.000173010 0.003067500
0.000175676 0.002766816
0.000348352 0.003135503
0.000171009 0.003002162
0.000170010 0.003010164
0.000183677 0.003243176
0.000180010 0.003032164
0.000176009 0.002848488
0.000185344 0.002959160
0.000174343 0.003267844
0.000179010 0.002854155
0.000178343 0.002832820
0.000174677 0.003209508
0.000176676 0.002905824
0.000183010 0.002877823
0.000193010 0.002858488
0.000178010 0.003121503
0.000176677 0.002865156
0.000173676 0.002907157
0.000179010 0.003622863
0.000181343 0.003092501
0.000180009 0.003017163
0.000181343 0.002930159
0.000183010 0.003386183
0.000187343 0.002990495
0.000180343 0.002794151
0.000175343 0.003062166
0.000186344 0.002815820
0.000180343 0.002806152
0.000177010 0.002959494
0.000167009 0.002948159
0.000161675 0.002789484
0.000178010 0.003181839
0.000168342 0.003339181
0.000181343 0.003022497
0.000163676 0.003021164
0.000177343 0.003512524
0.000168343 0.003087834
0.000167009 0.002902490
0.000176343 0.002914157
0.000175343 0.003007497
0.000181343 0.002978828
0.000173676 0.002994162
0.000185343 0.003226175
0.000179343 0.002922491
0.000186676 0.002771816
0.000182010 0.002977161
0.000175677 0.002849488
0.000185010 0.002924492
0.000173676 0.003364515
0.000169342 0.003117502
0.000183343 0.002807152
0.000184677 0.002850488
0.004313900 0.004343568
0.000183344 0.002924159
0.006650360 0.006685362
0.000174676 0.004657919
0.000192344 0.003161171
0.004358236 0.004391238
0.000441690 0.002918158
0.000170009 0.003141837
0.000178676 0.002883489
0.000186344 0.003625530
0.000177009 0.003851208
0.000175343 0.002599141
0.000179343 0.002708480
0.000179676 0.003225841
0.000170009 0.002626142
0.000170009 0.002421798
0.000184010 0.002414464
0.000174343 0.002602141
0.000392354 0.002641476
0.000173343 0.002459467
0.000181677 0.002473801
0.000183010 0.002391463
0.000179343 0.002481801
0.000174010 0.003258177
0.000172676 0.002961494
0.000184010 0.002909491
0.000172676 0.003085500
0.000166342 0.003218841
0.000172009 0.003007830
0.000167675 0.002988495
0.000173343 0.003436520
0.000181010 0.002946493
0.000176010 0.003054832
0.000177676 0.002864488
0.000179009 0.003174838
0.000176009 0.002875155
0.000181010 0.002878489
0.000183010 0.003119836
0.000184677 0.003063166
0.000181010 0.002889157
0.000167009 0.002904490
0.000184010 0.002807819
0.000180677 0.002885823
0.000176343 0.003000829
0.000183343 0.003214174
0.000155675 0.002747149
0.000188677 0.003148504
0.000174676 0.003096168
0.000165009 0.002809486
0.000188010 0.002980161
0.000180010 0.003124836
0.000164342 0.002923491
0.000180010 0.003156504
0.000183010 0.002946493
0.000175676 0.003185839
0.000176343 0.002863489
0.000182676 0.002791484
0.000183677 0.003205841
0.000177676 0.003022497
0.000178343 0.002801485
0.000175343 0.003001829
0.000165342 0.002892823
0.000182677 0.003023831
0.000183009 0.003019830
0.000179010 0.002953160
0.000165009 0.002660478
0.000182009 0.002758149
0.000175342 0.003054165
0.000176676 0.003008830
0.000183677 0.002880823
0.000174676 0.002775150
0.000177009 0.003018830
0.000176343 0.002967828
0.000176343 0.002788818
0.000176009 0.003151170
0.000174676 0.003011497
0.000180343 0.003011496
0.000175343 0.003258843
0.000170009 0.002745816
0.000172010 0.002902824
0.000185677 0.002933159
0.000165675 0.003153170
0.000458024 0.003086500
0.000176010 0.002927492
0.000172010 0.003221508
0.000183343 0.002977494
0.000177676 0.002685145
0.000178010 0.002980162
0.000187677 0.003013830
0.000186677 0.002859155
0.000179010 0.002889156
0.000180343 0.003100501
0.000171343 0.003466188
0.000170675 0.002753149
0.000181344 0.003065500
0.000186010 0.003050832
0.000181010 0.002956160
0.000178677 0.002915158
0.000163011 0.003010532
0.000178010 0.002901840
0.000172677 0.002959186
0.000174678 0.003150198
0.000179345 0.002682835
0.000173678 0.002706171
0.000181011 0.002887181
0.000188679 0.002996855
0.000173344 0.002804843
0.000173011 0.002889848
0.000178345 0.003061193
0.000177677 0.003087527
0.000193345 0.002920517
0.000174677 0.003057859
0.000187678 0.002734838
0.000170010 0.002814843
0.000173011 0.003016189
0.000174678 0.003017190
0.000182345 0.002792509
0.000168344 0.002887848
0.000172678 0.003614227
0.000146676 0.003127863
0.000180678 0.003074193
0.000176011 0.003153865
0.000179678 0.003011523
0.000172011 0.002870180
0.000169344 0.002915850
0.000180345 0.003295874
0.000170344 0.002840511
0.000179678 0.002643166
0.000184345 0.003118529
0.000175345 0.003062526
0.000173344 0.003083861
0.000182678 0.003215202
0.000185012 0.002932851
0.000186679 0.002774508
0.000173345 0.002848179
0.000172010 0.003000521
0.000181678 0.003019190
0.000180344 0.002807509
0.000184678 0.003306541
0.000190346 0.002975854
0.000173678 0.002945185
0.000178345 0.003072860
0.000182345 0.002872181
0.000174010 0.002912516
0.000164677 0.002870514
0.000168678 0.003160532
0.000188679 0.003020190
0.000186678 0.002980187
0.000183345 0.003158198
0.000177345 0.002950519
0.000182344 0.002976520
0.000178011 0.003208535
0.000172678 0.002843512
0.000179345 0.003059859
0.000190679 0.003026857
0.000181345 0.003081860
0.000175345 0.003131197
0.000178678 0.003048859
0.000176344 0.003043191
0.000170677 0.002921184
0.000190012 0.002973854
0.000182011 0.002768507
0.000174011 0.004547619
0.000169011 0.002955519
0.000176678 0.002939185
0.000270017 0.003238203
0.000175011 0.002939185
0.000183678 0.002746506
0.000182678 0.003055192
0.000171344 0.002818510
0.000179345 0.002857180
0.000187345 0.002971853
0.000178344 0.003064859
0.000183345 0.003287206
0.000174011 0.003280873
0.000193679 0.003372879
0.000176678 0.002964853
0.000173011 0.002913183
0.000176678 0.003230537
0.000175677 0.002863180
0.000176678 0.003002856
0.000188679 0.002870181
0.000160010 0.003191534
0.000180345 0.003098528
0.000173677 0.002964519
0.000175011 0.002951185
0.000177678 0.002869180
0.000175678 0.002923517
0.000173011 0.003311542
0.000181012 0.002964853
0.000181345 0.002924517
0.000183344 0.002962519
0.000187012 0.003265872
0.000173011 0.002755840
0.000178011 0.003062526
0.000197679 0.003136197
0.000182012 0.002915184
0.000183345 0.003674898
0.000175344 0.003011522
0.000197346 0.003066526
0.000175677 0.002811176
0.000183345 0.002952853
0.000177344 0.003154198
0.000168344 0.002979188
0.000179343 0.003068490
0.000168010 0.003118844
0.000178343 0.002823819
0.000292016 0.002969496
0.000182677 0.002832821
0.000179010 0.003132171
0.000186010 0.002937827
0.000181343 0.002835488
0.000176009 0.002930493
0.000176676 0.002880824
0.000181010 0.003009497
0.000189677 0.003007831
0.000182677 0.002796486
0.000176676 0.002852822
0.000188344 0.003697535
0.000179676 0.002976829
0.000176343 0.002973829
0.000174676 0.002928826
0.000167009 0.003089835
0.000180343 0.003127170
0.000170009 0.002898491
0.000284349 0.002970828
0.000182344 0.003093169
0.000191677 0.002963828
0.000186343 0.002919825
0.000181009 0.003269845
0.000173342 0.002868156
0.000184010 0.002865489
0.000180677 0.002952828
0.000179009 0.003066834
0.000174343 0.002838822
0.000185344 0.002936160
0.000169676 0.003224509
0.000180009 0.002922492
0.000175010 0.002914492
0.000190344 0.003020831
0.000152675 0.003046166
0.000173677 0.002880157
0.000178009 0.003201174
0.000171343 0.003128171
0.000175343 0.003003164
0.000177677 0.003094503
0.000183010 0.003390851
0.000170009 0.003001497
0.000173676 0.003026832
0.000171009 0.002939827
0.000170009 0.002974162
0.000185010 0.002916826
0.000184343 0.003021831
0.000181676 0.002815487
0.000175010 0.002853156
0.000175010 0.002741483
0.000174676 0.003045833
0.000183677 0.003021165
0.000173010 0.002975162
0.000175676 0.003039165
0.000179010 0.002933160
0.000170342 0.006894042
0.000192677 0.002867823
0.000169009 0.003265511
0.000177677 0.002981830
0.000168676 0.002912159
0.000315684 0.003371517
0.000175010 0.003127504
0.000180343 0.002810487
0.000173009 0.002991163
0.000184677 0.003053833
0.000176676 0.002909491
0.000169342 0.002743483
0.000179010 0.003046166
0.000183677 0.002832154
0.000184676 0.003013831
0.000179010 0.003128504
0.000179676 0.003180173
0.000185677 0.002806820
0.000180676 0.002995830
0.000178009 0.002922826
0.000172676 0.002950161
0.000175010 0.002725149
0.000175676 0.003210509
0.000185344 0.003365850
0.000176343 0.002963828
0.000179676 0.003002497
0.000178010 0.003310181
0.000180343 0.003146504
0.000173676 0.002918159
0.000174676 0.003116503
0.000172010 0.002983496
0.000171676 0.002854823
0.000180676 0.003206841
0.000183677 0.002778818
0.000188344 0.003163839
0.000183344 0.003053500
0.000159009 0.003065501
0.000170676 0.003016165
0.000173009 0.002871823
0.000168676 0.003061167
0.000177343 0.002873156
0.000405355 0.002952494
0.000180677 0.002966495
0.000176010 0.002781819
0.000168009 0.002906491
0.000172343 0.003049499
0.000175010 0.003575195
0.000185344 0.003017506
0.000173676 0.002975500
0.000174010 0.003176845
0.000184677 0.002757488
0.000174010 0.002951833
0.000166676 0.002975834
0.000178343 0.002705485
0.000172343 0.002780490
0.000171343 0.003042170
0.000175010 0.002950165
0.000161676 0.002768155
0.000171677 0.002957166
0.000186344 0.003305519
0.000178010 0.002905830
0.000176343 0.002891829
0.000176010 0.003082840
0.000178010 0.002966500
0.000171676 0.003154843
0.000178010 0.003003502
0.000183011 0.002861828
0.000184344 0.002916164
0.000185011 0.002947499
0.000174676 0.003143176
0.000188678 0.003005169
0.000180343 0.002869161
0.000180343 0.003076839
0.000168676 0.002788823
0.000166676 0.002939832
0.000170677 0.002710819
0.000172010 0.003052838
0.000167342 0.002778489
0.000184344 0.003149510
0.000187677 0.003337187
0.000186677 0.002841493
0.000176677 0.002902830
0.000177343 0.003023836
0.000178343 0.002723820
0.000174010 0.002807491
0.000172010 0.002780823
0.000180010 0.003062838
0.000183010 0.003115842
0.000167343 0.002838160
0.000174010 0.003023836
0.000179010 0.002950165
0.000182010 0.002874161
0.000184677 0.002928498
0.000183344 0.003226848
0.000171009 0.002917830
0.000178676 0.002781822
0.000172677 0.003103175
0.000180010 0.002964166
0.000181676 0.002737153
0.000305017 0.003263516
0.000186677 0.002969833
0.000188344 0.002990835
0.000166676 0.002953499
0.000173343 0.003045505
0.000172676 0.002820158
0.000163009 0.006826050
0.000176009 0.003307518
0.000176676 0.002965833
0.000181677 0.002941499
0.000174010 0.003190512
0.000177010 0.002829159
0.000181010 0.003115175
0.000173677 0.002907164
0.000175676 0.003085839
0.000179343 0.002883495
0.000181677 0.002939165
0.000177010 0.003095840
0.000187344 0.002941499
0.000176010 0.002876161
0.000182677 0.003173512
0.000154342 0.002778490
0.000181011 0.003162511
0.000177010 0.003092507
0.000171676 0.003078839
0.000169010 0.002856827
0.000312684 0.003052171
0.000180677 0.003312519
0.000185677 0.002861827
0.000193345 0.002813158
0.000175010 0.002720153
0.000178343 0.003130842
0.000172676 0.002776823
0.000172010 0.002725820
0.000182010 0.003184512
0.000183011 0.002724820
0.000178677 0.002835826
0.000176343 0.003069839
0.000179344 0.003051838
0.000180344 0.002783490
0.000185010 0.003115508
0.000181344 0.003273850
0.000153676 0.002996502
0.000180010 0.002816158
0.000173343 0.003280517
0.000172676 0.003820881
0.000173677 0.002976500
0.000174010 0.003197180
0.000181010 0.002873827
0.000188678 0.002788490
0.000184344 0.002799157
0.000181010 0.003031170
0.000184677 0.003195179
0.000175010 0.002844827
0.000182343 0.003188512
0.000177344 0.002799157
0.000180677 0.002786490
0.000188677 0.002912164
0.000175344 0.002975834
0.000166342 0.002809491
0.000181343 0.003065505
0.000167676 0.003353188
0.000185010 0.003115841
0.000315684 0.003203846
0.000174343 0.003133510
0.000178344 0.002976501
0.000166343 0.002826826
0.000179676 0.002853160
0.000180677 0.002957833
0.000176343 0.003071506
0.000176344 0.002731487
0.000171009 0.003351854
0.000179677 0.002792824
0.000181343 0.002972833
0.000173677 0.003095841
0.000177677 0.007546757
0.000184344 0.006911721
0.000180010 0.007006727
0.000173343 0.007667097
0.000177343 0.006941389
0.000177676 0.006764379
0.000189678 0.007068064
0.000181677 0.006738045
0.000178010 0.007089398
0.000181344 0.007836773
0.000170343 0.006947056
0.000186677 0.006719711
0.000174009 0.007064396
0.000182344 0.007322078
0.000176010 0.006842384
0.000176010 0.007241406
0.000177009 0.007046728
0.000170343 0.006827383
0.000185010 0.006677708
0.000182677 0.006694709
0.000170343 0.003379190
0.000146342 0.002827492
0.000172343 0.003162177
0.000181677 0.003289518
0.000176009 0.003033170
0.000378688 0.003921220
0.000165343 0.005005948
0.000175343 0.003152177
0.000171010 0.002702485
0.000174343 0.002965166
0.000185011 0.002978501
0.000176677 0.002911163
0.000183677 0.002911497
0.000188677 0.003090840
0.000181011 0.002904497
0.000184677 0.002843493
0.000184677 0.003307519
0.000177676 0.002883162
0.000181343 0.002796157
0.000179343 0.002770822
0.000178677 0.003002169
0.000177343 0.002846493
0.000162676 0.002789823
0.000180677 0.004778935
0.000176344 0.003231182
0.000176344 0.002709819
0.000176676 0.002519141
0.000174343 0.002562477
0.000180344 0.002578478
0.000183344 0.002540809
0.000184343 0.003882217
0.000176343 0.002531142
0.000178343 0.002640815
0.000180010 0.002632814
0.000181677 0.002391468
0.000189344 0.002963167
0.000173677 0.002865494
0.000180676 0.003159844
0.000175343 0.003108841
0.000175343 0.002948498
0.000184677 0.003385523
0.000175010 0.002924164
0.000183343 0.002811158
0.000174676 0.003095173
0.000170010 0.002925498
0.000178677 0.002844827
0.000185010 0.003031504
0.000180677 0.003281851
0.000185010 0.002819158
0.000174343 0.003023169
0.000180010 0.003051171
0.000178010 0.002843826
0.000168009 0.002766488
0.000185677 0.002928497
0.000176342 0.003003493
0.000178343 0.002823488
0.000173342 0.003051498
0.000185677 0.003088501
0.000187343 0.002693479
0.000182343 0.002739815
0.000175343 0.003002496
0.000195011 0.002734815
0.000186343 0.003067833
0.000183343 0.002811152
0.000161676 0.003346181
0.000180343 0.003047831
0.000173676 0.003108502
0.000177676 0.003171505
0.000449024 0.003242842
0.000169342 0.002967160
0.000174010 0.003247843
0.000177343 0.002978828
0.000172343 0.002965828
0.000176009 0.003044498
0.000168676 0.003265176
0.000179677 0.002979162
0.000170343 0.002908824
0.000187677 0.003204840
0.000183343 0.002853154
0.000177343 0.002789817
0.000173009 0.003044831
0.000185010 0.002915158
0.000184010 0.002979827
0.000170675 0.002802151
0.000176343 0.003061832
0.000161676 0.002935159
0.000171676 0.002881156
0.000180676 0.003370515
0.000185676 0.002844154
0.000189677 0.002940826
0.000180676 0.002939492
0.000176009 0.003222841
0.000181010 0.002952826
0.000178343 0.002946826
0.000167675 0.003401517
0.000170676 0.003181839
0.000174676 0.003177505
0.000177676 0.003257843
0.000167342 0.002812485
0.000177010 0.002909825
0.000193677 0.002851821
0.000176010 0.003155504
0.000180677 0.002772817
0.000183010 0.002698812
0.000170676 0.003076500
0.000186010 0.002875155
0.000167676 0.002958827
0.000181010 0.003233842
0.000170676 0.003009496
0.000171342 0.009458845
0.001193398 0.002987495
0.000176009 0.007090050
0.000174342 0.002951159
0.000164676 0.002958494
0.000184010 0.003219174
0.000178009 0.002880489
0.000181343 0.002822152
0.000190011 0.003336181
0.000170676 0.003079833
0.000179677 0.002925492
0.000172342 0.003029830
0.000174343 0.002962494
0.000178677 0.003052832
0.000186677 0.002850821
0.000173009 0.002878489
0.000177009 0.003058165
0.000176676 0.002847821
0.000184010 0.002987161
0.000186677 0.003187839
0.000189344 0.003083167
0.000172676 0.002956493
0.000164342 0.003136170
0.000186677 0.002836820
0.000174343 0.002741815
0.000185677 0.003242509
0.000179677 0.002879490
0.000180343 0.003021496
0.000174343 0.002923492
0.000182010 0.003039498
0.000180676 0.003103168
0.000178343 0.003816873
0.000170342 0.003174505
0.000183343 0.002970160
0.000182343 0.002760482
0.000181344 0.003302179
0.000192010 0.003183172
0.000176676 0.002925825
0.000167009 0.002806151
0.000179343 0.003252176
0.000178343 0.002814819
0.000177010 0.003063499
0.000185010 0.003233841
0.000177010 0.002857155
0.000178676 0.002987495
0.000182343 0.002912157
0.000188010 0.002972827
0.000183677 0.002959493
0.000176010 0.003148837
0.000179676 0.003244842
0.000169675 0.002925491
0.000184343 0.002960827
0.000181009 0.003058832
0.000176676 0.002738814
0.000173676 0.002991495
0.000175010 0.002817486
0.000169676 0.002941160
0.000182677 0.002970828
0.000180010 0.003045831
0.000153009 0.003342514
0.000183677 0.003209174
0.000173343 0.002916492
0.000177343 0.003368182
0.000185677 0.003091168
0.000161009 0.002890823
0.000367687 0.002968494
0.000184677 0.003118169
0.000183676 0.002836486
0.000176676 0.002878155
0.000174009 0.003274177
0.000162008 0.007833086
0.000176676 0.007223720
0.000176676 0.007025709
0.000178676 0.007298057
0.000715372 0.006569018
0.000175677 0.007272390
0.000184010 0.007240054
0.000163342 0.006598020
0.000180343 0.006966040
0.000187677 0.006735361
0.000173010 0.006581019
0.000184344 0.006620355
0.000183010 0.006852367
0.000179343 0.006935038
0.000179010 0.006957039
0.000179009 0.007042043
0.000171343 0.006806365
0.000174009 0.006492347
0.000165009 0.006678691
0.000174676 0.006737027
0.000178009 0.003012828
0.000168342 0.002927156
0.000173676 0.003204171
0.000180343 0.002747814
0.000173009 0.002972826
0.000178677 0.002984494
0.000772041 0.003418516
0.000171675 0.003024161
0.008087433 0.008120102
0.000172009 0.003595526
0.004067551 0.004099886
0.000186677 0.003428517
0.004531576 0.004565578
0.000183010 0.002352793
0.000180677 0.002642142
0.000177009 0.002600806
0.000184010 0.002510468
0.000185343 0.002406129
0.000181677 0.002427130
0.000182677 0.002581805
0.000184677 0.002568471
0.000177343 0.002350793
0.000178343 0.002454798
0.000175343 0.002480800
0.000179677 0.002289790
0.000190343 0.003263841
0.000183343 0.002917490
0.000177010 0.003090833
0.000172342 0.002709145
0.000186676 0.003246507
0.000184344 0.002973160
0.000186343 0.002919490
0.000175342 0.003108166
0.000180677 0.002717479
0.000187010 0.002714479
0.000173343 0.003005828
0.000174676 0.002838152
0.000190010 0.002846486
0.000174342 0.002893488
0.000176343 0.003117834
0.000182343 0.002893489
0.000437023 0.003062164
0.000166676 0.003516855
0.000179009 0.003006161
0.000176676 0.002987493
0.000181676 0.003037162
0.000174676 0.002937490
0.000178009 0.002905822
0.000179009 0.003057497
0.000192011 0.003088833
0.000188676 0.002987826
0.000192010 0.003078498
0.000184676 0.003176837
0.000192011 0.003087499
0.000180677 0.003050497
0.000167675 0.002621807
0.000178343 0.003130835
0.000164009 0.002844819
0.000178010 0.002926823
0.000179009 0.003096832
0.000165342 0.002868154
0.000174343 0.002787482
0.000174676 0.003648195
0.000173009 0.002793816
0.000178009 0.002847819
0.000177676 0.002756481
0.000182343 0.003040830
0.000177010 0.003213172
0.000175677 0.002851486
0.000174343 0.003208172
0.000179009 0.002922823
0.000180343 0.002848819
0.000179676 0.002911156
0.000175343 0.002846486
0.000184676 0.002868153
0.000187343 0.002854819
0.000176343 0.003136501
0.000174676 0.002998827
0.000422356 0.002935824
0.000176343 0.003173170
0.000182010 0.002984493
0.000274014 0.002677143
0.000175677 0.003046164
0.000178010 0.003029829
0.000190676 0.003019495
0.000188677 0.002867154
0.000175342 0.003155502
0.000172009 0.002878154
0.000184676 0.002971492
0.000170009 0.003154502
0.000182676 0.002903487
0.000180343 0.002962491
0.000183677 0.002817816
0.000173010 0.002958491
0.000172343 0.002907488
0.000183676 0.002982492
0.000187010 0.003179169
0.000179343 0.002860485
0.000174676 0.002997826
0.000180343 0.002975158
0.000179342 0.002955823
0.000192010 0.002935156
0.000185343 0.003324510
0.000169342 0.003238172
0.000177342 0.002847151
0.000178343 0.003017494
0.000180343 0.002964824
0.000193677 0.002896821
0.000183009 0.002923822
0.000178676 0.003050495
0.000188010 0.003166169
0.000195344 0.002973825
0.000181676 0.002795815
0.000181676 0.003158167
0.000184677 0.002955157
0.000171676 0.002856818
0.000180676 0.003334844
0.000174676 0.003054162
0.000174676 0.002880820
0.000187677 0.003013161
0.000162675 0.002960157
0.000171676 0.003000826
0.000174342 0.002850484
0.000172009 0.003110165
0.000175342 0.002994159
0.000173342 0.002752813
0.000164342 0.003136167
0.000187676 0.003069830
0.000169009 0.002994160
0.000180677 0.002900154
0.000176343 0.003199837
0.000195344 0.002834817
0.000187343 0.002846484
0.000182676 0.003063163
0.000185009 0.002909487
0.000181676 0.002895487
0.000179676 0.003108165
0.000179009 0.002840151
0.000175676 0.002739479
0.000173343 0.002754147
0.000181009 0.003038828
0.000167676 0.002901488
0.000178343 0.002885153
0.000178676 0.003119166
0.000179343 0.002916488
0.000173342 0.002877152
0.000176676 0.003111832
0.000175342 0.003399847
0.000177676 0.002721478
0.000177343 0.002857819
0.000188010 0.003153834
0.000180010 0.003036828
0.000189343 0.002898820
0.000173010 0.003206837
0.000182343 0.002925155
0.000181010 0.003063163
0.000183010 0.002960824
0.000175009 0.003068829
0.000180342 0.002861152
0.000172343 0.002964158
0.000183343 0.003141834
0.000179010 0.002787481
0.000164342 0.002840151
0.000178676 0.003348511
0.000186009 0.004054548
0.000182343 0.003420849
0.000175676 0.003068830
0.000170343 0.003558523
0.000177010 0.002967158
0.000179010 0.003104499
0.000175010 0.003398181
0.000179009 0.003112832
0.000139674 0.002835817
0.000190676 0.003244505
0.000174676 0.002903821
0.000170342 0.002777481
0.000179677 0.002962158
0.000163675 0.003137500
0.000180343 0.003000492
0.000179009 0.002892487
0.000179010 0.003207171
0.000180010 0.002939489
0.000178010 0.003149501
0.000182677 0.002861819
0.000176676 0.003198170
0.000179676 0.002979492
0.000178343 0.002867486
0.000176342 0.003253173
0.000179010 0.002844818
0.000178677 0.002995826
0.000177009 0.003035161
0.000179343 0.002796815
0.000179343 0.002787148
0.000161008 0.003240172
0.000183343 0.003090498
0.000185676 0.002953490
0.000189677 0.002974492
0.000186010 0.003244839
0.000158008 0.002679809
0.000178010 0.003208504
0.000167676 0.002986159
0.000170342 0.002923488
0.000187344 0.002819817
0.000190344 0.002877153
0.000178343 0.003388180
0.000183676 0.002934489
0.000177676 0.002824150
0.000172676 0.003368179
0.000180009 0.002835817
0.000170009 0.002807815
0.000172009 0.002794149
0.000177343 0.003219838
0.000183343 0.002915154
0.000173676 0.002858819
0.000177676 0.003109499
0.000177677 0.003071164
0.000186010 0.002969491
0.000180343 0.003154167
0.000177676 0.002811816
0.000160008 0.003105498
0.000173676 0.003291842
0.000175009 0.003400180
0.000174010 0.003126166
0.000174009 0.002978158
0.000168008 0.003222171
0.000178010 0.002981159
0.000177342 0.002724478
0.000176676 0.003151501
0.000184677 0.002876153
0.000188010 0.002998493
0.000177343 0.002777148
0.000175009 0.003266173
0.000183010 0.003129167
0.000180343 0.002867486
0.000178343 0.003064830
0.000175009 0.002731478
0.000180677 0.002953490
0.000189676 0.003057495
0.000173676 0.003028495
0.000181676 0.002717811
0.000170342 0.002904154
0.000175343 0.003118833
0.000176009 0.003123833
0.000173676 0.002927156
0.000176676 0.003136500
0.000172343 0.002892154
0.000171009 0.003253173
0.000178676 0.002799482
0.000177010 0.003109832
0.003651194 0.003682529
0.000176343 0.005787641
0.000177343 0.003395847
0.000186676 0.002783481
0.000181342 0.002897820
0.000173343 0.003523188
0.000176676 0.002958490
0.000187677 0.002996493
0.000175676 0.003063830
0.000178009 0.003396514
0.000172343 0.003022494
0.000173009 0.002983158
0.000187676 0.003180502
0.000186676 0.003005159
0.000177342 0.002715477
0.000182009 0.003207837
