0.000178343 0.009130487
0.000185677 0.008777802
0.000180009 0.008736799
0.000177010 0.008708465
0.000176342 0.008412782
0.000180677 0.008613460
0.000183010 0.008524121
0.000176343 0.008551456
0.000187343 0.025808377
0.000180010 0.008658796
0.000179343 0.008539789
0.000178677 0.008615460
0.000186677 0.008395781
0.000168676 0.023473586
0.000184343 0.008660462
0.000177676 0.016190531
0.000179009 0.008965811
0.000193010 0.008791469
0.000179676 0.029645582
0.000176010 0.020920117
0.000184343 0.004603912
0.000176010 0.004795923
0.000419356 0.004355900
0.004187557 0.012663342
0.000420023 0.004716252
0.008709132 0.008741800
0.000994387 0.004645581
0.000183343 0.004480573
0.000160341 0.004441570
0.000177010 0.019095686
0.000186677 0.005834312
0.000186343 0.004667916
0.000178009 0.004770588
0.000189344 0.004599246
0.000183343 0.004538242
0.000190677 0.004610246
0.000184010 0.004882594
0.000175676 0.016809564
0.000186677 0.004849593
0.000158008 0.004345231
0.000185677 0.004706251
0.000183010 0.004638581
0.000183343 0.004462571
0.000181343 0.004531908
0.000179343 0.005060270
0.000171009 0.013882074
0.000182676 0.004716585
0.000177343 0.004884927
0.000181010 0.008315444
0.000171343 0.004617914
0.000186010 0.004470239
0.000182676 0.004669916
0.000179010 0.023256241
0.000186009 0.004483239
0.000324017 0.004502240
0.000191343 0.004833258
0.000177342 0.004290562
0.000183010 0.004695584
0.000181010 0.004605246
0.000312683 0.004919262
0.000180343 0.011004254
0.000181676 0.004618579
0.000182676 0.004526241
0.000181010 0.004570577
0.000177342 0.004708917
0.000177343 0.004581245
0.000182010 0.004730919
0.000174342 0.004286562
0.000184343 0.008201437
0.000181343 0.004696918
0.000178343 0.004840591
0.000170342 0.004615913
0.000194344 0.004614580
0.000182343 0.004460571
0.000184343 0.004581244
0.000445024 0.004720919
0.000180676 0.019165022
0.000196344 0.004769255
0.000175009 0.004680250
0.000177009 0.004527908
0.000178343 0.004689250
0.000178010 0.004262561
0.000185676 0.004376233
0.000431357 0.005082272
0.000183343 0.012632349
0.000180677 0.004679586
0.000187344 0.004615250
0.000175009 0.015910193
0.000174676 0.004978936
0.000172676 0.004763591
0.000198010 0.004383903
0.000177343 0.029040903
0.000174676 0.005570968
0.000189010 0.015740851
0.000188010 0.004718255
0.000190344 0.004608583
0.000173010 0.004372904
0.000188344 0.016813242
0.000180343 0.004610916
0.000185677 0.004745257
0.000189344 0.004554580
0.000182677 0.004457241
0.000187010 0.004361903
0.000492360 0.004746257
0.000172343 0.004711922
0.000183010 0.004473909
0.000176676 0.004570914
0.000176677 0.005266285
0.000181343 0.004747923
0.000185010 0.005032605
0.000186010 0.004551246
0.000179676 0.004579914
0.000179677 0.004566247
0.000189343 0.004627917
0.000280682 0.012187993
0.000182009 0.004745256
0.000177677 0.004297899
0.000175677 0.004728923
0.000174009 0.004331901
0.000180343 0.004669919
0.000174009 0.004495243
0.000176676 0.004659585
0.000190010 0.019520055
0.000187344 0.004598249
0.000186010 0.005382958
0.000183343 0.004733589
0.000177009 0.004678253
0.000184010 0.004663252
0.000176343 0.004827261
0.000177677 0.004571581
0.000185676 0.008053435
0.000178010 0.004841262
0.000181010 0.004819261
0.000188343 0.004284565
0.000183677 0.004863930
0.000171009 0.004443573
0.000166676 0.004605249
0.000172009 0.004879264
0.000195010 0.018116646
0.000298016 0.004879264
0.000186010 0.004624250
0.000179343 0.004449574
0.000182010 0.006017659
0.000186344 0.004850596
0.000186677 0.004255230
0.000171342 0.004638584
0.000181010 0.004677253
0.000182009 0.004549579
0.000282016 0.004702255
0.000173676 0.004502577
0.000184010 0.004775258
0.000195344 0.004407572
0.000186343 0.004736923
0.000182343 0.004787592
0.000173009 0.004577247
0.000193344 0.004581914
0.000181009 0.004497909
0.000285016 0.005084609
0.000188343 0.019643062
0.000185010 0.004576581
0.000184010 0.004426906
0.000180343 0.004541579
0.000174343 0.004419239
0.000190010 0.004716255
0.000193010 0.004682586
0.000188010 0.004426573
0.000315684 0.022945574
0.000180343 0.004795260
0.000190344 0.004417905
0.000182343 0.004738923
0.000182010 0.012223328
0.000181343 0.004698254
0.000184009 0.005414292
0.000186344 0.009115493
0.000175009 0.004483909
0.000184010 0.004598248
0.000182343 0.004707921
0.000181343 0.004424239
0.000185010 0.013951421
0.000181676 0.004733589
0.000180343 0.004537912
0.000181676 0.005048273
0.000177343 0.004452907
0.000192011 0.004478242
0.000445691 0.004776925
0.000180010 0.004661586
0.000175009 0.008557129
0.000196010 0.004686586
0.000186010 0.005011938
0.000169009 0.004491576
0.000186677 0.004542579
0.000177343 0.004406572
0.000308016 0.004677253
0.000181343 0.004393237
0.000185677 0.004668252
0.000179010 0.018070977
0.000184344 0.004572248
0.000177343 0.004544913
0.000300683 0.004660585
0.000183010 0.004641251
0.000193010 0.004325900
0.000184676 0.004524911
0.000175677 0.017928636
0.000179676 0.004404238
0.000169009 0.004451241
0.000182344 0.004354569
0.000181343 0.004648251
0.000175343 0.004681587
0.000184677 0.004951268
0.000178010 0.004946934
0.000179676 0.020914464
0.000180343 0.004564580
0.000172009 0.004643251
0.000181010 0.004936934
0.000195344 0.004327901
0.000307683 0.004877930
0.000183677 0.004476575
0.000171342 0.026416428
0.000190343 0.004855262
0.000170676 0.004517244
0.000182343 0.005404958
0.000182677 0.004548579
0.000173009 0.004456908
0.000179343 0.004823928
0.000189344 0.022180866
0.000181677 0.005227950
0.000180010 0.004288232
0.000183010 0.005113944
0.000184677 0.004512577
0.000186344 0.004578914
0.000189344 0.004730922
0.000171009 0.004569580
0.000173343 0.005054940
0.000184010 0.004567247
0.000186010 0.005318621
0.000159342 0.004781925
0.000171010 0.004682920
0.000183343 0.004627250
0.000179010 0.004691587
0.000181010 0.004546913
0.000173345 0.004577968
0.000169344 0.004765307
0.000182679 0.004527955
0.000190346 0.021454035
0.000191013 0.004749636
0.000189012 0.004366278
0.000187345 0.004865977
0.000187679 0.017250766
0.000185012 0.004464951
0.000174345 0.005086658
0.000178345 0.014828278
0.000190012 0.004516288
0.000182345 0.004721301
0.000174011 0.004723634
0.000185679 0.011834755
0.000180678 0.004542623
0.000186345 0.004504287
0.000179011 0.004303941
0.000185679 0.004880978
0.000182344 0.004550956
0.000185345 0.004488286
0.000178678 0.004652630
0.000187012 0.8403677
0.000393354 0.007997760
0.000381021 0.005096272
0.000395687 0.004763254
0.000355685 0.020226412
0.000375686 0.005146941
0.000368353 0.004669916
0.000395354 0.005153608
0.000935716 0.005163942
0.000396354 0.008891141
0.000393688 0.005465292
0.000360019 0.004938596
0.000415356 0.004888928
0.000367353 0.005220279
0.000385354 0.025002333
0.000348685 0.005142607
0.000391687 0.004961598
0.000396688 0.004859926
0.000397688 0.004949597
0.000395688 0.021130460
0.000666702 0.005720305
0.000366687 0.004799590
0.000386354 0.005218946
0.000360352 0.005045269
0.000389354 0.004895261
0.000397021 0.005041602
0.000363353 0.004670249
0.000417022 0.005194277
0.000375687 0.004738919
0.000357686 0.004913929
0.000391020 0.005124940
0.000397355 0.004977932
0.000367353 0.004953597
0.000356019 0.005043936
0.000399021 0.004775588
0.000370353 0.019453038
0.000380020 0.009449504
0.000402355 0.009122153
0.000392354 0.008915142
0.000182677 0.022887888
0.000186677 0.008697797
0.000188010 0.008229439
0.000181676 0.008855805
0.000175009 0.008331111
0.000173676 0.008508788
0.000175009 0.008439783
0.000188010 0.008500120
0.000158342 0.017344259
0.000197010 0.008682463
0.000180343 0.008492786
0.000182677 0.008387115
0.000181676 0.008290442
0.000182343 0.009669516
0.000179009 0.015189477
0.000186677 0.008443118
0.000192677 0.004461905
0.000178343 0.004743920
0.000183010 0.018226640
0.000182676 0.004312563
0.000177009 0.004725919
0.000189010 0.004973932
0.000184010 0.004512574
0.000181343 0.004540909
0.000180676 0.004210558
0.000176676 0.005052936
0.000193343 0.006924036
0.000192677 0.004951598
0.000180343 0.004971932
0.000180676 0.004736253
0.000186343 0.004595579
0.000179676 0.004560910
0.000173676 0.004515575
0.000186343 0.00443357
0.000193344 0.004633581
0.000182343 0.004415569
0.000178676 0.004864926
0.000180010 0.004455238
0.000176009 0.004322230
0.000183343 0.004920596
0.000172676 0.004426570
0.000168675 0.004599578
0.000183010 0.004660582
0.000191343 0.017890288
0.000191011 0.004430903
0.000181343 0.004656915
0.000175342 0.004528241
0.000282682 0.004886595
0.000179343 0.004824258
0.000184344 0.004519242
0.000182676 0.004487573
0.000182010 0.015094139
0.000189677 0.004341899
0.000192010 0.004363566
0.000189676 0.004563243
0.000185344 0.004306230
0.000171676 0.004576578
0.000177009 0.004396567
0.000185010 0.004658248
0.000180009 0.016506547
0.000185343 0.004457571
0.000184677 0.004629914
0.000181343 0.004743920
0.000158675 0.004436903
0.000181343 0.005290616
0.000192677 0.004557577
0.000188343 0.004202224
0.000191010 0.016432544
0.000186343 0.004820257
0.000186343 0.004376567
0.000291016 0.005019601
0.000181010 0.004516575
0.000173676 0.004483573
0.000190011 0.004698918
0.000158009 0.004607246
0.000178009 0.008431450
0.000189343 0.004556576
0.000185343 0.004556576
0.000184344 0.004727586
0.000190344 0.004757588
0.000189343 0.004534908
0.000184010 0.004608913
0.000179676 0.004353233
0.000183343 0.004652248
0.000174676 0.017945291
0.000186010 0.004633247
0.000171676 0.016266202
0.000177010 0.004792256
0.000175676 0.004366233
0.000176009 0.004631247
0.000189010 0.020451758
0.000169342 0.004666916
0.000179343 0.022441531
0.000181677 0.004702251
0.000186344 0.004658249
0.000181009 0.004378567
0.000179010 0.020871781
0.000175343 0.004494906
0.000187010 0.004510240
0.000180343 0.004983933
0.000181343 0.004827924
0.000183010 0.004370233
0.000174010 0.004435237
0.000465025 0.005063604
0.000172675 0.014515774
0.000183343 0.004727585
0.000188676 0.004559576
0.000179343 0.004930597
0.000178676 0.004664582
0.000181010 0.004418903
0.000184343 0.004821924
0.000177010 0.004351566
0.000184343 0.011954305
0.000184010 0.004629247
0.000357685 0.004655915
0.000187344 0.004401902
0.000181677 0.004621247
0.000179342 0.004238226
0.000184343 0.004595912
0.000148675 0.004865260
0.000186677 0.025199345
0.000166675 0.004392568
0.000184010 0.004434237
0.000180009 0.004502240
0.000179343 0.004541910
0.000181343 0.004818591
0.000164343 0.004478239
0.000187677 0.014854793
0.000183677 0.004646582
0.000191676 0.004641581
0.000357019 0.004823924
0.000176343 0.004700584
0.000185343 0.004581578
0.000187677 0.004722586
0.000157008 0.004506907
0.000175343 0.018544990
0.000171676 0.004489906
0.000177676 0.004465239
0.000182676 0.004961931
0.000192344 0.004583912
0.000189343 0.004693917
0.000177676 0.004849592
0.000181343 0.004425237
0.000181010 0.004443237
0.000176676 0.004657249
0.000181343 0.004924596
0.000176676 0.004839258
0.000187010 0.005034602
0.000182009 0.004572910
0.000194677 0.004781255
0.000188010 0.004406902
0.000185677 0.005122607
0.000176343 0.009043483
0.000176676 0.004592245
0.000172009 0.004579911
0.000171343 0.004520241
0.000176342 0.004406902
0.000175343 0.004629914
0.000178009 0.004483906
0.000182343 0.004403901
0.000183678 0.014733176
0.000186344 0.004638934
0.000183344 0.004594266
0.000175343 0.010157253
0.000186344 0.005264970
0.000193011 0.004616599
0.000180677 0.004690271
0.000321685 0.004779943
0.000171677 0.008089800
0.000192345 0.005217635
0.000185677 0.004681270
0.000312018 0.004655602
0.000175677 0.004991955
0.000183344 0.004412922
0.000181344 0.004811611
0.000163010 0.004774276
0.000183010 0.004563930
0.000178343 0.004679603
0.000183677 0.004453591
0.000178010 0.004605932
0.000172010 0.004822945
0.000178343 0.004335583
0.000187678 0.004571264
0.000190345 0.004576931
0.000159675 0.004547929
0.000186678 0.004614600
0.000179344 0.004501260
0.000175344 0.004773609
0.000193678 0.004770276
0.000179010 0.004428589
0.000180677 0.004681604
0.000193011 0.004439923
0.000183677 0.004615933
0.000173344 0.004697938
0.000176344 0.022292288
0.000180678 0.004359919
0.000182011 0.004523928
0.000179344 0.004443923
0.000166343 0.004507927
0.000166343 0.004351252
0.000182344 0.004473592
0.000189011 0.000640037
0.000174344 0.008791841
0.000173010 0.004511927
0.000182677 0.004573597
0.000174344 0.004466592
0.000178343 0.004510927
0.000180010 0.004768275
0.000182010 0.004539928
0.000169009 0.004719272
0.000180010 0.014866859
0.000195678 0.004269913
0.000188678 0.004916617
0.000173676 0.004671603
0.000188677 0.004575931
0.000176677 0.004731606
0.000174010 0.004695604
0.000182343 0.004452590
0.000188678 0.020459848
0.000189345 0.004596933
0.000181344 0.004353585
0.000183344 0.004637934
0.000183677 0.005084960
0.000183344 0.004651268
0.000186011 0.004692271
0.000166676 0.004354585
0.000193678 0.019777142
0.000179010 0.004674603
0.000173677 0.004666269
0.000176677 0.004765942
0.000182010 0.004730939
0.000175343 0.004397254
0.000312018 0.004871615
0.000179344 0.000763377
0.000175677 0.017374003
0.000187011 0.004859280
0.000184678 0.004779610
0.000192011 0.004543262
0.000193344 0.004807611
0.000176344 0.004261913
0.000182010 0.004635601
0.000181010 0.002499477
0.000180010 0.006443705
0.000182344 0.004746941
0.000185011 0.004423256
0.000179010 0.007431429
0.000182011 0.005479650
0.000186009 0.004950923
0.000182344 0.004533915
0.000176676 0.004668916
0.000179676 0.015281156
0.000187010 0.004362234
0.000180676 0.004546911
0.000174676 0.004380569
0.000185676 0.004452239
0.000192011 0.004846928
0.000194344 0.004360901
0.000192011 0.004502576
0.000181343 0.016851906
0.000183010 0.004255896
0.000167343 0.004485242
0.000178343 0.004448239
0.000186677 0.004499242
0.000185010 0.004648916
0.000183343 0.004540244
0.000177010 0.004511576
0.000180343 0.016383880
0.000181343 0.004439572
0.000176009 0.004794257
0.000173676 0.004766923
0.000180343 0.004486241
0.000195011 0.004857595
0.000172342 0.005000602
0.000179009 0.004277563
0.000178009 0.018897682
0.000188010 0.004529910
0.000184343 0.004299898
0.000177343 0.004908930
0.000182677 0.004815259
0.000180677 0.004291231
0.000194678 0.004635250
0.000178676 0.004427904
0.000195343 0.016501220
0.001221065 0.004448905
0.000172010 0.004651584
0.000184343 0.004734588
0.000175676 0.004713586
0.000191677 0.004513242
0.000183676 0.004793591
0.000178010 0.004821259
0.000178343 0.005831647
0.000187344 0.004752923
0.000182010 0.004690252
0.000176343 0.004335233
0.000185343 0.004632582
0.000179343 0.004683919
0.000317683 0.004392569
0.000181677 0.004874929
0.000176010 0.014387774
0.000183343 0.004318899
0.000185010 0.004850928
0.000166676 0.004509242
0.000178676 0.004565579
0.000178010 0.004830927
0.000181343 0.004237894
0.000189010 0.004731255
0.000176343 0.013648733
0.000173676 0.004383235
0.000173342 0.004728587
0.000184343 0.004720253
0.000171676 0.004555245
0.000182676 0.004762256
0.000195011 0.004396236
0.000300350 0.004838594
0.000193344 0.004721254
0.000191677 0.004414570
0.000195344 0.004487241
0.000185677 0.004751589
0.000182343 0.004361901
0.000196678 0.004724588
0.000183343 0.004372902
0.000164009 0.004570913
0.000183676 0.004552244
0.000181676 0.023584280
0.000182676 0.004643252
0.000157675 0.012694689
0.000174009 0.004477576
0.000186677 0.004948269
0.000176676 0.004633252
0.000177343 0.004385238
0.000185677 0.004875265
0.000184344 0.004272899
0.000170676 0.005458963
0.000181677 0.010794919
0.000203011 0.004685588
0.000187344 0.004704922
0.000186010 0.004457575
0.000181343 0.004455241
0.000187010 0.019870745
0.000183343 0.004646919
0.000186344 0.004352570
0.000184677 0.004995271
0.000176676 0.004669920
0.000185343 0.004474576
0.000188676 0.004452241
0.000175010 0.003367850
0.000176676 0.020771127
0.000195344 0.005012606
0.000179343 0.004501577
0.000182343 0.004495244
0.000179676 0.004701921
0.000164676 0.004538247
0.000183344 0.004832596
0.000163343 0.599152846
0.000389688 0.010064880
0.000390688 0.009305838
0.000179676 0.008915817
0.000183343 0.008556798
0.000183010 0.008614801
0.000187344 0.016690572
0.000185010 0.008889149
0.000168676 0.008465459
0.000179343 0.008920484
0.000183343 0.008330452
0.000184343 0.008947819
0.000737374 0.023468940
0.000175343 0.008604133
0.000191677 0.008533797
0.000175343 0.008541797
0.000178676 0.008315451
0.000783043 0.000809711
0.000173676 0.011721303
0.000181343 0.009047491
0.000179343 0.008881482
0.000182343 0.008497128
0.000182677 0.004486910
0.000192677 0.004901599
0.000172676 0.004554914
0.000195344 0.019144039
0.000184343 0.004595916
0.000315017 0.004820928
0.000189343 0.004457575
0.000186344 0.004787593
0.000184343 0.004376570
0.000182010 0.004474910
0.000174676 0.002402464
0.000176343 0.013144380
0.000181676 0.004358569
0.000176010 0.004704589
0.000185010 0.004539246
0.000183676 0.004593249
0.000178343 0.004803594
0.000180009 0.004629584
0.000181677 0.004638918
0.000182344 0.008428458
0.000183010 0.004438908
0.000174676 0.004448908
0.000154008 0.004855930
0.000183343 0.004660586
0.000172343 0.004687588
0.000192011 0.004441908
0.000183677 0.004663920
0.000181677 0.004770593
0.000187010 0.004479243
0.000177343 0.004643252
0.000262014 0.004455908
0.000172343 0.004679921
0.000188344 0.004664920
0.000179010 0.004337569
0.000176342 0.004801927
0.000191677 0.004557581
0.000184676 3.199915193
0.000381685 0.006304640
0.000391686 0.005031579
0.000359684 0.010634518
0.000379019 0.005413597
0.000396352 0.005141584
0.000442357 0.016459893
0.000374353 0.005222614
0.000390687 0.005045605
0.000398355 0.004971601
0.000379687 0.004955933
0.000358353 0.016058199
0.000370353 0.004957267
0.000395355 0.005296619
0.000410689 0.005007936
0.000376687 0.004972601
0.000377020 0.008329782
0.000407689 0.004943933
0.000372354 0.004971268
0.004100221 0.004742922
0.000192343 0.004817592
0.000191010 0.020720116
0.003468853 0.004749256
0.000169009 0.004868596
0.000182676 0.004267563
0.000177676 0.004853262
0.000176343 0.004341568
0.000174343 0.004771257
0.000189010 0.004736255
0.000184676 0.004432905
0.000190344 0.004573913
0.000184676 0.004805259
0.000166342 0.004546578
0.000174343 0.004706253
0.000179010 0.008013099
0.000187343 0.004790925
0.000168342 0.004703253
0.000183009 0.012702351
0.000188344 0.004851595
0.000191677 0.004807925
0.000173343 0.004409237
0.000174676 0.004638250
0.000172676 0.004530244
0.000173676 0.004480575
0.000178010 0.004808259
0.000176676 0.016764569
0.000184677 0.004394904
0.000172343 0.004510243
0.000186677 0.004450240
0.000182343 0.004548912
0.000178676 0.006270004
0.000181010 0.004365569
0.000183677 0.004610915
0.000178010 0.017017250
0.000186343 0.004388570
0.000185010 0.004838594
0.000168009 0.004811260
0.000167342 0.004461573
0.000177343 0.004682585
0.000182009 0.004396236
0.000168676 0.004862596
0.000182676 0.016832907
0.000182010 0.004935266
0.000182676 0.004483908
0.000179343 0.004829926
0.000181343 0.004723921
0.000171343 0.004754257
0.000183343 0.004795258
0.000184676 0.004617915
0.000173674 0.014319303
0.000175008 0.004553878
0.000185342 0.012863936
0.000179676 0.008890417
0.000173675 0.008580736
0.000176675 0.008389393
0.000179341 0.008686740
0.000181008 0.008407727
0.000176675 0.014295336
0.000175341 0.008499731
0.000177675 0.008774077
0.000176008 0.008669740
0.000186342 0.016880791
0.000185009 0.008739076
0.000186675 0.008364058
0.000187676 0.008645072
0.000173008 0.008179383
0.000171008 0.009294769
0.000181342 0.014258001
0.000175009 0.008941753
0.000180009 0.008346391
0.000179341 0.008350724
0.000172675 0.004350871
0.000179009 0.004637551
0.000178341 0.014313337
0.000507024 0.004996901
0.000180008 0.004503544
0.000179342 0.004667886
0.000191009 0.004569214
0.000178342 0.004666552
0.000193343 0.004692220
0.000187675 0.004232531
0.000185342 0.023521769
0.000192009 0.004402540
0.000160341 0.004442208
0.000173342 0.004517212
0.000186676 0.004348871
0.000185342 0.004648551
0.000179008 0.008302055
0.000182008 0.014170997
0.000188008 0.004552879
0.000184675 0.004637217
0.000174675 0.004544546
0.000189009 0.004598549
0.000176342 0.004624550
0.000169341 0.004550546
0.000191009 0.004720888
0.000187676 0.018582871
0.000177675 0.004345870
0.000168675 0.004626217
0.000176342 0.004549547
0.000172009 0.004394206
0.000175341 0.004670552
0.000176342 0.004406873
0.000174675 0.004588882
0.000187676 0.019989270
0.000183342 0.004897562
0.000165674 0.004480210
0.000188009 0.004847894
0.000185342 0.004529879
0.000180008 0.004746222
0.000174008 0.004859228
0.000181675 0.004304869
0.000184009 0.004440208
0.000180675 0.004432874
0.000178008 0.004692553
0.000172674 0.004678886
0.000177008 0.004550546
0.000180008 0.004562214
0.000180342 0.004679553
0.000174008 0.004615883
0.000178675 7.041181536
0.000379022 0.013271430
0.000386022 0.009655555
0.000390356 0.019341778
0.000382022 0.008850509
0.000374688 0.009230197
0.000403690 0.008798172
0.000385689 0.023581022
0.000177343 0.008571159
0.000182344 0.009037520
0.000182010 0.007998460
0.000200345 0.008581160
0.000183677 0.008245807
0.000191677 0.009411541
0.000183344 0.008967849
0.000193345 0.008311478
0.000182344 0.008561159
0.000186011 0.008262142
0.000183677 0.00876417
0.000178677 0.026866210
0.000181010 0.008732502
0.000180010 0.004355250
0.000186344 0.004642267
0.000179344 0.004370252
0.010236588 0.010270590
0.000190678 0.006644382
0.000372021 0.004571929
0.007361090 0.007460762
0.001556756 0.004631266
0.000180343 0.004768274
0.000180010 0.004928616
0.000179343 0.004882947
0.000177010 0.014909524
0.000177010 0.004726272
0.000189010 0.004543594
0.000179677 0.004697270
0.000187011 0.004769274
0.000183677 0.004644600
0.000184344 0.004442255
0.000178010 0.004651934
0.000297684 0.016492948
0.000185010 0.004438921
0.000188344 0.004554928
0.000189678 0.004276913
0.000197344 0.004674602
0.000192011 0.004691936
0.000432691 0.004412253
0.000173677 0.004590597
0.000179344 0.008074131
0.000198344 0.004707604
0.000171010 0.004802610
0.000190678 0.004670602
0.000186677 0.004706270
0.000183011 0.004398253
0.000181678 0.004456923
0.000178677 0.017877361
0.000182677 0.005419311
0.000184011 0.004450256
0.000181677 0.004682936
0.000177677 0.004759607
0.000178010 0.004478924
0.000185344 0.004622600
0.000174010 0.004630933
0.000188678 0.011020300
0.000331019 0.004542261
0.000176010 0.010856957
0.000176010 0.004720938
0.000181678 0.004933951
0.000183011 0.004531594
0.000176011 0.004830945
0.000191344 0.007897454
0.000177676 0.004261244
0.000187344 0.004520259
0.000170676 0.013638784
0.000187342 0.004631553
0.000181343 0.004513563
0.000183676 0.004501561
0.000178342 0.004569897
0.000186676 0.013003989
0.000185676 0.004669903
0.000180009 0.004541229
0.000186009 0.004602232
0.000185342 0.004765907
0.000186343 0.004383555
0.000179009 0.004658569
0.000178009 0.004570231
0.000174675 0.004860912
0.000175676 0.004500227
0.000188676 0.004583898
0.000180009 0.004894914
0.000180009 0.004664569
0.000187676 0.004327552
0.000178009 0.004686903
0.000187342 0.004433890
0.000176676 0.004710238
0.000184009 0.004627567
0.000168342 0.004502894
0.000172676 0.004486894
0.000188010 0.004494894
0.000184342 0.004561230
0.000189009 0.004688903
0.000185009 0.004607232
0.000178342 0.004724572
0.000187343 0.004706904
0.000179676 0.013290671
0.000175675 0.004668569
0.000178675 0.004681236
0.000172009 0.004357886
0.000181009 0.004531229
0.000189676 0.004382221
0.000180676 0.004695237
0.000173675 0.004949249
0.000180676 0.011406242
0.000190677 0.004541896
0.000175342 0.004554230
0.000168008 0.004544229
0.000185342 0.004730905
0.000181343 0.004608233
0.000186342 0.004417556
0.000185676 0.004760240
0.000186676 0.016181483
0.000172009 0.004529895
0.000176342 0.004635567
0.000192010 0.004588898
0.000183343 0.004438891
0.000180009 0.004546229
0.000195676 0.004445891
0.000168008 0.004781575
0.000180009 0.018609939
0.000186676 0.004631900
0.000179676 0.004484227
0.000182342 0.004867912
0.000192676 0.004648901
0.000186009 0.004561563
0.000180676 0.004681903
0.000186009 0.004304883
0.000173342 0.004713904
0.000178676 0.004426557
0.000188676 0.004586564
0.000174009 0.004747240
0.000189343 0.004324885
0.000191343 0.004760573
0.000185676 0.004582898
0.000179343 0.004309551
0.000176009 0.004660569
0.000174343 0.009034123
0.000182676 0.004614984
0.000184351 0.004640052
