0.000178010 0.009292846
0.000185677 0.008719147
0.000177343 0.008471467
0.000182010 0.008328126
0.000177677 0.008539138
0.000165009 0.008570139
0.000229346 0.008852488
0.000670704 0.017412960
0.000181343 0.009071167
0.000192011 0.008970161
0.000184343 0.008298458
0.000188677 0.008596807
0.000180010 0.008201119
0.000185343 0.008538471
0.000189677 0.008586474
0.000173676 0.008627142
0.000177010 0.008539138
0.000185677 0.008340127
0.000181677 0.008689813
0.000182343 0.008502802
0.000190677 0.004552584
0.000186677 0.004657923
0.000184676 0.004703592
0.000186010 0.005057946
0.000188344 0.004793598
0.000194344 0.004446912
0.000182010 0.004522916
0.000183343 0.004632922
0.000182010 0.004512582
0.000184677 0.004448912
0.000181010 0.004443579
0.000894716 0.005286625
0.000189343 0.004700925
0.008140449 0.008174117
0.000950719 0.010645920
0.005897659 0.005928994
0.000997055 0.003995887
0.002774819 0.003887881
0.000169009 0.003709205
0.000177677 0.003908549
0.000176677 0.003944218
0.000185344 0.003680870
0.000192011 0.003740207
0.000183344 0.003639868
0.000180010 0.003694537
0.000172343 0.004067558
0.000185343 0.003576864
0.000180676 0.003938550
0.000175676 0.004008554
0.000187344 0.003744207
0.000186010 0.003821211
0.000187677 0.003700204
0.000175010 0.003724872
0.000182677 0.003930217
0.000278682 0.003834878
0.000295349 0.004047223
0.000178677 0.003711205
0.000181010 0.005006276
0.000188343 0.004444912
0.000178676 0.004434578
0.000182343 0.004536250
0.000189677 0.004556918
0.000179344 0.004296571
0.000184677 0.004722594
0.000179676 0.004569251
0.000183676 0.004812265
0.000186343 0.004559918
0.000186677 0.004461912
0.000189344 0.004639589
0.000186677 0.004205899
0.000188677 0.004734595
0.000177343 0.004643589
0.000191011 0.004757263
0.000187343 0.004677591
0.000186343 0.004553584
0.000179676 0.004692925
0.000185677 0.004872602
0.000179676 0.004327238
0.000194344 0.004696926
0.000189011 0.004699926
0.000179010 0.004506248
0.000185011 0.004765263
0.000179343 0.004503248
0.000182010 0.004794598
0.000186677 0.004762929
0.000282349 0.004795931
0.000181677 0.004961941
0.000180677 0.004548917
0.000175676 0.004713926
0.000182010 0.004775264
0.000192677 0.004533917
0.000178676 0.004795931
0.000180343 0.004462246
0.000183677 0.004451579
0.000177344 0.004661591
0.000295683 0.004552251
0.000176343 0.004553584
0.000180010 0.004419244
0.000182010 0.004445912
0.000184677 0.004635255
0.000178010 0.004391909
0.000180677 0.004712927
0.000190011 0.004557918
0.000176009 0.004273569
0.000186677 0.004771596
0.000179343 0.004667257
0.000175343 0.004543250
0.000153342 0.004552918
0.000176343 0.004440911
0.000183676 0.004581252
0.000187011 0.004982608
0.000190011 0.004477914
0.000188011 0.004471914
0.000182677 0.004499915
0.000181343 0.004779930
0.000322018 0.005008610
0.000146675 0.004400576
0.000181010 0.004732595
0.000179010 0.004737594
0.000180343 0.004235234
0.000187010 0.004762596
0.000181010 0.004449246
0.000195677 0.004567252
0.000177010 0.004884936
0.000176343 0.004231233
0.000179677 0.005074280
0.000184010 0.004385575
0.000183344 0.004764930
0.000188677 0.004623255
0.000524362 0.004689259
0.000187010 0.004613588
0.000179677 0.004749595
0.000184676 0.004315237
0.000186010 0.004675591
0.000180677 0.004468580
0.000178676 0.004492914
0.000166343 0.004664924
0.000181678 0.004487941
0.000184010 0.004631937
0.000185678 0.004556605
0.000191345 0.004633609
0.000166343 0.004665945
0.000283683 0.004622608
0.000181344 0.004631609
0.000181677 0.004384594
0.000184011 0.004658277
0.000178677 0.004721947
0.000175678 0.004494268
0.000176010 0.004602940
0.000181011 0.004615275
0.000187011 0.004520269
0.000199678 0.004645276
0.000268349 0.004683612
0.000196678 0.004770284
0.000184678 0.004619609
0.000182011 0.004396261
0.000184678 0.004704947
0.000184344 0.004480267
0.000176678 0.004471933
0.000179344 0.004622275
0.000185011 0.004358259
0.000178344 0.004887624
0.000187678 0.004882290
0.000173677 0.004506601
0.000173010 0.004592273
0.000183677 0.004631275
0.000171344 0.004564272
0.000187011 0.004833954
0.000191678 0.004349259
0.000194678 0.004619275
0.000186012 0.004266921
0.000177677 0.004558605
0.000183344 0.004902291
0.000185011 0.004494268
0.000188345 0.004426597
0.000177010 0.004488267
0.000186012 0.006229038
0.000179678 0.004662611
0.000192344 0.004598940
0.000183011 0.005736675
0.000170010 0.004755949
0.000183677 0.004428930
0.000183345 0.004567939
0.000181011 0.004555604
0.000172677 0.004590607
0.000190011 0.004488934
0.000187345 0.004555271
0.000189345 0.004794619
0.000190678 0.004764617
0.000365355 0.004493934
0.000182678 0.004655277
0.000180344 0.004335592
0.000178677 0.004687279
0.000178010 0.004558938
0.000192011 0.004408262
0.000189678 0.004601607
0.000176343 0.004324257
0.000175344 0.004676612
0.000183677 0.004649276
0.000177677 0.004568605
0.000175344 0.005126972
0.000182011 0.005016966
0.000175677 0.004612941
0.000185011 0.004926960
0.000181677 0.004543603
0.000184010 0.005005631
0.000175343 0.005079302
0.000179011 0.004756283
0.000186345 0.004622275
0.000182344 0.004458599
0.000190678 0.004633276
0.000180677 0.004723947
0.000190678 0.004626609
0.000177677 0.004612941
0.000184011 0.004516602
0.000177011 0.004855622
0.000184345 0.005111638
0.000193678 0.004523936
0.000185344 0.004561605
0.000184678 0.004741282
0.000186011 0.004465266
0.000177344 0.004660277
0.000182344 0.004389595
0.000185011 0.004594607
0.000173343 0.004691279
0.000173344 0.005004965
0.000184344 0.004576606
0.000176010 0.004518935
0.000182677 0.004689946
0.000190011 0.004584606
0.000184011 0.004354593
0.000187345 0.004616275
0.000177011 0.004685946
0.000256682 0.004581606
0.000190345 0.004575939
0.000183344 0.004376594
0.000190011 0.004683612
0.000181678 0.004650277
0.000180344 0.004465932
0.000180678 0.004474266
0.000190345 0.004289255
0.000180011 0.004392262
0.000186678 0.004608941
0.000181678 0.004804620
0.000179011 0.004514936
0.000189678 0.004558939
0.000181677 0.004288255
0.000179677 0.004534603
0.000187011 0.004363260
0.000184344 0.004720281
0.000188011 0.004800286
0.000178344 0.004786952
0.000184011 0.005056301
0.000189678 0.004355926
0.000181677 0.004610941
0.000180344 0.004592607
0.000189678 0.004379261
0.000177677 0.004705280
0.000183011 0.004452265
0.000181011 0.004257920
0.000179677 0.004732615
0.000169677 0.004673945
0.000182344 0.004615275
0.000192678 0.004575606
0.000189345 0.004455265
0.000187011 0.004433931
0.000188012 0.004366260
0.000397357 0.006792404
0.000173677 0.004843955
0.000176010 0.004427263
0.000187678 0.004923960
0.000182344 0.010872647
0.000195012 0.003758891
0.000172010 0.003692553
0.000192345 0.003722889
0.000180678 0.003744557
0.000184011 0.003842562
0.000188344 0.003621215
0.000184344 0.003955235
0.000187011 0.003555212
0.000196011 0.004064241
0.000186011 0.003932567
0.000185011 0.003587547
0.000183677 0.003785558
0.000184678 0.004622942
0.000177011 0.004866290
0.000179677 0.004702280
0.000154676 0.004508269
0.000184344 0.004641276
0.000183678 0.004601941
0.000183677 0.004485933
0.000178677 0.004680945
0.000195679 0.004386576
0.000187676 0.004709239
0.000181010 0.004834925
0.000294349 0.004750587
0.000184343 0.004746919
0.000188343 0.004432903
0.000183677 0.004666249
0.000188344 0.004774255
0.000183343 0.004828591
0.000180009 0.004551242
0.000188010 0.004486906
0.000190343 0.004330897
0.000181343 0.004715918
0.000180343 0.004416903
0.000178009 0.004853259
0.000185009 0.004679582
0.000188677 0.004585245
0.000183343 0.004743587
0.000188677 0.004392901
0.000187010 0.004632913
0.000189677 0.004599246
0.000190677 0.004421236
0.000263348 0.004990600
0.000179343 0.004813924
0.001056056 0.005024935
0.000187677 0.004513600
0.000181677 0.004364252
0.000190677 0.004672270
0.000188677 0.004461591
0.000190011 0.004467926
0.000187344 0.004600599
0.000181677 0.004405588
0.000183010 0.004548263
0.000195011 0.004734274
0.000182344 0.004328584
0.000183011 0.004575265
0.000182677 0.004601266
0.000183344 0.004358919
0.000184677 0.004628601
0.000177011 0.004440591
0.000193012 0.004530263
0.000186344 0.005048625
0.000180010 0.004361919
0.000177677 0.004663270
0.000192012 0.004464259
0.000180344 0.004441924
0.000186677 0.004587599
0.000178677 0.004453258
0.000192678 0.004962954
0.000183677 0.004676937
0.000168010 0.004925285
0.000176676 0.004555930
0.000177677 0.004338251
0.000178677 0.004514595
0.000183344 0.004653603
0.000174677 0.004562931
0.000183677 0.004738608
0.000178677 0.004395255
0.000200345 0.004475592
0.000186678 0.004945620
0.000170343 0.004216244
0.000170010 0.004775276
0.000185010 0.004533929
0.000176010 0.004485927
0.000192011 0.004829946
0.000191011 0.004614934
0.000181010 0.004854614
0.000183010 0.004831613
0.000186011 0.004988622
0.000169344 0.004398588
0.000188345 0.004292249
0.000190678 0.004497261
0.000177677 0.004604600
0.000175344 0.004628268
0.000187345 0.004753609
0.000178010 0.004601933
0.000189678 0.004381254
0.000174677 0.004723940
0.000169343 0.004514595
0.000191678 0.004722607
0.000186677 0.004579598
0.000178677 0.004302916
0.000186678 0.004641936
0.000189011 0.004553264
0.000186677 0.004419255
0.000178677 0.004536596
0.000194012 0.004619935
0.000185344 0.004658603
0.000182677 0.004608267
0.000177010 0.004385920
0.000164676 0.004779610
0.000182677 0.004706272
0.000189344 0.004842947
0.000189011 0.005387645
0.000189344 0.004416923
0.000179677 0.004506261
0.000185344 0.004599933
0.000394357 0.004951287
0.000184344 0.004650603
0.000177344 0.004408589
0.000178011 0.004597933
0.000182010 0.004387920
0.000175344 0.004542263
0.000176010 0.004556930
0.000188678 0.004765943
0.000182010 0.004836280
0.000175677 0.004828946
0.000182010 0.004455925
0.000171344 0.004704273
0.000181010 0.004513595
0.000180677 0.004663270
0.000182344 0.004531929
0.000183011 0.004313250
0.000185344 0.004461925
0.000184678 0.004657603
0.000168677 0.004656936
0.000177344 0.004750275
0.000174677 0.004491593
0.000178677 0.004733274
0.000183344 0.004580265
0.000184344 0.004531263
0.000181677 0.004642936
0.000188011 0.004430590
0.000182010 0.004694272
0.000181011 0.004617268
0.000176010 0.004546596
0.000173010 0.004521596
0.000188677 0.004273914
0.000170677 0.004619935
0.000181344 0.004699273
0.000181677 0.004350585
0.000190344 0.004650269
0.000180677 0.004513261
0.000190011 0.004776276
0.000179010 0.004555264
0.000163676 0.004396921
0.000183677 0.004496593
0.000183011 0.004631268
0.000183677 0.004520261
0.000191678 0.004806945
0.000192345 0.004460925
0.000190345 0.004683272
0.000179344 0.004666937
0.000183677 0.004544930
0.000168343 0.004566598
0.000191678 0.004689272
0.000183011 0.004420589
0.000186344 0.004552597
0.000183011 0.004387588
0.000179677 0.004611934
0.000198679 0.016593628
0.000182344 0.008381818
0.000179010 0.012509057
0.000187344 0.008174473
0.000171677 0.008943518
0.000189342 0.009039392
0.000173341 0.008415698
0.000189342 0.008850717
0.000181674 0.008498368
0.000184342 0.008422699
0.000189342 0.009070393
0.000182008 0.008681376
0.000193675 0.008671709
0.000171674 0.008492368
0.000180007 0.008185688
0.000184341 0.008621374
0.000194008 0.008366029
0.000159007 0.008563705
0.000180008 0.008587039
0.000174008 0.008564705
0.000186341 0.008865051
0.000237677 0.004453860
0.000177341 0.004715204
0.000180341 0.004644534
0.000172675 0.004362523
0.000174674 0.004580865
0.000177674 0.004746206
0.000181675 0.004351522
0.000185342 0.004651535
0.000171674 0.004390190
0.000183342 0.004582866
0.000187341 0.004682536
0.000183341 0.004175848
0.000185341 0.004511862
0.000176341 0.004461193
0.000180007 0.004514529
0.000180341 0.004642534
0.000186341 0.004631867
0.000168341 0.004642201
0.000175008 0.004402191
0.000189675 0.004471527
0.000192342 0.005210559
0.000184675 0.004895546
0.000177008 0.004701871
0.000187008 0.004878878
0.000180008 0.004562531
0.000186341 0.004788541
0.000173008 0.004565531
0.000185008 0.004790208
0.000173341 0.004730872
0.000184674 0.004290519
0.000180674 0.004733872
0.000184341 0.004506195
0.000179008 0.004896212
0.000178341 0.004655868
0.000187342 0.004348856
0.000174674 0.004385524
0.000184341 0.004622200
0.000186008 0.004212516
0.000174674 0.005613910
0.000186008 0.005023218
0.000178008 0.004172181
0.000182341 0.004103178
0.000174341 0.003518153
0.000171007 0.003807165
0.000173008 0.003828499
0.003908837 0.003938838
0.000177341 0.003929503
0.003073169 0.004423577
0.003945883 0.003977885
0.000190677 0.005172950
0.006776704 0.006811373
0.000179677 0.003705537
0.000183676 0.003648200
0.000186343 0.003931215
0.000176343 0.003781874
0.000181676 0.003831210
0.000182676 0.003682535
0.000179676 0.003797541
0.000176343 0.003604531
0.000180010 0.003615865
0.000190011 0.004783929
0.000184010 0.004717926
0.000184010 0.004661589
0.000186343 0.004402241
0.000185344 0.004699258
0.000182010 0.004417243
0.000186677 0.004626921
0.000178343 0.004590918
0.000187011 0.004409242
0.000181676 0.004691590
0.000191677 0.004565250
0.000190344 0.004561583
0.000177676 0.004608919
0.000188677 0.004604919
0.000317351 0.004961939
0.000185677 0.004751594
0.000184677 0.004368906
0.000192010 0.004594252
0.000174677 0.004353572
0.000175676 0.004661255
0.000179343 0.004520914
0.000180676 0.004376573
0.000186677 0.004482580
0.000191344 0.008134113
0.000178676 0.004737926
0.000187010 0.004516248
0.000164343 0.004414242
0.000181676 0.004669923
0.000184677 0.004703258
0.000168342 0.004546916
0.000185676 0.008407794
0.002752484 0.004289235
0.000175009 0.004864933
0.000180010 0.004903269
0.000637035 0.004705258
0.000181010 0.004570250
0.000163676 0.004346905
0.000186344 0.004555917
0.000201344 0.004445244
0.000180343 0.004355572
0.000181010 0.004633254
0.000180343 0.004376573
0.000184677 0.004550249
0.000173009 0.004723926
0.000187677 0.004368240
0.000167676 0.004508248
0.000178677 0.004616253
0.000186676 0.004411241
0.000177010 0.004618253
0.000176343 0.004846600
0.000182677 0.004837265
0.000184677 0.004859933
0.000179010 0.004323904
0.000186677 0.004923270
0.000173009 0.004619253
0.000171676 0.004680923
0.000192678 0.004741594
0.000188343 0.004504580
0.000181010 0.005585306
0.000181010 0.005091613
0.000182676 0.004446910
0.000169676 0.004494580
0.000189344 0.004423243
0.000167343 0.004515248
0.000194011 0.004673590
0.000191344 0.004394574
0.000185344 0.004622254
0.000186677 0.004347572
0.000183010 0.005139281
0.000180010 0.004902603
0.000178010 0.004384241
0.000181676 0.004611252
0.000175010 0.004608586
0.000187344 0.004484580
0.000181677 0.004642590
0.000189677 0.004329250
0.000194012 0.005216301
0.000186678 0.005142963
0.000179343 0.004548262
0.000187677 0.004633267
0.000179344 0.004495259
0.000187011 0.004750607
0.000187011 0.004783276
0.000190344 0.004207909
0.000192678 0.004554929
0.000183678 0.004560596
0.000180010 0.004641268
0.000177677 0.004722939
0.000180010 0.004315582
0.000174677 0.004563263
0.000179011 0.004537595
0.000191344 0.004313249
0.000185677 0.004457256
0.000181010 0.004621933
0.000185344 0.004613599
0.000189678 0.005113628
0.000179010 0.004311915
0.000192678 0.004621600
0.000182010 0.004557262
0.000168676 0.004641934
0.000193011 0.004661935
0.000187345 0.004539262
0.000179011 0.004531928
0.000190678 0.004701605
0.000180677 0.004444256
0.000176677 0.004815278
0.000172010 0.004441589
0.000188011 0.004689937
0.000172343 0.004726273
0.000178010 0.004456923
0.000180010 0.016523619
0.000183344 0.004563263
0.000169009 0.005638325
0.000188344 0.009344871
0.000187344 0.009716560
0.000173010 0.008779839
0.000173343 0.008604829
0.000179344 0.008210807
0.000161342 0.008765838
0.000189344 0.008384483
0.000176676 0.008784172
0.000185677 0.008224807
0.000186010 0.008483155
0.000181344 0.008498490
0.000179344 0.009702559
0.000182677 0.008886845
0.000183010 0.008418485
0.000179677 0.008277810
0.000186011 0.008626498
0.000183344 0.008544493
0.000184010 0.008359482
0.000173010 0.008311146
0.000182344 0.008404485
0.000177010 0.004819278
0.000174677 0.004867947
0.000180011 0.004789610
0.000181678 0.004617933
0.000177677 0.004323583
0.000197011 0.004562596
0.000189678 0.004825612
0.000178010 0.004503259
0.000179010 0.004554262
0.000178344 0.004760608
0.000187344 0.004305248
0.000178343 0.004672936
0.000188011 0.004482591
0.000176676 0.004631266
0.000186677 0.004521594
0.000179343 0.004291580
0.000176010 0.005486650
0.000176677 0.004478258
0.000186011 0.004624600
0.000185344 0.004554263
0.000175344 0.004238578
0.000189345 0.004805277
0.000444025 0.005174965
0.000180344 0.004263912
0.000196678 0.004547928
0.000183011 0.004976287
0.000183678 0.004617600
0.000184343 0.004597264
0.000188677 0.004393920
0.000183010 0.004558596
0.000176344 0.004335250
0.000176010 0.004630601
0.000181343 0.004559596
0.000159342 0.004375252
0.000176677 0.004747941
0.000185344 0.004361252
0.000183677 0.004717938
0.000181677 0.004497926
0.000189678 0.004232577
0.000182344 0.004525261
0.000187010 0.004890281
0.000288017 0.004530595
0.000155009 0.004579597
0.000185677 0.004431922
0.000181677 0.004433922
0.000184344 0.005170965
0.000181677 0.004580264
0.000196345 0.004623267
0.000192344 0.004395586
0.000182010 0.004753940
0.000184344 0.004453923
0.000160676 0.004483259
0.000182010 0.004581930
0.000187345 0.004628600
0.000178344 0.004453924
0.000192678 0.004655935
0.000194678 0.004534261
0.000187677 0.004561263
0.000192344 0.004733606
0.000181677 0.004496259
0.000170343 0.004617932
0.000182344 0.007986793
0.000186344 0.004733606
0.000165676 0.004638601
0.000165342 0.004444589
0.000180678 0.004722273
0.000194678 0.004730272
0.000193011 0.004336917
0.000176344 0.004600599
0.000194678 0.004384252
0.000182011 0.004616266
0.000180010 0.004609599
0.000187011 0.004346251
0.000176676 0.004747606
0.000183011 0.004352584
0.000184677 0.004669935
0.000175343 0.004534928
0.000174677 0.004393253
0.000182344 0.004719605
0.000186011 0.004449256
0.000180010 0.004156573
0.000185344 0.004765942
0.000180677 0.004384586
0.000184344 0.004561263
0.000186678 0.004585265
0.000189011 0.004602265
0.000179677 0.005107961
0.000184677 0.004723606
0.000182344 0.004914950
0.000180344 0.004926951
0.000172343 0.004639267
0.000155676 0.004661269
0.000188678 0.004803944
0.000184011 0.004473591
0.000179011 0.004550596
0.000183011 0.005013956
0.000182677 0.004702605
0.000179344 0.004636601
0.000183010 0.004601265
0.000172343 0.004597931
0.000165009 0.004267579
0.000188678 0.004590932
0.000174677 0.004699938
0.000179011 0.004330250
0.000189344 0.004539928
0.000181677 0.004652602
0.000183677 0.004664602
0.000180344 0.004794276
0.000171343 0.004581597
0.000162343 0.004657922
0.000182677 0.004660257
0.000174009 0.004399909
0.000195677 0.004969942
0.000184677 0.004322905
0.000178010 0.004536918
0.000171009 0.004823600
0.000187010 0.004568919
0.000174009 0.004736928
0.000169009 0.004650590
0.000191343 0.004556251
0.000188343 0.004763596
0.000177344 0.004412244
0.000185677 0.004503248
0.000196678 0.004543918
0.000190010 0.004443579
0.000187677 0.004698593
0.000170010 0.004371909
0.000148342 0.004403577
0.000187010 0.004717927
0.000181010 0.004380242
0.000188011 0.004630923
0.000191011 0.004434245
0.000180010 0.004413577
0.000193010 0.004679592
0.000186677 0.004156563
0.000191344 0.005025945
0.000184344 0.004768264
0.000176677 0.004472914
0.000182344 0.004735595
0.000190010 0.004464580
0.000184677 0.004801932
0.000179677 0.004720928
0.000185344 0.004729595
0.000197011 0.005058280
0.000183344 0.004582587
0.000162343 0.005617644
0.000183343 0.004716261
0.000177676 0.004630255
0.000182344 0.004792932
0.000172676 0.004627922
0.000181343 0.004640256
0.000183343 0.004884270
0.000187344 0.004527583
0.000173676 0.004611921
0.000175343 0.004597254
0.000189677 0.004459246
0.000182677 0.004619922
0.003056502 0.004365574
0.000180344 0.004834934
0.000191677 0.004684926
0.000183343 0.004338240
0.000187344 0.004667925
0.000184010 0.004488581
0.000177009 0.005118282
0.000184677 0.004708593
0.000175676 0.004350240
0.000186011 0.004616922
0.000184010 0.004614921
0.000185677 0.004449246
0.000185010 0.004529250
0.000189344 0.004416244
0.000190011 0.004849935
0.000180343 0.004727928
0.000176009 0.004294570
0.000186011 0.004475914
0.000180676 0.004400243
0.000179343 0.004691926
0.000187010 0.004861935
0.000187677 0.004469247
0.000183677 0.004884937
0.000172343 0.004638589
0.000174009 0.004483581
0.000188344 0.004825934
0.000183010 0.004370908
0.000181010 0.004674925
0.000173010 0.004551252
0.000177010 0.004562919
0.000175010 0.004762597
0.000175010 0.004415244
0.000184677 0.004680925
0.000184677 0.004669591
0.000192011 0.004599588
0.000193677 0.004721927
0.000181010 0.004723927
0.000184343 0.004647590
0.000176676 0.004881936
0.000184677 0.004472580
0.000181677 0.004617589
0.000180343 0.004830267
0.000179010 0.004447912
0.000184344 0.004415577
0.000172009 0.004379242
0.000190678 0.004785265
0.000175010 0.004995943
0.000178010 0.004344240
0.000183343 0.004764597
0.000184676 0.004632922
0.000167343 0.004266236
0.000183343 0.004547584
0.000189011 0.004481581
0.000186677 0.004599921
0.000183011 0.004557252
0.000174676 0.004845934
0.000179676 0.004495248
0.000181677 0.004262903
0.000192344 0.004545584
0.000180343 0.004500915
0.000182011 0.004329906
0.000189343 0.004765596
0.000178010 0.004613255
0.000179009 0.004513249
0.000184010 0.005135950
0.000192677 0.004348907
0.000193344 0.004479914
0.000177343 0.004607921
0.000179343 0.004361908
0.000190344 0.004767930
0.000188678 0.004576587
0.000181343 0.004691592
0.000179010 0.004711260
0.000175343 0.004288570
0.000175677 0.004494249
0.000175343 0.004305904
0.000182010 0.004644590
0.000186010 0.004484248
0.000180677 0.004323239
0.000192011 0.004752929
0.000186343 0.004487581
0.000176676 0.004719261
0.000182010 0.005016944
0.000175343 0.004657590
0.001898105 0.004639256
0.000178010 0.004631256
0.000171343 0.004707594
0.000193344 0.004630255
0.000177677 0.004442579
0.000187677 0.004722260
0.000185343 0.004568252
0.000174676 0.004727595
0.000184677 0.004614255
0.000181676 0.004509249
0.000181344 0.004299905
0.000178010 0.004861602
0.000188344 0.004354908
0.000181344 0.004547585
0.000179677 0.004363241
0.000182677 0.004343573
0.000187344 0.004583920
0.000176677 0.004510916
0.000183343 0.004548584
0.000189344 0.004532584
0.000181344 0.004590587
0.000188344 0.004631589
0.000177676 0.004760596
0.000185677 0.004522917
0.000191677 0.004808932
0.000175009 0.004503915
0.000180677 0.004551918
0.000184343 0.004745929
0.000189010 0.004497582
0.000175009 0.004773263
0.000178677 0.004607255
0.000185010 0.004695926
0.000185677 0.004585586
0.000180010 0.004427578
0.000182343 0.004642256
0.000193011 0.004507582
0.000189677 0.004286570
0.000180677 0.004585920
0.000191677 0.004558252
0.000170009 0.004674925
0.000185677 0.004503582
0.000186343 0.004490248
0.000187010 0.004674925
0.000183344 0.004685593
0.000176009 0.004801598
0.000182343 0.004766263
0.000186011 0.004328906
0.000177343 0.004630589
0.000180343 0.004705260
0.000190011 0.004350238
0.000176676 0.004467908
0.000178343 0.004609917
0.000184676 0.004604916
0.000180343 0.004544246
0.000175010 0.004385238
0.000195011 0.004481909
0.000178676 0.004557247
0.000179343 0.004597249
0.000176677 0.004642918
0.000180343 0.004491910
0.000297683 0.004869930
0.000177342 0.004424572
0.000179010 0.004781593
0.000182343 0.004661919
0.000182676 0.004348235
0.000179343 0.004674586
0.000177010 0.004612250
0.000186010 0.004319901
0.000181676 0.004536912
0.000170010 0.004426240
0.000184010 0.004487243
0.000188677 0.004738590
0.000178010 0.004326567
0.000177676 0.004649251
0.000185010 0.004383238
0.000181010 0.004815261
0.000186010 0.004576914
0.000181343 0.004516911
0.000365686 0.004931934
0.000175677 0.004626918
0.000171676 0.004305233
0.000179676 0.004571914
0.000189010 0.004493910
0.000183010 0.004697254
0.000190677 0.004582915
0.000181677 0.004258231
0.000186010 0.004611583
0.000183010 0.004517911
0.000183676 0.005168279
0.000176342 0.004718922
0.000179010 0.005647972
0.000180343 0.004778925
0.000185010 0.005090609
0.000179010 0.004446574
0.000188011 0.004733923
0.000192344 0.004393238
0.000184344 0.004549913
0.000190677 0.004594249
0.000184677 0.004566581
0.000189010 0.004675586
0.000178009 0.004281231
0.000179010 0.004698921
