0.000191676 0.007222694
0.000683034 0.006887011
0.000175009 0.006251312
0.000178009 0.006409320
0.000178675 0.006736336
0.000176675 0.006310315
0.000172342 0.006784339
0.000187342 0.006355983
0.000180343 0.006655666
0.000170675 0.008919778
0.000159674 0.006386318
0.000184343 0.006552327
0.000171342 0.006819673
0.000185676 0.006442654
0.000181676 0.007091687
0.000846376 0.007508042
0.000187676 0.012575294
0.002480123 0.007405036
0.002606797 0.006419654
0.000441689 0.010889543
0.000360685 0.002615797
0.004661566 0.004697568
0.000190009 0.002640131
0.000167342 0.002622798
0.000188343 0.002679134
0.000179009 0.002718469
0.000174342 0.002521792
0.000176009 0.002696468
0.000183676 0.002547127
0.000170341 0.002522125
0.000177009 0.002924813
0.000183343 0.003127823
0.000190009 0.002418787
0.000179009 0.002526126
0.000156008 0.002786806
0.000170675 0.002633131
0.000180009 0.002426787
0.000185009 0.002656132
0.002485457 0.005150924
0.000442689 0.002705802
0.000164009 0.002515793
0.000179676 0.002714803
0.000182009 0.002744804
0.000174342 0.002518125
0.000177342 0.002663133
0.000175675 0.002405120
0.000174675 0.002687467
0.000171009 0.003057486
0.000173675 0.003212493
0.000178342 0.003117822
0.000316016 0.002517793
0.000268347 0.002745804
0.000182009 0.002338450
0.000172342 0.002121440
0.000176342 0.002200110
0.000176009 0.002500792
0.000183676 0.002162108
0.000180342 0.002361451
0.000180675 0.002252112
0.000181342 0.002374118
0.000186676 0.002501458
0.000178342 0.002119772
0.000175675 0.002071103
0.000172342 0.002120439
0.000182343 0.002252112
0.000178675 0.002261446
0.000402020 0.002501792
0.000183676 0.002355118
0.000174676 0.002301782
0.000178676 0.002126106
0.000174009 0.002092771
0.000178676 0.002046769
0.000173342 0.002307115
0.000413020 0.002523459
0.000174342 0.002243112
0.000173676 0.002399120
0.000179010 0.002212790
0.000191343 0.002336456
0.000181343 0.002037442
0.000144008 0.002031442
0.000425689 0.002611139
0.000182676 0.002304789
0.000178343 0.002737479
0.000176342 0.002510467
0.000186676 0.002592471
0.000171343 0.002741813
0.000184343 0.002623473
0.000173009 0.003277174
0.000184010 0.002585137
0.000191011 0.002691810
0.000166675 0.002898487
0.000180343 0.002570137
0.000171676 0.002550803
0.000184676 0.002671475
0.000181677 0.003180169
0.000195677 0.002625140
0.000179010 0.002726812
0.000184343 0.002700144
0.000188343 0.002826150
0.000180676 0.002608805
0.000177010 0.002467465
0.004923262 0.004955931
0.003607525 0.003635527
0.000187010 0.002697143
0.000177677 0.002564137
0.000177343 0.012124312
0.000179342 0.002382460
0.000177343 0.002980492
0.000174009 0.002581804
0.000174342 0.002660808
0.000166676 0.002984159
0.000182010 0.003095498
0.000178676 0.002728145
0.000170009 0.002521134
0.000193677 0.002634807
0.000179343 0.002858485
0.000184010 0.002578471
0.000190343 0.002583470
0.000190677 0.002494133
0.000179676 0.002425795
0.000181010 0.002979825
0.000178009 0.002769814
0.000181343 0.002692143
0.000185010 0.002521801
0.000181010 0.002875486
0.000265014 0.002578804
0.000178343 0.003132833
0.000179009 0.002784814
0.000193010 0.002779481
0.000171676 0.002572470
0.000187343 0.002723478
0.000183343 0.002681142
0.000160675 0.002847818
0.000169676 0.002557136
0.000175342 0.002444796
0.000180010 0.002656475
0.000181343 0.002758813
0.000180009 0.002803482
0.000181343 0.002700477
0.000179676 0.002480799
0.000178343 0.002693810
0.000181343 0.003032828
0.000186009 0.002675475
0.000171343 0.002600805
0.000181343 0.002617472
0.000171009 0.002769480
0.000172342 0.002798815
0.000180009 0.002654808
0.000186010 0.002627820
0.000187344 0.002631484
0.000189344 0.002897829
0.000173677 0.002506142
0.000183344 0.002524142
0.000178343 0.002559144
0.000168343 0.002746488
0.000178676 0.002611147
0.000175010 0.002695152
0.000171343 0.002467139
0.000181344 0.002700486
0.000178676 0.002539143
0.000190678 0.002833160
0.000191677 0.002595479
0.000172343 0.002983835
0.000181010 0.002609814
0.000179010 0.002517475
0.000173343 0.002573478
0.000179010 0.002741821
0.000179677 0.002879163
0.000173009 0.002688484
0.000181344 0.002740822
0.000178677 0.002525142
0.000176676 0.002880829
0.000182677 0.002691819
0.000176676 0.002613147
0.000187678 0.002440471
0.000176677 0.002923165
0.000170010 0.002585812
0.000186011 0.002664484
0.000170343 0.002497474
0.000180343 0.002825492
0.000179344 0.002641483
0.000173010 0.002506808
0.000182010 0.002486807
0.000177677 0.002605814
0.000185344 0.002726154
0.000187011 0.002636815
0.000179343 0.002625815
0.000161342 0.002492473
0.000171010 0.002971834
0.000168343 0.002482807
0.000179344 0.002761823
0.000185678 0.002678818
0.000179010 0.002953500
0.000175344 0.002400802
0.000187344 0.002494141
0.000178676 0.003105175
0.000182343 0.002753822
0.000175343 0.002872495
0.000167676 0.002654482
0.000182010 0.002642149
0.000185677 0.002694485
0.000167343 0.002901163
0.000184677 0.002718153
0.000182344 0.002468472
0.000181677 0.002560477
0.000172343 0.002770156
0.000174343 0.002488807
0.000182677 0.002468472
0.000177009 0.002644149
0.000161343 0.002910498
0.000192344 0.002593480
0.000176677 0.002548144
0.000186344 0.002666150
0.000181344 0.002525809
0.000184344 0.002678818
0.000177010 0.002549477
0.000177676 0.002471472
0.000169676 0.004313243
0.000174677 0.003740211
0.000176343 0.002639482
0.000167343 0.002802491
0.000230346 0.002472473
0.000180677 0.002721821
0.000175010 0.002586146
0.000188344 0.002648816
0.000180010 0.002487807
0.000183344 0.002539143
0.000180677 0.002812825
0.000177343 0.002494807
0.000179010 0.002982168
0.000175010 0.002825826
0.000183677 0.002775823
0.000182010 0.002798491
0.000176010 0.002548477
0.000180010 0.002612814
0.000185678 0.002919498
0.000184010 0.002485806
0.000177677 0.002719820
0.000187678 0.002615814
0.000178677 0.002736821
0.000178010 0.002453471
0.000179010 0.002692152
0.000167010 0.002482140
0.000178677 0.002739488
0.000192011 0.002866495
0.000174676 0.002635481
0.000164676 0.002484140
0.000187678 0.003009503
0.000188010 0.002866161
0.000176677 0.002912498
0.000181344 0.002723487
0.000186344 0.002711153
0.000185344 0.002988835
0.000180677 0.002752155
0.000176010 0.002626148
0.000181011 0.002495808
0.000175010 0.002623148
0.000175344 0.002688819
0.000166343 0.002443471
0.000178677 0.002619148
0.000178677 0.002692819
0.000186677 0.002739154
0.000171676 0.002693152
0.000184011 0.002419470
0.000172676 0.002663483
0.000175010 0.002811492
0.000176343 0.002451804
0.000169677 0.002574145
0.000172676 0.002520142
0.000183011 0.002990169
0.000184677 0.002753155
0.000174344 0.002623482
0.000186344 0.002463139
0.000176677 0.002457472
0.000179677 0.002817492
0.000164343 0.002716154
0.000174677 0.002688152
0.000174676 0.002594146
0.000177343 0.003011170
0.000178343 0.002702819
0.000181343 0.002777156
0.000183677 0.002576145
0.000180343 0.002821492
0.000187344 0.002493140
0.000178677 0.002587480
0.000189011 0.002752489
0.000175010 0.002675151
0.000175343 0.002778490
0.000173010 0.002450805
0.000178343 0.002567144
0.000184010 0.002812158
0.000167343 0.002874495
0.000182344 0.002505475
0.000191011 0.002594147
0.000179010 0.002635815
0.000178676 0.002677150
0.000182677 0.002570811
0.000166675 0.002518127
0.000175343 0.002773815
0.000181343 0.002959825
0.000174343 0.002747147
0.000187010 0.002660808
0.000182343 0.002712145
0.000180009 0.002679809
0.000180010 0.002860486
0.000179676 0.002601805
0.000183010 0.002522468
0.000174676 0.002392794
0.000173343 0.002972492
0.000173009 0.002573137
0.000167675 0.002627473
0.000326351 0.002719812
0.000178342 0.002949490
0.000175343 0.002658475
0.000186010 0.002678143
0.000199011 0.002578471
0.000180009 0.002438796
0.000180343 0.002783815
0.000181343 0.002462798
0.000160342 0.002455797
0.000170675 0.002554469
0.000180010 0.002819150
0.000180343 0.002407462
0.000185676 0.002654475
0.000182010 0.002736146
0.000189010 0.002881821
0.000173342 0.002665809
0.000181676 0.004961931
0.000177676 0.002745813
0.000184343 0.002964825
0.000175009 0.002686810
0.000184676 0.002611472
0.000193677 0.002609139
0.000180676 0.002587138
0.000181010 0.002960825
0.000177009 0.002804816
0.000205344 0.002635140
0.000182676 0.002924489
0.000191010 0.003474852
0.000174009 0.002787482
0.000175676 0.002574471
0.000172342 0.002554803
0.000180343 0.002926823
0.000181010 0.002582805
0.000174676 0.002575137
0.000191344 0.003636194
0.000175676 0.002509134
0.000185676 0.002990493
0.000171009 0.002907489
0.000181676 0.002625140
0.000176343 0.002614140
0.000182343 0.002919156
0.000171342 0.002670809
0.000175676 0.002757481
0.000180010 0.002700144
0.000175009 0.002905821
0.000183343 0.002625806
0.000186010 0.002725479
0.000373686 0.002862819
0.000169676 0.002915156
0.000177009 0.002868820
0.000182343 0.002478132
0.000185676 0.002459464
0.000178010 0.002672143
0.000176343 0.003111166
0.000183010 0.002523802
0.000176676 0.002500133
0.000178009 0.002530135
0.000319687 0.003160539
0.000175343 0.002748162
0.000294351 0.002716164
0.000184677 0.002502150
0.000183011 0.002949843
0.000194679 0.002561821
0.000177011 0.002481816
0.000170677 0.002716829
0.000184344 0.002741498
0.000188678 0.002725830
0.000180677 0.002491816
0.000173011 0.002834837
0.000178011 0.002703163
0.000185011 0.002998513
0.000183678 0.002415812
0.000181011 0.002537819
0.000184345 0.002603156
0.000175011 0.002870506
0.000188011 0.002729164
0.000179344 0.002637825
0.000181011 0.002572487
0.000175343 0.003080851
0.000177344 0.002574821
0.000178010 0.002802501
0.000181344 0.002563487
0.000177344 0.002478815
0.000180677 0.002800168
0.000179344 0.002620490
0.000183011 0.002565487
0.000179677 0.002586488
0.000194012 0.002757499
0.000179010 0.002653825
0.000174010 0.002710162
0.000185677 0.002742831
0.000186344 0.002760832
0.000176344 0.002604823
0.000184011 0.002484483
0.000180011 0.002641492
0.000182011 0.002598822
0.000166677 0.002758499
0.000176011 0.002510817
0.000173010 0.002552486
0.000176677 0.003243194
0.000174678 0.002711496
0.000189012 0.002800835
0.000176677 0.002574154
0.000190012 0.002564487
0.000192679 0.003134522
0.000181344 0.002687828
0.000186011 0.002628157
0.000180011 0.002592155
0.000174677 0.002928843
0.000174010 0.002657159
0.000167343 0.002766832
0.000182344 0.002699828
0.000176678 0.002545820
0.000189678 0.003003847
0.000182678 0.002763500
0.000175677 0.002654493
0.000174011 0.002841504
0.000188345 0.002952844
0.000176343 0.002588822
0.000178344 0.002667827
0.000179678 0.002495483
0.000186344 0.002981845
0.000174344 0.002535485
0.000177344 0.002664494
0.000176343 0.002533152
0.000182344 0.004258256
0.000180678 0.003034182
0.000172011 0.002564154
0.000175677 0.002456147
0.000181011 0.002577155
0.000181010 0.002808835
0.000176011 0.002540153
0.000171010 0.002686494
0.000190345 0.002670493
0.000187344 0.003104852
0.000178344 0.002720164
0.000171010 0.002709163
0.000181344 0.002510150
0.000181678 0.002943844
0.000181011 0.002516151
0.000169676 0.002369142
0.000179677 0.002660493
0.000182678 0.002516484
0.000171010 0.002900174
0.000186011 0.002701495
0.000183678 0.002518818
0.000186345 0.002610157
0.000187011 0.002884173
0.000176010 0.002751832
0.000189012 0.002384477
0.000182011 0.002608490
0.000181678 0.002821170
0.000190678 0.002708162
0.000180010 0.002603156
0.000187678 0.002711162
0.000177344 0.002814169
0.000189344 0.002945176
0.000189679 0.002971512
0.000181678 0.002545153
0.000174011 0.002596823
0.000181344 0.002764833
0.000177011 0.002679828
0.000172677 0.002528485
0.000183678 0.002598156
0.000181344 0.002945843
0.000187344 0.002556153
0.000174010 0.002504483
0.000288018 0.002517485
0.000174010 0.002795834
0.000173011 0.002742165
0.000180344 0.002529818
0.000168343 0.002567487
0.000174343 0.002620490
0.000171010 0.002685161
0.000190011 0.002487482
0.000189344 0.002574487
0.000186012 0.002554154
0.000331687 0.002834837
0.000197012 0.002820836
0.000175677 0.002734164
0.000182344 0.002486149
0.000181344 0.002859838
0.000179677 0.002579821
0.000174344 0.002420812
0.000187678 0.002602156
0.000184344 0.002607823
0.000182009 0.002744800
0.000175343 0.002623142
0.000187010 0.002685476
0.000174010 0.002596471
0.000177010 0.002814484
0.000167008 0.002444130
0.000180676 0.002631474
0.000184677 0.002721812
0.000172676 0.002870153
0.000181010 0.002742813
0.000177009 0.002616139
0.000185676 0.002563470
0.000452358 0.002734146
0.000194010 0.002438463
0.000181343 0.002568470
0.000187677 0.002755481
0.000182677 0.002566137
0.000185676 0.002874486
0.000175010 0.002705811
0.000172676 0.002571137
0.000174676 0.002748147
0.000190010 0.002782482
0.000176010 0.002408462
0.000183343 0.003582858
0.000176676 0.002679477
0.000185343 0.002710811
0.000178343 0.002683810
0.000175342 0.002750813
0.000179677 0.002701144
0.000179009 0.002810150
0.000167343 0.002863153
0.000183344 0.002490467
0.000175009 0.002546802
0.000169676 0.002481466
0.000185344 0.002814817
0.000181343 0.002522801
0.000186343 0.002680476
0.000177009 0.002810483
0.000174343 0.003100165
0.000185677 0.002611473
0.000186343 0.007698077
0.000179676 0.006678689
0.000182010 0.006769028
0.000191010 0.006666689
0.000181009 0.006781695
0.000185010 0.006446344
0.000180010 0.010297883
0.000172342 0.007364392
0.000185677 0.006534682
0.000173009 0.006581684
0.000176010 0.006476346
0.000183343 0.007549736
0.000176676 0.006520347
0.000184677 0.006477346
0.000182676 0.007155381
0.000177343 0.006877034
0.000187677 0.006463011
0.000184010 0.006859366
0.000171676 0.006348672
0.000171343 0.006452345
0.000184010 0.003050496
0.000181343 0.002621473
0.000176676 0.002556136
0.000176343 0.002666809
0.000460358 0.003073164
0.000177343 0.002431463
0.000178342 0.002699144
0.000188344 0.002660809
0.000171009 0.002684476
0.000181009 0.002677476
0.000161675 0.002652808
0.000179343 0.002654141
0.000187010 0.003085164
0.000194011 0.002591805
0.000175009 0.002496133
0.000183010 0.002592805
0.000178010 0.002685810
0.000178342 0.002963824
0.000174676 0.002646141
0.000177676 0.002519801
0.000179677 0.002693485
0.000185677 0.003000501
0.000190011 0.002507807
0.000175010 0.002623480
0.000171343 0.002659482
0.000479360 0.002741820
0.000169343 0.002743487
0.000181344 0.002624481
0.000172010 0.002567478
0.000179677 0.002430470
0.000175343 0.002945499
0.000173343 0.002773822
0.000181011 0.002608147
0.000173676 0.002443137
0.000183343 0.002993167
0.000177010 0.002639815
0.000174676 0.002513807
0.000428690 0.002885828
0.000179344 0.003008169
0.000188343 0.002567810
0.000178010 0.002473138
0.000184677 0.002562144
0.000177343 0.002818825
0.000185011 0.002690151
0.000184343 0.002394801
0.000180010 0.002811824
0.000180010 0.002574144
0.000161009 0.002962499
0.000177677 0.002771156
0.000176010 0.002601146
0.000181344 0.002644149
0.000185010 0.003079839
0.000190344 0.002571477
0.000179677 0.002744821
0.000174676 0.002464471
0.000187677 0.002784823
0.000174676 0.002643148
0.000180677 0.002387134
0.000161342 0.002568811
0.000167342 0.002869161
0.000170677 0.002831492
0.000185678 0.002615814
0.000183010 0.002398801
0.000183010 0.002612813
0.000177010 0.002901163
0.000185677 0.002737486
0.000188677 0.002809157
0.000180677 0.002658149
0.000182011 0.003128842
0.000188010 0.002585811
0.000180677 0.002640482
0.000184344 0.002566144
0.000185677 0.002880495
0.000186344 0.002666816
0.000143008 0.002394134
0.000177677 0.002662149
0.000188678 0.002686151
0.000178677 0.002787156
0.000187677 0.002772156
0.000182344 0.002590145
0.000189010 0.002666483
0.000188011 0.002876828
0.000180677 0.002672817
0.000183344 0.002783823
0.000175343 0.002444470
0.000180010 0.002809490
0.000391355 0.002811824
0.000181010 0.002793823
0.000189677 0.002739153
0.000187677 0.002666816
0.000187677 0.002958166
0.000175010 0.002701152
0.000176343 0.002672817
0.000178677 0.002589145
0.000173676 0.002786156
0.000183010 0.002551143
0.000174343 0.002746821
0.000171009 0.002509807
0.000173010 0.003359521
0.000170343 0.002967833
0.000169676 0.002880495
0.000188344 0.002863160
0.000183010 0.003112174
0.000190344 0.002658816
0.000174344 0.002621814
0.000181010 0.002722819
0.000177677 0.002780489
0.000178676 0.002882828
0.000189344 0.002566810
0.000174677 0.002599146
0.000174010 0.002630148
0.000174677 0.002882495
0.000166343 0.002590478
0.000176677 0.002735487
0.000287016 0.002920497
0.000175343 0.003066505
0.000178344 0.002819158
0.000185010 0.002879828
0.000172009 0.002590478
0.000168009 0.003003168
0.000188010 0.002621813
0.000175009 0.002621147
0.000183010 0.002628147
0.000173343 0.002536809
0.000177343 0.003109174
0.000166676 0.002518808
0.000179343 0.002847159
0.000182677 0.002698152
0.000185677 0.003222180
0.000185011 0.002573145
0.000172010 0.002717486
0.000177677 0.002474805
0.000189677 0.002784489
0.000178676 0.002495806
0.000169676 0.002593812
0.000183010 0.002636481
0.000171010 0.002419136
0.000172343 0.002871161
0.000177343 0.002652149
0.000169010 0.002390801
0.000179343 0.002845493
0.000179010 0.002918830
0.000183344 0.002448471
0.000180677 0.002592479
0.000180677 0.002488473
0.000165010 0.002853160
0.000183344 0.002456138
0.000172676 0.002425469
0.000183344 0.002619480
0.000183677 0.003067505
0.000175343 0.002824825
0.000183344 0.002466805
0.000177676 0.002648148
0.000178010 0.002446470
0.000183010 0.002827491
0.000181677 0.002594812
0.000167009 0.002572477
0.000175343 0.002398135
0.000185011 0.002734153
0.000174676 0.002573144
0.000176677 0.002743154
0.000184010 0.002525808
0.000186343 0.002839492
0.000186010 0.002675150
0.000181677 0.002535142
0.000171009 0.002648815
0.000191344 0.002627147
0.000163342 0.002809491
0.000173343 0.002648815
0.000172009 0.002420135
0.000177010 0.002557476
0.000183677 0.002771822
0.000181343 0.002510474
0.000188678 0.002556144
0.000186343 0.002531142
0.000181010 0.002900830
0.000182343 0.002599479
0.000185344 0.002599146
0.000178010 0.002640148
0.000178343 0.002834825
0.000177010 0.002607146
0.000175343 0.002636481
0.000180343 0.002546476
0.000176010 0.002662816
0.000185677 0.003010169
0.000177344 0.002632481
0.000180676 0.002478805
0.000177343 0.002434470
0.000184010 0.002838826
0.000173343 0.002935165
0.000166676 0.002589145
0.000188010 0.002848492
0.000177344 0.002773156
0.000181011 0.002901496
0.000189677 0.002654482
0.000183010 0.002476139
0.000181344 0.003740876
0.000183010 0.002968833
0.000178010 0.002562143
0.000180677 0.002598479
0.000173676 0.002473472
0.000175010 0.002717485
0.000164343 0.002634481
0.000183677 0.002652148
0.000193010 0.002471805
0.000188344 0.002849493
0.000179010 0.002665149
0.000173344 0.002658149
0.000182677 0.003023169
0.000183343 0.003179845
0.000164009 0.002699151
0.000177676 0.002640481
0.000179677 0.002583811
0.000184677 0.002689817
0.000170677 0.003342854
0.000309684 0.002633815
0.000183677 0.002699485
0.000176010 0.002696482
0.000179677 0.002728145
0.000186677 0.002431466
0.000187677 0.002615474
0.000174342 0.002438132
0.000178009 0.002772150
0.000179343 0.002547805
0.000177009 0.002551804
0.000168009 0.002646143
0.000179676 0.002704813
0.000178343 0.002709480
0.000182343 0.002667144
0.000182677 0.002696813
0.000178010 0.002692813
0.000184677 0.002965161
0.000175676 0.002547804
0.000190677 0.002452800
0.000172009 0.002377461
0.000169676 0.002948492
0.000401355 0.002964494
0.000184010 0.002521137
0.000180010 0.002426133
0.000188010 0.003065501
0.000180343 0.002578808
0.000178676 0.002488136
0.000176343 0.002498137
0.000173676 0.002627477
0.000181010 0.002609143
0.000179676 0.002432133
0.000183010 0.002730483
0.000178676 0.002417799
0.000161343 0.002839156
0.000182677 0.002944495
0.000180343 0.002446467
0.000187344 0.002610810
0.000179009 0.003057834
0.000180009 0.002628144
0.000178010 0.002615144
0.000180344 0.002599476
0.000182010 0.002557474
0.000183676 0.002717148
0.000180010 0.002807488
0.000182010 0.002870490
0.000174009 0.002671479
0.000195678 0.003008499
0.000180677 0.002580141
0.000185677 0.002704481
0.000178010 0.002501804
0.000181677 0.002860157
0.000188011 0.002726816
0.000185010 0.002539472
0.000174343 0.002449135
0.000168676 0.002726816
0.000189677 0.002587142
0.000186343 0.002724149
0.000191344 0.002650145
0.000185343 0.002475469
0.000179343 0.002796153
0.000185677 0.002562807
0.000179344 0.002692148
0.000182010 0.002606476
0.000183010 0.002614144
0.000171676 0.002608810
0.000169009 0.002688814
0.000184344 0.002553807
0.000181677 0.002705482
0.000180010 0.002528139
0.000191344 0.003011498
0.000180343 0.002629811
0.000189011 0.002756818
0.000181343 0.002810153
0.000173343 0.002512471
0.000187677 0.002538805
0.000177677 0.002641478
0.000178343 0.002947495
0.000182343 0.002873491
0.000176343 0.002635811
0.000182010 0.002670813
0.000184677 0.002857823
0.000178677 0.002713816
0.000187344 0.002520472
0.000166675 0.002470135
0.000172343 0.002754151
0.000178676 0.002659479
0.000178677 0.002798487
0.000166676 0.002706815
0.000175010 0.002497470
0.000191344 0.002846156
0.000182343 0.003451189
0.000169343 0.002526805
0.000178010 0.006461687
0.000175676 0.003301848
0.000188677 0.003045500
0.000186344 0.002839156
0.000177343 0.002523471
0.000178677 0.002824488
0.000194010 0.002647145
0.000164009 0.002507804
0.000184010 0.002634478
0.000171010 0.002457468
0.000172009 0.002781152
0.000428691 0.002892492
0.000177343 0.002742483
0.000175677 0.002689481
0.000187010 0.003147506
0.000175677 0.002501471
0.000184677 0.002526805
0.000177343 0.002659479
0.000178010 0.002980163
0.000178010 0.002714149
0.000177010 0.002550140
0.000176677 0.002584475
0.000181676 0.003129171
0.000166675 0.002481136
0.000179008 0.007874001
0.000191341 0.006528611
0.000171340 0.006525944
0.000181341 0.006968629
0.000187675 0.009969091
0.000537690 0.009257394
0.002497106 0.007223307
0.000177674 0.006939629
0.000186341 0.006909294
0.000179341 0.007075301
0.000168674 0.006401939
0.000180007 0.016159687
0.002290430 0.006880625
0.000807368 0.010059428
0.003615821 0.007472985
0.002661447 0.010568449
0.000317013 0.006898296
0.000182010 0.006679696
0.000177342 0.006328658
0.000186343 0.006425335
0.000178342 0.003052824
0.000171342 0.002462127
0.000185677 0.002883816
0.000181342 0.002461127
0.000171342 0.002931485
0.000179342 0.002597134
0.000185343 0.002461794
0.000173675 0.002985821
0.000177676 0.003649522
0.000168342 0.010330868
0.000186009 0.003840532
0.000180343 0.002492462
0.000181343 0.002420459
0.000177676 0.002592468
0.000176676 0.001989770
0.000177676 0.002351455
0.000176009 0.002296785
0.000187010 0.002261117
0.000175009 0.002155778
0.000183676 0.002160779
0.000175676 0.002337455
0.000181676 0.002171445
0.000178343 0.002168446
0.000181676 0.002231782
0.000181343 0.002121777
0.000172009 0.002260783
0.000183010 0.002440127
0.000181010 0.002493796
0.000192010 0.002317120
0.000177676 0.002101775
0.000178009 0.002920818
0.000173009 0.002533464
0.000177010 0.002648138
0.000181009 0.002557799
0.000182343 0.002843814
0.000173342 0.002662804
0.000286681 0.002690472
0.000185677 0.002453461
0.000175009 0.002986821
0.000185676 0.002785811
0.000188343 0.002613469
0.000190344 0.002669472
0.000173342 0.002585134
0.000177009 0.002779810
0.000180676 0.002516130
0.000182009 0.002543132
0.000178675 0.002683472
0.000189010 0.003123828
0.000178676 0.002619136
0.000183343 0.002873482
0.000176342 0.002519797
0.000175676 0.002845147
0.000182676 0.002610135
0.000184343 0.002645137
0.000194010 0.002682472
0.000190676 0.002483462
0.000176009 0.003014156
0.000180009 0.002772143
0.000265014 0.002881816
0.000176676 0.002505130
0.000176009 0.002845814
0.000181009 0.006371663
0.000182676 0.002717807
0.000181009 0.002708806
0.000182676 0.002819146
0.000183676 0.002765477
0.000180009 0.002412125
0.000176676 0.002660137
0.000185010 0.003078826
0.000178010 0.002622803
0.000175343 0.002530798
0.000166676 0.002485796
0.000178676 0.003015822
0.000371019 0.003704859
0.000187343 0.002727141
0.000173675 0.002625802
0.000182676 0.002462794
0.000187676 0.002932485
0.000180010 0.002656138
0.000176343 0.002608469
0.000174676 0.002707140
0.000178342 0.003073159
0.000187676 0.002621802
0.000189343 0.002517131
0.000176676 0.002619136
0.000175343 0.002563133
0.000176676 0.002945153
0.000177010 0.002825480
0.000181676 0.002693806
0.000176009 0.002580133
0.000173676 0.002898817
