0.000191677 0.008651788
0.000182010 0.008214099
0.000179676 0.008167762
0.000177676 0.008097426
0.000178343 0.008004421
0.000179676 0.008021421
0.000847045 0.008236766
0.000176675 0.011344929
0.000206678 0.008039090
0.000178677 0.008229100
0.000185010 0.008038089
0.000184010 0.014081740
0.000179676 0.007956752
0.000191344 0.011652946
0.001485745 0.009109145
0.001424075 0.008870466
0.004302560 0.008588785
0.003801866 0.008170763
0.002981490 0.008147428
0.000181676 0.008162762
0.000178676 0.004348229
0.000191010 0.004096548
0.000445357 0.004666578
0.000177676 0.004280558
0.000176676 0.004298225
0.000185677 0.004534905
0.000183343 0.004139218
0.000184010 0.005274277
0.000185676 0.008504446
0.000176009 0.003791533
0.000183010 0.003713195
0.000179010 0.003546853
0.000177009 0.003617856
0.000176009 0.003510518
0.000172676 0.003384845
0.000178009 0.003658192
0.000192010 0.003663859
0.000174342 0.003779198
0.000179343 0.003610857
0.000182676 0.003426514
0.000164342 0.003431181
0.000172342 0.003540186
0.000175676 0.003662526
0.000175009 0.003441181
0.000387020 0.003468849
0.000197011 0.003622524
0.000183010 0.003340842
0.000184010 0.003488850
0.000182343 0.003480183
0.000188343 0.003596189
0.000177343 0.003610190
0.000193343 0.003626524
0.000187676 0.003543853
0.000185343 0.003390512
0.000174343 0.003451515
0.000179343 0.003719196
0.000189010 0.003708861
0.000191011 0.004522571
0.000177676 0.004466901
0.000186010 0.004263224
0.000186343 0.004307560
0.000172343 0.004274558
0.000179676 0.004588574
0.000175676 0.004009544
0.000168009 0.004283225
0.000189676 0.004108882
0.000171009 0.004038212
0.000185676 0.004247223
0.000185676 0.004244556
0.000186344 0.004279225
0.000177676 0.004024544
0.000176676 0.004451234
0.000179343 0.004019545
0.000178010 0.004388898
0.000183009 0.004333227
0.000177342 0.004193887
0.000342018 0.004704248
0.000179343 0.004128551
0.000184343 0.004458567
0.000182677 0.004021212
0.000182343 0.004290559
0.000180009 0.004140551
0.000187009 0.004248556
0.000180343 0.004061547
0.000175009 0.004217888
0.000179009 0.004205554
0.000185677 0.004059213
0.000182009 0.004418899
0.000187677 0.004021878
0.000182676 0.004319893
0.000187343 0.004313227
0.000186676 0.004336228
0.000180676 0.004075881
0.000174009 0.004272224
0.000182010 0.004493570
0.000171675 0.004362562
0.000184343 0.004327561
0.000178009 0.004108216
0.000179676 0.004377897
0.000175009 0.004083548
0.000176009 0.004415565
0.000188343 0.004116216
0.000181009 0.004725248
0.000188010 0.004683246
0.000186677 0.004626243
0.000186010 0.004646911
0.000176343 0.004078214
0.000186343 0.004243223
0.000187677 0.004068547
0.000269348 0.004574574
0.000177676 0.004073547
0.000171675 0.004085548
0.000177342 0.004215888
0.000171676 0.004218222
0.000181676 0.004365896
0.000188344 0.004037546
0.000187010 0.004445567
0.000183343 0.004121550
0.000177343 0.004280892
0.000187676 0.004358229
0.000181343 0.004324894
0.000174676 0.004259891
0.000181676 0.004381897
0.000182676 0.004086215
0.000174009 0.004569574
0.000181010 0.004758250
0.000174675 0.004114216
0.000152008 0.004319227
0.000185343 0.004075548
0.000188677 0.004374564
0.000179676 0.004115549
0.000184010 0.004525572
0.000179009 0.004176886
0.000189676 0.004416232
0.000188677 0.004398565
0.000179677 0.004123550
0.000187677 0.004221222
0.000191343 0.004079214
0.000176676 0.004287559
0.000171009 0.004008877
0.000183676 0.004095215
0.000159675 0.003996210
0.000189343 0.004443900
0.000182676 0.004532238
0.000177343 0.004074214
0.000195343 0.004512237
0.000177676 0.004413237
0.000186011 0.004687268
0.000183344 0.004181569
0.000180677 0.004618596
0.000185011 0.004306245
0.000189011 0.004747270
0.000176677 0.004175237
0.000171677 0.004436919
0.000176676 0.004278576
0.000177343 0.003944224
0.000188010 0.004232240
0.000182677 0.003935224
0.000186010 0.004274909
0.000186344 0.004294244
0.000178343 0.004194905
0.000181344 0.004075899
0.000176677 0.004381249
0.000182677 0.004395249
0.000178344 0.004299911
0.000180344 0.004369248
0.000183010 0.004132234
0.000188011 0.004343580
0.000176343 0.004068565
0.000170677 0.004184571
0.000173343 0.004148569
0.000180010 0.004299911
0.000178677 0.004093566
0.000185677 0.004304911
0.000188011 0.004360914
0.000182011 0.004131902
0.000186677 0.004197905
0.000182677 0.004288910
0.000181677 0.004183904
0.000184678 0.004129235
0.000167343 0.004412584
0.000176677 0.004086232
0.000191344 0.004426251
0.000164009 0.004374249
0.000185678 0.004338580
0.000174344 0.004172571
0.000185344 0.003940224
0.000177010 0.006985064
0.000180343 0.004148236
0.000180677 0.004593595
0.000180677 0.004129235
0.000276350 0.004480922
0.000157676 0.004132235
0.000198345 0.004229241
0.000184011 0.004176238
0.000178676 0.004647264
0.000181677 0.004357581
0.000184011 0.004121901
0.000173677 0.004373582
0.000184677 0.004191572
0.000176344 0.004335913
0.000178010 0.004039229
0.000187344 0.004436252
0.000183678 0.004293244
0.000495028 0.004380915
0.000175343 0.004370248
0.000432024 0.004323246
0.000187011 0.004179237
0.000176677 0.004162237
0.000189344 0.004291244
0.000184677 0.004274910
0.000180344 0.004262576
0.000183011 0.005171961
0.000185344 0.004933614
0.000181011 0.004680266
0.000166010 0.004087899
0.000186677 0.004833941
0.000180344 0.004208573
0.000171343 0.004608928
0.000184010 0.004194238
0.000171676 0.004347914
0.000187677 0.004050563
0.000181677 0.004719602
0.000179676 0.004323579
0.000176343 0.004194905
0.000194011 0.004559259
0.000188677 0.004274910
0.000185344 0.004389250
0.000429691 0.004061564
0.000175010 0.004286577
0.000172676 0.004194571
0.000179677 0.004254242
0.000180344 0.004197239
0.000181344 0.004096900
0.000173010 0.004402917
0.000186010 0.004013561
0.000189011 0.004321912
0.000184344 0.004151236
0.000182343 0.004288243
0.000316018 0.004835274
0.000182010 0.004332246
0.000182344 0.004241241
0.000178010 0.004474588
0.000173344 0.004428585
0.000185678 0.004100567
0.000180677 0.004225240
0.000182677 0.004249908
0.000184344 0.004570260
0.000188677 0.004211239
0.000174010 0.004192572
0.000184344 0.004250242
0.000180343 0.004207239
0.000195011 0.004324579
0.000172676 0.004375248
0.000171676 0.004363914
0.000180344 0.003979560
0.000185011 0.004188905
0.000164010 0.004247242
0.000188011 0.004457587
0.000183010 0.004115234
0.000176677 0.004163237
0.000183677 0.004332913
0.000176677 0.004084899
0.000178676 0.004264575
0.000171676 0.004052230
0.000184677 0.004512590
0.000173343 0.004312245
0.000188345 0.004449587
0.000175343 0.004119901
0.000177344 0.004514257
0.000179677 0.004174571
0.000177344 0.004330580
0.000175677 0.004288244
0.000187344 0.004157237
0.000179677 0.004395584
0.000185677 0.004050564
0.000173676 0.004287244
0.000178676 0.004136568
0.000183010 0.004209572
0.000185344 0.004186238
0.000184010 0.004484255
0.000173676 0.004492922
0.000184344 0.004240575
0.000187010 0.004393916
0.000176343 0.004168903
0.000168677 0.004392917
0.008146463 0.012146357
0.000172010 0.004268576
0.000189011 0.004280910
0.000162009 0.004445920
0.000175343 0.004132901
0.000194678 0.004325246
0.000181343 0.004366248
0.000176010 0.004181571
0.000164343 0.004442586
0.000185344 0.004161570
0.000183011 0.004329913
0.000173009 0.004290577
0.000192344 0.004207573
0.000288350 0.004538925
0.000175343 0.004411917
0.000187677 0.004386583
0.000178344 0.004070898
0.000176010 0.004149569
0.000182010 0.004362914
0.000183677 0.004642930
0.000186344 0.004513923
0.000187011 0.004525590
0.000180344 0.004256242
0.000182677 0.004428918
0.000187010 0.004621929
0.000180344 0.004637931
0.000177009 0.004437559
0.000182676 0.004306565
0.000178677 0.004176222
0.000186676 0.004213557
0.000181676 0.004509239
0.000179009 0.004373232
0.000179676 0.004363232
0.000183676 0.004347898
0.000172343 0.004454571
0.000182676 0.004641580
0.000185677 0.004268561
0.000186010 0.004325897
0.000194344 0.003951877
0.000181676 0.004277561
0.000177010 0.004274228
0.000184677 0.004374566
0.000184343 0.004110218
0.000187344 0.004428569
0.000179676 0.004555909
0.000172009 0.004325897
0.000176679 0.004529961
0.000178010 0.003982902
0.000183678 0.004546608
0.000178344 0.004426933
0.000174010 0.004599943
0.000273017 0.004310927
0.000179011 0.004437601
0.000175677 0.004249923
0.000173010 0.004229255
0.000180011 0.004340595
0.000188678 0.004137582
0.000187011 0.004294592
0.000180344 0.004323260
0.000180344 0.004357929
0.000177344 0.003949572
0.000184012 0.004256257
0.000188011 0.004134582
0.000181011 0.004388931
0.000186344 0.004397598
0.000176678 0.004282592
0.000185012 0.004377931
0.000177344 0.004056244
0.000278017 0.004410933
0.000174344 0.004262257
0.000180678 0.004183252
0.000185011 0.004120915
0.000184678 0.004283591
0.000180011 0.004156583
0.000181678 0.004334594
0.000181344 0.004188586
0.000181011 0.004173585
0.000189011 0.004226921
0.000179678 0.004076246
0.000185345 0.004501938
0.000182678 0.004147250
0.000181678 0.004447268
0.000335354 0.004099914
0.000185678 0.004528606
0.000175011 0.004167251
0.000174677 0.003927236
0.000189678 0.004249256
0.000174677 0.007210768
0.000179678 0.004195920
0.000181010 0.004203253
0.000187344 0.004197253
0.001859779 0.004355929
0.000182678 0.004462936
0.000172677 0.004128582
0.000189011 0.004274590
0.000184678 0.004295925
0.000173011 0.004309260
0.000175011 0.004290258
0.000180345 0.004141583
0.000184011 0.004295926
0.000180344 0.003921569
0.000178344 0.004362263
0.000173678 0.004061912
0.000171010 0.004259257
0.000179011 0.004476603
0.000180345 0.004167251
0.001176404 0.005329988
0.000192679 0.004229588
0.000188345 0.004273257
0.000181677 0.004125915
0.000299352 0.004413266
0.000188011 0.004325593
0.000174010 0.004074578
0.000168343 0.004238922
0.000183011 0.004008575
0.000183678 0.004237589
0.000188012 0.004132916
0.000182011 0.004490270
0.000184678 0.004218588
0.000194012 0.004523939
0.000177344 0.004049910
0.000193678 0.004684615
0.000190678 0.004212920
0.000189345 0.004506605
0.000178010 0.004153917
0.001194405 0.005459328
0.000184345 0.004283258
0.000172677 0.004150250
0.000182344 0.004475936
0.000176677 0.004083246
0.000178344 0.004060911
0.000176011 0.003965239
0.000182344 0.004280257
0.000186012 0.004188253
0.000193345 0.004145917
0.000179344 0.004287258
0.000177010 0.004122248
0.000186678 0.004375264
0.000185344 0.004175918
0.000184344 0.004583276
0.000176677 0.004218587
0.000177344 0.004312260
0.000185344 0.004227588
0.000165676 0.004296592
0.000176343 0.004287591
0.000187011 0.003984907
0.000178678 0.004354929
0.000180344 0.004287591
0.000184011 0.004456602
0.000186011 0.004204587
0.000185345 0.004483937
0.000186677 0.004411932
0.000174344 0.004203254
0.000182011 0.004510605
0.000181678 0.003976573
0.000179678 0.004290926
0.000179677 0.004169251
0.000169344 0.004188919
0.000193011 0.004154917
0.000190678 0.004086580
0.000187345 0.004133249
0.000183678 0.004504272
0.000177011 0.004194919
0.000188011 0.004212920
0.000180344 0.004400598
0.000180011 0.004161584
0.000179344 0.004295592
0.000189345 0.004445268
0.000180011 0.004369263
0.000181344 0.004109247
0.000178011 0.004310927
0.000168677 0.005899355
0.000183011 0.009325895
0.000178678 0.008226163
0.000185011 0.008418173
0.000177011 0.008182493
0.000182344 0.008066152
0.000175677 0.008023817
0.000182677 0.008002815
0.000178010 0.008243163
0.000193009 0.009274485
0.000218678 0.008326107
0.000182343 0.008104101
0.000179009 0.008114768
0.000184343 0.008464787
0.000184343 0.007972428
0.000185677 0.008248776
0.000182009 0.008116101
0.000186010 0.008061765
0.000176009 0.008042098
0.000192343 0.008163771
0.000152342 0.009434839
0.000185010 0.004360234
0.000182343 0.004263562
0.000182676 0.004206892
0.000183676 0.004380235
0.000172010 0.004314565
0.000177676 0.004854927
0.000182343 0.004436905
0.000179677 0.004502575
0.000182677 0.004263562
0.000182009 0.004447905
0.000179676 0.004350566
0.000180343 0.004116887
0.000179343 0.004329565
0.000185676 0.004197558
0.000192343 0.004690918
0.000193344 0.004150556
0.000190344 0.004234894
0.000184343 0.004100553
0.000174676 0.004401569
0.000185677 0.004082553
0.000182344 0.004218227
0.000181343 0.004106220
0.000169342 0.004060884
0.000187677 0.004230893
0.000187677 0.004314898
0.000181343 0.004220227
0.000179343 0.004103554
0.000185010 0.004207559
0.000187677 0.004427904
0.000180010 0.004397570
0.000185344 0.004250895
0.000182343 0.004076552
0.000193344 0.004652610
0.000182010 0.004027561
0.000172677 0.004420251
0.000186678 0.004146568
0.000180344 0.004438252
0.000188344 0.004245240
0.000185344 0.004431251
0.000181677 0.004044896
0.000171677 0.004436918
0.000181010 0.004470253
0.000182677 0.004149235
0.000179677 0.004255908
0.000178677 0.004146902
0.000182011 0.004127567
0.000180011 0.004349914
0.000189677 0.004471253
0.000187344 0.004119900
0.000185677 0.004248574
0.000183343 0.004334912
0.000182677 0.003955557
0.000186344 0.004173903
0.000180677 0.004156569
0.000182344 0.004390249
0.000187344 0.004142235
0.000177010 0.004420250
0.000181677 0.004392249
0.000188011 0.004550591
0.000322019 0.004649597
0.000177676 0.004157235
0.000172009 0.004284242
0.000182677 0.004026894
0.000178677 0.004361914
0.000182677 0.004036228
0.000182010 0.004581926
0.000187010 0.004688599
0.000186677 0.004300577
0.000181677 0.004288243
0.000183677 0.004607928
0.000179011 0.004710601
0.000190011 0.004238240
0.000175010 0.004451585
0.000179344 0.004055230
0.000175010 0.006908058
0.000182010 0.004244574
0.000184344 0.004570592
0.000176677 0.004122234
0.000180344 0.004319579
0.001512419 0.004485255
0.000179677 0.004726268
0.000182343 0.004304244
0.000185010 0.004112233
0.000191677 0.004548924
0.000184343 0.004283576
0.000182010 0.004476586
0.000179010 0.004444918
0.000177677 0.004524257
0.000184011 0.004152569
0.000170343 0.004210239
0.000185677 0.004313244
0.000163676 0.004108566
0.000187677 0.004255908
0.000170009 0.004008893
0.000181344 0.004147569
0.000175344 0.004293910
0.000180010 0.004417917
0.000177010 0.004250908
0.000185011 0.004350913
0.000190011 0.004467920
0.000185677 0.004160235
0.000173343 0.005231963
0.000171343 0.004118567
0.000177343 0.004624595
0.000179676 0.004232906
0.000164009 0.004635596
0.000187678 0.004290577
0.000180344 0.004230240
0.000180343 0.004299243
0.000186678 0.004174237
0.000176344 0.004407917
0.000188344 0.004296243
0.000180677 0.004235574
0.000177344 0.004310911
0.000304351 0.004508589
0.000180010 0.004146901
0.000178677 0.004451252
0.000184677 0.004120567
0.000192344 0.004137568
0.000174009 0.004260241
0.000186677 0.004025895
0.000194344 0.004229573
0.000191011 0.004152569
0.000178011 0.004277243
0.000435358 0.004394249
0.000180677 0.004249908
0.000179677 0.004185237
0.000180677 0.004659931
0.000183010 0.004401582
0.000178677 0.004277909
0.000174343 0.004337579
0.000180343 0.004362913
0.000174009 0.004209571
0.000172344 0.003953891
0.000193677 0.004355913
0.000184011 0.003968225
0.000185677 0.004122567
0.000185344 0.004053563
0.000180677 0.004279242
0.000185677 0.004230573
0.000178344 0.004298244
0.000187677 0.004464919
0.000187010 0.004340246
0.000186010 0.004304244
0.000187344 0.003955890
0.000184344 0.004215239
0.000177676 0.004222239
0.000181343 0.004380581
0.001056393 0.005154959
0.000185010 0.004190570
0.000178344 0.004238241
0.000187678 0.004185237
0.000172676 0.004281242
0.000177010 0.004015561
0.000188344 0.004217239
0.000193344 0.004319578
0.000184010 0.004327245
0.000181677 0.004193237
0.000178010 0.004203572
0.000177010 0.004235574
0.000181011 0.004239907
0.000178010 0.004336579
0.000180343 0.004218905
0.000179010 0.004262908
0.000176343 0.004070897
0.000174010 0.004294577
0.000173010 0.004114233
0.000188011 0.004627596
0.000186344 0.004458252
0.000190344 0.004187571
0.000184011 0.004377582
0.000172343 0.004329245
0.000187678 0.004390249
0.000179344 0.004142568
0.000173009 0.004515589
0.000187010 0.004197904
0.000180677 0.004390249
0.000183010 0.004419584
0.000182010 0.004098899
0.000181677 0.004262908
0.000176343 0.004150235
0.000178343 0.004486587
0.000198344 0.004162902
0.000183344 0.004592594
0.000299017 0.004318245
0.000173344 0.004541924
0.000175677 0.004126901
0.000169676 0.004275242
0.000179344 0.004635596
0.000171009 0.004218239
0.000182677 0.004180904
0.000181010 0.004025228
0.000187678 0.004594261
0.000182010 0.004151902
0.000182344 0.004286577
0.000190011 0.004170236
0.000179344 0.004483588
0.000185677 0.004602594
0.000283349 0.004352247
0.000186010 0.004453252
0.000180010 0.004334579
0.000180677 0.004339579
0.000185344 0.003945557
0.000172009 0.004359247
0.000182010 0.003955557
0.000180677 0.004226906
0.000185343 0.004304910
0.000171010 0.004287243
0.000182677 0.004279242
0.000182677 0.004200905
0.000195677 0.004562258
0.000181677 0.003921223
0.000187678 0.004314245
0.000181677 0.004444252
0.000171009 0.004049896
0.000184677 0.004094565
0.000184677 0.004434251
0.000173343 0.004700599
0.000182346 0.003929269
0.000172678 0.004398629
0.000181345 0.004438300
0.000170011 0.004373296
0.000182345 0.004241953
0.000174678 0.004502971
0.000180679 0.004133946
0.000187346 0.004177615
0.000178679 0.004018272
0.000176012 0.004355628
0.000187679 0.004296290
0.000178346 0.004058608
0.000181012 0.004120612
0.000185345 0.004227619
0.000175345 0.004382296
0.000179012 0.004121279
0.000181012 0.004404631
0.000175678 0.004178616
0.000267351 0.004756322
0.000179012 0.004502971
0.000186013 0.004080276
0.000184013 0.004289624
0.000173679 0.004583977
0.000189013 0.004345627
0.000188013 0.004099611
0.000174345 0.004559308
0.000188347 0.004121613
0.000177679 0.004425966
0.000182679 0.004453301
0.000180679 0.004333627
0.000176678 0.004477636
0.000181345 0.003961934
0.000186346 0.004515639
0.000182345 0.003993603
0.000175012 0.004195951
0.000184013 0.004347961
0.000169345 0.004304625
0.000175678 0.004319292
0.000176346 0.004559642
0.000173678 0.004451968
0.000187012 0.004005604
0.000177345 0.004290623
0.000175678 0.006979138
0.000177012 0.004507972
0.000181679 0.004258288
0.000175345 0.004512972
0.000165344 0.004148281
0.000178012 0.004385630
0.000193680 0.004771656
0.000184343 0.008402767
0.000178676 0.008616445
0.000201011 0.008337097
0.000178342 0.008400767
0.000186343 0.008090751
0.000180676 0.008684781
0.000188010 0.007998747
0.000185676 0.008281094
0.000183009 0.008089750
0.000173009 0.008479771
0.000193677 0.008218758
0.000187676 0.008060082
0.000178343 0.008131086
0.000182676 0.008295761
0.000188343 0.008200423
0.000170676 0.008356432
0.000185676 0.008153421
0.000187676 0.008211090
0.000177676 0.008416434
0.000180342 0.008189422
0.000181009 0.004375559
0.000184343 0.004418561
0.000184009 0.004120879
0.000178009 0.004292221
0.000171342 0.004401560
0.000176676 0.004366559
0.000186343 0.004049875
0.000185676 0.004328557
0.000181676 0.004338557
0.000186677 0.004462231
0.000178676 0.004286221
0.000186009 0.004235885
0.000176009 0.004359225
0.000182343 0.003938870
0.000267680 0.004260553
0.000169675 0.004165548
0.000183343 0.004565903
0.000174342 0.004176216
0.000177676 0.004445230
0.000177342 0.004068209
0.000181677 0.004170549
0.000175009 0.004361559
0.000186343 0.004161215
0.000179676 0.004398894
0.000179343 0.004261220
0.000188010 0.004378226
0.000182009 0.004284221
0.000193343 0.004436562
0.000169342 0.004223551
0.000175009 0.004011207
0.000179676 0.004377892
0.000159008 0.004199216
0.000182676 0.004295555
0.000180342 0.005392278
0.000196343 0.004780580
0.006374662 0.006407664
0.003117494 0.004700576
0.002258117 0.004197550
0.000184676 0.004573569
0.000179009 0.006033645
0.000179343 0.004608572
0.000183342 0.004041875
0.000181343 0.004300555
0.000183010 0.003477180
0.000179676 0.003553516
0.000191676 0.003629187
0.000178342 0.003497514
0.000180343 0.003663856
0.000181010 0.003551517
0.000180342 0.003329172
0.000185343 0.003511848
0.000184343 0.003654855
0.000184342 0.003536849
0.000174009 0.003284503
0.000194010 0.003566184
0.000188343 0.003337839
0.000181343 0.003487847
0.000179009 0.003216832
0.000182676 0.003589852
0.000190678 0.003657877
0.000178343 0.003467523
0.000171010 0.003736543
0.000184677 0.004185565
0.000186677 0.004577254
0.000181343 0.004044224
0.000186677 0.004386244
0.000185343 0.004201233
0.000180677 0.004210234
0.000185677 0.004432246
0.000178343 0.004175898
0.000181677 0.004204567
0.000156342 0.003916217
0.000172676 0.004268904
0.000184010 0.003825879
0.000182010 0.004373909
0.000182344 0.004153564
0.000172010 0.004478915
0.000196344 0.004324240
0.000199678 0.004201567
0.000183677 0.004103228
0.000171676 0.004227568
0.000179677 0.004418245
0.000188344 0.004115895
0.000273682 0.004332574
0.000183343 0.004164231
0.000156675 0.004351241
0.000177343 0.004149564
0.000194011 0.004296572
0.000189011 0.004237902
0.000185344 0.004125896
0.000176676 0.004319906
0.000187010 0.004012556
0.000174009 0.004400577
0.000186011 0.004074893
0.000181010 0.004579254
0.000184677 0.004156897
0.000187677 0.004313239
0.000178343 0.004399911
0.000176343 0.004063226
0.000181010 0.004321240
0.000184677 0.004187899
0.000184343 0.004499583
0.000183344 0.004313239
0.000185010 0.004209900
0.000171676 0.004338907
0.000186677 0.004510917
0.000185677 0.004094561
0.000188678 0.004280238
0.000185010 0.004397577
0.000188011 0.004353242
0.000172676 0.004345908
0.000174676 0.004084227
0.000181677 0.004294905
0.000185010 0.004137896
0.000173676 0.004654592
0.000184344 0.004096561
0.000181010 0.004286238
0.000181343 0.004348574
0.000174676 0.004435913
0.000182676 0.004357575
0.000184010 0.003963220
0.000187344 0.004389577
0.000174343 0.004570587
0.000165342 0.004291905
0.000184343 0.004065225
0.000185344 0.004331574
0.000186343 0.003955552
0.000186677 0.004061892
0.000187677 0.004521918
0.000181677 0.004143564
0.000184344 0.004638591
0.000174009 0.004142896
0.000182010 0.004358908
0.000176010 0.004126563
0.000175676 0.004341574
0.000176343 0.004161231
0.000171676 0.004652258
0.000188010 0.004459914
0.000185344 0.004252903
0.000187344 0.004238902
0.000189010 0.004338907
0.000179676 0.004283237
0.000178677 0.004189566
0.000195010 0.004422245
0.000183677 0.004158898
0.000153342 0.004237235
0.000178010 0.004388577
0.000184343 0.004004889
0.000179344 0.004182566
0.000185677 0.004115895
0.000185677 0.004372576
0.000179010 0.004080560
0.000177677 0.004294572
0.000168343 0.004284571
0.000665037 0.004941607
0.000171009 0.004092893
0.000186343 0.004290904
0.000174676 0.004151897
0.000186344 0.004085227
0.000174343 0.004241902
0.000175676 0.004238902
0.000185677 0.004285571
0.000186010 0.004297238
0.000177010 0.004403911
0.000193344 0.004022223
0.000169009 0.004029890
0.000172009 0.004325240
0.000183676 0.004220234
0.000173343 0.004594255
0.000192011 0.004189233
0.000185344 0.004224901
0.000183344 0.004177899
0.000189344 0.004321240
0.000174677 0.004084894
0.000177676 0.004389577
0.000184344 0.004394244
0.000167343 0.004330240
0.000182010 0.004286905
0.000183343 0.004346908
0.000173343 0.004521251
0.000181677 0.004032557
0.000184343 0.004327573
0.000175010 0.004036891
0.000193677 0.004359575
0.000185344 0.004161565
0.000183677 0.004331240
0.000184677 0.004323574
0.000185677 0.003999889
0.000188677 0.004413912
0.000181677 0.004142230
0.000174343 0.004525584
0.000193344 0.004331574
0.000172343 0.004746264
0.000179010 0.004193566
0.000177009 0.004361908
0.000180010 0.004052559
0.000177344 0.004346575
0.000192011 0.004353909
0.000183010 0.004205900
0.000187010 0.004596588
0.000187010 0.004211900
0.000181010 0.004401244
0.000181010 0.004335574
0.000178344 0.004449247
0.000166676 0.004041558
0.000183011 0.004470582
0.000178010 0.004363242
0.000188011 0.004163231
0.000192011 0.004352908
0.000182010 0.004257236
0.000190011 0.004363575
0.000182344 0.004458581
0.000179343 0.004339907
0.000184677 0.004179565
0.000188677 0.004554586
0.000175343 0.004363242
0.000182010 0.004337240
0.000172010 0.004436913
0.000175343 0.004513917
0.000156009 0.004297239
0.000180344 0.004278571
0.000182010 0.004359575
0.000182010 0.003975887
0.000189677 0.004405244
0.000184344 0.004318240
0.000176343 0.004325907
0.000173677 0.004270904
0.000184677 0.004296905
0.000187343 0.004493582
0.000177676 0.004554252
0.000183011 0.004424913
0.000173342 0.003948552
0.000180010 0.004406578
0.000180010 0.003931552
