0.000185341 0.007143958
0.000172341 0.007088622
0.000190341 0.007681980
0.000186674 0.007002285
0.000180008 0.007156959
0.000188341 0.007461637
0.000186341 0.007349633
0.000182674 0.007587976
0.000178340 0.007227961
0.000175674 0.007995326
0.000784699 0.007257963
0.000181340 0.007505972
0.000174007 0.007493639
0.000179674 0.007394635
0.000179674 0.007007952
0.000186341 0.007184960
0.000169007 0.007325299
0.000179674 0.007222961
0.000184674 0.007010952
0.000181674 0.007462637
0.000188674 0.003270133
0.000190341 0.003137128
0.000177674 0.003474142
0.000186008 0.008732356
0.000163673 0.004022830
0.000180674 0.003297801
0.000181007 0.003275800
0.000181007 0.003535810
0.000184007 0.003559478
0.000159340 0.003238465
0.000184340 0.003477141
0.000169674 0.003548812
0.000185674 0.003212131
0.000187674 0.003267466
0.000175340 0.003451807
0.000173341 0.003606814
0.000183007 0.003211464
0.000183341 0.003084459
0.000184007 0.003332136
0.000154673 0.003142128
0.000170340 0.003426472
0.000183007 0.003505143
0.000171674 0.003369138
0.000180674 0.003379804
0.000173340 0.003491476
0.000180674 0.003362137
0.000179674 0.003044457
0.000176673 0.003369470
0.000178007 0.003307135
0.000189008 0.003560478
0.000177007 0.003737152
0.000178341 0.003194130
0.000171674 0.003465545
0.000177678 0.003196508
0.000183343 0.003093831
0.000181010 0.003470520
0.000188010 0.003211504
0.000188010 0.003234173
0.000174343 0.003127834
0.000185010 0.003421850
0.000188010 0.003433183
0.000179009 0.003064497
0.000183010 0.003082165
0.000181343 0.003624860
0.000180343 0.003285509
0.000174676 0.003346179
0.000180677 0.003340179
0.000181010 0.003280508
0.000183343 0.003115499
0.000185010 0.003559190
0.000171009 0.003124166
0.000175676 0.003385181
0.000186010 0.003428517
0.000170342 0.003283842
0.000170343 0.003299176
0.000173009 0.003225506
0.000174676 0.003097499
0.000175010 0.003380514
0.000185676 0.003395848
0.000177676 0.003130167
0.000176677 0.004274229
0.000172676 0.003681197
0.000187010 0.003714199
0.000788043 0.003708532
0.000180009 0.002980826
0.000173676 0.002955824
0.000174343 0.002773148
0.004372567 0.004403569
0.006306670 0.006342005
0.000161675 0.003577524
0.004396901 0.004431237
0.000200344 0.002979492
0.001260067 0.003948211
0.004471573 0.004504574
0.000487026 0.003023829
0.000180677 0.002674810
0.000182343 0.002702811
0.000175009 0.002830151
0.000184676 0.002663475
0.000175343 0.004019548
0.000174009 0.003444850
0.000173343 0.003159502
0.000185676 0.003458184
0.000178343 0.003543856
0.000180676 0.003274508
0.000479692 0.003796536
0.000176343 0.003411849
0.000281681 0.003390181
0.000178676 0.005723639
0.000175343 0.003550523
0.000180677 0.003906209
0.000186344 0.002743814
0.000171676 0.002800150
0.000162009 0.002992160
0.000170342 0.002786482
0.000184343 0.002547136
0.000180343 0.002886488
0.000176676 0.002861486
0.000178010 0.002628474
0.000177676 0.002732813
0.000191677 0.002868820
0.000180343 0.002567137
0.000169676 0.002858819
0.000171676 0.003320511
0.000183010 0.003663195
0.000186676 0.003287175
0.000187343 0.003194504
0.000175676 0.003475853
0.000162342 0.003068497
0.000175676 0.003190504
0.000175343 0.003325844
0.000170675 0.003299509
0.000177676 0.003314177
0.000174343 0.003528189
0.000179009 0.003510854
0.000179010 0.003406182
0.000397354 0.003367846
0.000178343 0.003145835
0.000187010 0.003340512
0.000185676 0.003379847
0.000175676 0.003190504
0.000182009 0.003321510
0.000182677 0.003469519
0.000178676 0.003171503
0.000176343 0.003442517
0.000175343 0.003307177
0.000177009 0.003361179
0.000180343 0.003303843
0.000179009 0.003227839
0.000179677 0.003263508
0.000176676 0.003300176
0.000183009 0.003171836
0.000179010 0.003421185
0.000183010 0.003176839
0.000180010 0.003038497
0.000179009 0.003432852
0.000178677 0.003167505
0.000176343 0.003208173
0.000178676 0.003573860
0.000183676 0.003471187
0.000190011 0.003289178
0.000172343 0.003216508
0.000180009 0.003341180
0.000183343 0.003824874
0.000173343 0.003375849
0.000174010 0.003153504
0.000180009 0.004074553
0.000185010 0.003267177
0.000178676 0.003146503
0.000168009 0.003610195
0.000183009 0.003338847
0.000175010 0.003416518
0.000191344 0.003175172
0.000184010 0.003207840
0.000163342 0.003368848
0.000182343 0.003244509
0.000182010 0.003078500
0.000170343 0.003736535
0.000178676 0.005055273
0.000191343 0.003320179
0.000185677 0.003577193
0.000188344 0.003480188
0.000182010 0.003482188
0.000186677 0.003794205
0.000171676 0.003277177
0.000184010 0.003495856
0.000183009 0.003266509
0.000173676 0.003218173
0.000176009 0.003542858
0.000167343 0.003186839
0.000174676 0.003379183
0.000188344 0.003551192
0.000181010 0.003217507
0.000179010 0.003141837
0.000175009 0.003561192
0.000172676 0.003247842
0.000181010 0.003520190
0.000188677 0.003181838
0.000180009 0.003102167
0.000161676 0.003415518
0.000183010 0.003088167
0.000172342 0.003157170
0.000174676 0.003349181
0.000181676 0.003060832
0.000157008 0.002956493
0.000178010 0.003253176
0.000189010 0.003331180
0.000167342 0.003108168
0.000178343 0.003353847
0.000175009 0.003169171
0.000295682 0.003427851
0.000180343 0.003011163
0.000178009 0.003313512
0.000165009 0.003674198
0.000173009 0.003182838
0.000177343 0.003329513
0.000180676 0.003655531
0.000186677 0.003320179
0.000169009 0.003041498
0.000178342 0.003525523
0.000174343 0.003060166
0.000193011 0.003405518
0.000185344 0.003188506
0.000180010 0.002915491
0.000184010 0.003205507
0.000177343 0.003544192
0.000181343 0.003388183
0.000173342 0.003653531
0.001261735 0.003205507
0.000190344 0.003134836
0.000184344 0.003437853
0.000171009 0.003384516
0.000177676 0.003459187
0.000180343 0.003631530
0.000177342 0.003162504
0.000174676 0.004106555
0.000164009 0.003066832
0.000171676 0.003167838
0.000188344 0.003591861
0.000183343 0.003211840
0.000171009 0.003155504
0.000194344 0.003469188
0.000176343 0.003279511
0.000182676 0.003170504
0.000177010 0.003483189
0.000169009 0.003357848
0.000188010 0.003470521
0.000186010 0.003192172
0.000183676 0.003089833
0.000181677 0.003456187
0.000168009 0.003248509
0.000188677 0.003334180
0.000177343 0.003241175
0.000158341 0.003206506
0.000180676 0.003178505
0.000183010 0.003296179
0.000179010 0.003203173
0.000181343 0.003294845
0.000177676 0.003065166
0.000184010 0.003213507
0.000175343 0.003307512
0.000173343 0.003228508
0.000188010 0.003373849
0.000187677 0.003609195
0.000170675 0.003274843
0.000173676 0.003386183
0.000183344 0.003569193
0.000183343 0.004227895
0.000171010 0.003161171
0.000165009 0.003605862
0.000179676 0.003280510
0.000172009 0.003613528
0.000171676 0.003203506
0.000173009 0.003349514
0.000175343 0.003406184
0.000179343 0.003259843
0.000183676 0.003084833
0.000174009 0.003564859
0.000178676 0.003271177
0.000170676 0.003040498
0.000435024 0.003562859
0.000176343 0.003429519
0.000174343 0.003380183
0.000171343 0.003614862
0.000173342 0.003295511
0.000181010 0.003446519
0.000177343 0.003469521
0.000184343 0.003269510
0.000166009 0.003424185
0.000174010 0.003113168
0.000173010 0.003156171
0.000189344 0.003463187
0.000171676 0.003131169
0.000176343 0.003244842
0.000183343 0.003410851
0.000180677 0.003229842
0.000193010 0.003452520
0.000186010 0.003164837
0.000179010 0.003212841
0.000176009 0.003528191
0.000178676 0.003207507
0.000188343 0.003236841
0.000172009 0.003250509
0.000182677 0.003092834
0.000179343 0.003192172
0.000167343 0.003486189
0.000169676 0.002936159
0.000192010 0.003307178
0.000184676 0.003414184
0.000180010 0.003270510
0.000182343 0.003303845
0.000179343 0.003324180
0.000181343 0.003226507
0.000174676 0.003265176
0.000180010 0.003576193
0.000176677 0.003225175
0.000171343 0.003448187
0.000175009 0.003363848
0.000176343 0.003200839
0.000180343 0.003329847
0.000178343 0.003035497
0.000160675 0.003350514
0.000174676 0.003133836
0.000183677 0.003199840
0.000171676 0.003472521
0.000172343 0.003548859
0.000163342 0.003706200
0.000179676 0.003636529
0.000179343 0.003203840
0.000172010 0.003202507
0.000185677 0.003569526
0.000161342 0.003230508
0.000176676 0.003561525
0.000174676 0.003368182
0.000166676 0.003183172
0.000178676 0.003489188
0.000181010 0.003382516
0.000160008 0.003563859
0.000182010 0.003492856
0.000175342 0.003242842
0.000375687 0.003513523
0.000183344 0.003354515
0.000185343 0.003266177
0.000176343 0.003169505
0.000180677 0.003339514
0.000183676 0.003316846
0.000180677 0.003454187
0.000171676 0.003286177
0.000174010 0.003162838
0.000181009 0.003417851
0.000187343 0.003214507
0.000187677 0.003188506
0.000184677 0.003407518
0.000178010 0.003205174
0.000183009 0.003119835
0.000182343 0.003259176
0.000190014 0.003074238
0.000190012 0.003431559
0.000180679 0.003198220
0.000189346 0.003047204
0.000186680 0.003521238
0.000183679 0.003367894
0.000171678 0.003332225
0.000180345 0.003583242
0.000180678 0.003217883
0.000179012 0.003567574
0.000185013 0.003622245
0.000184013 0.003128545
0.000184679 0.004385296
0.000188346 0.003350226
0.000186012 0.003271554
0.000179012 0.003548239
0.000170345 0.003105876
0.000184679 0.003080541
0.000183679 0.003455566
0.000178012 0.003265554
0.000173012 0.003246553
0.000162011 0.003463234
0.000177679 0.003176548
0.000179012 0.003276555
0.000178345 0.003324224
0.000191346 0.003235551
0.000170345 0.003410897
0.000174345 0.003176881
0.000172012 0.003195549
0.000180012 0.003603243
0.000168011 0.003135211
0.000174345 0.003371561
0.000180679 0.003669914
0.000179679 0.003294889
0.000178345 0.003225884
0.000173345 0.003312223
0.000148010 0.003245552
0.000172011 0.003428231
0.000183345 0.003223884
0.000182012 0.003069541
0.000176012 0.003367561
0.000172011 0.003064873
0.000174012 0.003375895
0.000169345 0.003483568
0.000181346 0.003193883
0.000178679 0.003147212
0.000181346 0.003378562
0.000185346 0.003047206
0.000185013 0.003278888
0.000178012 0.003569908
0.000191680 0.003083875
0.000168678 0.003510570
0.001189080 0.003273888
0.000178346 0.003483569
0.000183346 0.003448900
0.000179345 0.003418231
0.000175011 0.003410563
0.000184013 0.003441232
0.000181012 0.003293556
0.000182346 0.003447233
0.000186679 0.003686249
0.000176012 0.003381895
0.000177346 0.003739253
0.000183345 0.003348892
0.000186012 0.003176881
0.000179345 0.003436232
0.000174678 0.003315890
0.000194346 0.003104543
0.000178678 0.003523238
0.000181012 0.003251886
0.000187013 0.003085875
0.000175678 0.003493569
0.000180012 0.003156547
0.000171678 0.003177214
0.000185346 0.003291555
0.000187680 0.003223218
0.000167011 0.003300223
0.000183679 0.003181548
0.000178679 0.003118211
0.000174011 0.003412230
0.000174679 0.003327891
0.000150344 0.003181548
0.000174345 0.003534238
0.000167678 0.003338226
0.000189346 0.002969200
0.000178345 0.003326224
0.000178012 0.003189882
0.000391027 0.003675582
0.000260351 0.003400563
0.000179345 0.003121544
0.000184679 0.003525238
0.000173011 0.002988535
0.000178678 0.003111543
0.000181013 0.003558907
0.000181345 0.003276888
0.000185346 0.003236219
0.000179345 0.003515570
0.000182679 0.003036205
0.000187012 0.003086208
0.000186346 0.003324224
0.000179679 0.003156880
0.000173341 0.003315813
0.000171343 0.003011501
0.000187676 0.003106164
0.000189343 0.003316844
0.000183343 0.002922490
0.000191677 0.003263174
0.000169676 0.003652195
0.000175343 0.003383515
0.000173343 0.003254508
0.000183343 0.003502854
0.000176009 0.003145168
0.000168008 0.003402181
0.000183343 0.003187170
0.000176343 0.003205172
0.000178343 0.003436851
0.000185010 0.003257508
0.000169676 0.003261174
0.000178010 0.003475519
0.000184010 0.003397515
0.000180676 0.003384514
0.000176676 0.003463185
0.000165676 0.003496853
0.000184677 0.003337178
0.000180343 0.003433850
0.000181010 0.003109833
0.000171342 0.003329844
0.000175010 0.003207505
0.000176676 0.003172503
0.000182343 0.003332512
0.000181676 0.003487853
0.000181343 0.003230839
0.000171009 0.003671863
0.000187010 0.003303177
0.000176343 0.003298176
0.000187344 0.003497854
0.000186010 0.003125500
0.000171342 0.003544189
0.000179010 0.003208505
0.000177009 0.002977159
0.000184677 0.003316511
0.000178009 0.003194171
0.000317017 0.007155048
0.000186344 0.007649075
0.000841711 0.007312057
0.000177677 0.007295057
0.000180343 0.007750747
0.000180010 0.007070045
0.000174343 0.007353060
0.000166009 0.007046377
0.000182009 0.007104712
0.000696037 0.007487733
0.000178343 0.007558404
0.000179009 0.007171383
0.000179676 0.007143048
0.000192010 0.007471399
0.000187010 0.007176383
0.000184343 0.007200051
0.000181676 0.007067711
0.000176676 0.006833698
0.000177676 0.007181050
0.000187010 0.007119713
0.000182677 0.003300510
0.000182009 0.003272841
0.000172676 0.003189837
0.000169676 0.003380181
0.000175676 0.003073831
0.000176343 0.003191504
0.000179009 0.003287842
0.000172010 0.003152502
0.000185344 0.003246840
0.000178009 0.003570524
0.000175009 0.003302843
0.000182343 0.003625860
0.000167676 0.003354180
0.000194677 0.003301176
0.000182010 0.003711198
0.000179343 0.003332511
0.000185677 0.003007828
0.000167342 0.003321844
0.000188344 0.003029829
0.000180009 0.003019828
0.000177343 0.003477186
0.000185677 0.003320178
0.000157341 0.003193837
0.000178676 0.003285509
0.000184343 0.003130500
0.000188010 0.003378180
0.000171343 0.003257508
0.000318017 0.003504187
0.000178343 0.003588858
0.000177343 0.003071497
0.000270347 0.003124500
0.000175345 0.003377887
0.000186011 0.003106526
0.000265684 0.003221205
0.000188012 0.003389882
0.000184678 0.003256873
0.000181012 0.003324544
0.000185012 0.003330878
0.000185345 0.003076195
0.000187012 0.003372214
0.000185012 0.002926519
0.000177011 0.003456553
0.000175345 0.003348546
0.000186345 0.003244206
0.000185012 0.003125532
0.000179011 0.003342545
0.000184678 0.003073528
0.000167010 0.003171534
0.000184345 0.003428551
0.000175678 0.003083196
0.000174011 0.003377547
0.000189679 0.003117531
0.000192346 0.003210870
0.000174344 0.003462553
0.000176344 0.003191536
0.000183012 0.003033193
0.000182679 0.003654232
0.000191345 0.003338212
0.000181345 0.003102197
0.000186012 0.003446552
0.000183012 0.003176868
0.000187012 0.003793908
0.000187345 0.004259270
0.000179678 0.003254206
0.000178678 0.003659232
0.000187012 0.003248539
0.000184012 0.003363880
0.000188346 0.003596562
0.000181345 0.003219204
0.000183679 0.003125198
0.000186012 0.003331545
0.000187012 0.003349545
0.000185345 0.003097863
0.000176011 0.003401549
0.000180012 0.003109531
0.000453363 0.003597562
0.000180011 0.003097863
0.000172011 0.003275541
0.000175344 0.003574893
0.000173677 0.003135865
0.000184011 0.003250539
0.000175678 0.003531558
0.000185346 0.003110864
0.000175345 0.003263540
0.000178011 0.003597561
0.000178678 0.006420073
0.000183345 0.003471553
0.000175677 0.003329544
0.000184012 0.003232205
0.000181678 0.003388214
0.000191346 0.003222538
0.000179012 0.003400549
0.000177678 0.003451886
0.000173344 0.003287541
0.000183011 0.003184535
0.000183344 0.003360879
0.000186346 0.003142866
0.000175678 0.003362214
0.000167344 0.003141199
0.000192345 0.003233205
0.000178678 0.003567892
0.000186011 0.003250872
0.000180345 0.004300940
0.000173011 0.003943250
0.000184346 0.003569227
0.000182012 0.003150200
0.000172678 0.003625230
0.000171011 0.003424551
0.000183678 0.003248539
0.000176677 0.003384547
0.000181011 0.003331878
0.000184345 0.003298876
0.000185678 0.003079861
0.000181679 0.003453886
0.000182345 0.003479554
0.000168011 0.003295209
0.000180345 0.003251873
0.000180679 0.003600562
0.000178678 0.003371548
0.000186345 0.003229871
0.000177345 0.003691901
0.000181011 0.003089863
0.000181678 0.003330211
0.000173677 0.003074194
0.000178678 0.003164534
0.000173678 0.003533224
0.000186012 0.003387215
0.000180678 0.003168535
0.000181678 0.003408549
0.000175677 0.003118864
0.000177345 0.003293876
0.000173677 0.003497221
0.000177009 0.003253501
0.000171010 0.003156839
0.000193010 0.003569190
0.000190010 0.003113833
0.000182010 0.003325178
0.000179343 0.003178170
0.000173343 0.003157836
0.000179676 0.003503187
0.000177343 0.003264174
0.000178676 0.003416516
0.000176343 0.003495187
0.000164675 0.003192504
0.000176676 0.003267175
0.000177343 0.003345179
0.000178343 0.003358180
0.000182676 0.003351513
0.000169342 0.003209505
0.000176676 0.003188504
0.000181677 0.003409182
0.000179009 0.003253840
0.000170676 0.003158502
0.000153675 0.003115833
0.000186010 0.003268508
0.000174676 0.003078498
0.000177010 0.015526497
0.000160009 0.003403182
0.000180676 0.003484853
0.000180010 0.003599860
0.000186010 0.003705198
0.000185010 0.003798537
0.000171009 0.003198838
0.000181676 0.003429517
0.000180009 0.003495187
0.000176676 0.003436850
0.000173010 0.003105500
0.000175342 0.003519855
0.000181009 0.003276508
0.000182010 0.003181837
0.000186677 0.003275842
0.000175676 0.003129168
0.000160009 0.003489853
0.000181343 0.003321178
0.000186343 0.003397848
0.000179009 0.003511188
0.000179009 0.003308177
0.000161008 0.003187504
0.000173342 0.003487186
0.000178009 0.003184503
0.000175676 0.003047497
0.000177009 0.003285509
0.000157008 0.007431064
0.000171009 0.003552857
0.000179676 0.003613193
0.000186343 0.003217172
0.000191344 0.003299844
0.000171676 0.003443184
0.000169675 0.003221505
0.000168676 0.004096553
0.000176009 0.003264175
0.000175009 0.003271175
0.000179676 0.003295509
0.000182009 0.003124833
0.000175343 0.003274175
0.000179676 0.003431850
0.000176676 0.003289843
0.000185344 0.004023216
0.000181010 0.003148835
0.000193343 0.003076831
0.000175343 0.003416516
0.000172010 0.003336512
0.000183010 0.003461518
0.000178010 0.003876541
0.000190677 0.003270175
0.000176010 0.003211172
0.000189010 0.003492853
0.000176009 0.003379514
0.000175676 0.003587192
0.000182676 0.003264841
0.000174676 0.003096166
0.000186676 0.003318177
0.000168676 0.003316845
0.000186677 0.003254174
0.000190011 0.003672530
0.000190010 0.003293842
0.000179010 0.003074165
0.000170676 0.003588859
0.000171676 0.003243173
0.000184343 0.003098832
0.000180676 0.003314510
0.000187344 0.003363847
0.000180009 0.003651528
0.000179676 0.003092165
0.000191344 0.003216506
0.000180009 0.003424516
0.000186343 0.003272508
0.000173009 0.003394848
0.000181010 0.003441851
0.000182010 0.003241174
0.000181009 0.003226506
0.000180676 0.003295181
0.000179343 0.003327181
0.000181343 0.003358517
0.000180676 0.003275845
0.000174677 0.003326848
0.000186677 0.003474523
0.000179677 0.003120171
0.000179010 0.003256511
0.000183010 0.003332848
0.000180009 0.003381851
0.000181677 0.003192841
0.000172343 0.003587196
0.000191677 0.003119170
0.000179343 0.003345515
0.000183343 0.003411186
0.000176010 0.003376851
0.000183010 0.003467856
0.000178677 0.003304514
0.000189344 0.003373184
0.000184010 0.003372517
0.000187677 0.003094169
0.000177677 0.003202175
0.000179343 0.003586195
0.000187677 0.003201508
0.000184676 0.003022165
0.000180676 0.003187174
0.000176343 0.003096169
0.000185677 0.003191841
0.000174010 0.003260178
0.000186677 0.003192508
0.000185010 0.003597196
0.000169009 0.003220176
0.000181677 0.003321181
0.000185677 0.003314514
0.000177009 0.003150172
0.000188343 0.003136837
0.000312350 0.003592529
0.000179009 0.003135504
0.000169676 0.003118503
0.000181343 0.003358183
0.000177676 0.003129171
0.000170343 0.003435521
0.000170343 0.003069834
0.000302350 0.003402852
0.000780709 0.003583196
0.000192677 0.003055833
0.000172676 0.002967162
0.000190010 0.003603863
0.000172343 0.003159173
0.000175343 0.003192508
0.000179677 0.003459856
0.000187343 0.003108503
0.000173010 0.003298180
0.000186344 0.004472911
0.000182010 0.003294180
0.000180676 0.003301847
0.000186677 0.003213508
0.000180677 0.003389519
0.000186677 0.003633865
0.000179677 0.003187841
0.000183010 0.003249844
0.000179010 0.003576528
0.000176676 0.003221842
0.000187010 0.003112503
0.000187677 0.003376518
0.000181343 0.003090168
0.000184010 0.003341182
0.000172343 0.003194175
0.000191678 0.003086169
0.000187677 0.003671867
0.000182676 0.003149505
0.000183010 0.003235177
0.000176676 0.003423187
0.000177009 0.003089168
0.000183677 0.003266512
0.000179343 0.003436854
0.000178343 0.003408853
0.000179344 0.003472857
0.000178343 0.003072501
0.000176676 0.003331182
0.000176010 0.003640199
0.000181010 0.003124504
0.000174343 0.003317515
0.000186010 0.003587196
0.000186677 0.003389851
0.000189344 0.003109837
0.000182343 0.003268178
0.000171676 0.003317515
0.000180343 0.003367517
0.000186343 0.003153505
0.000173010 0.003103503
0.000176343 0.003348850
0.000162342 0.003006164
0.000184677 0.003209842
0.000178343 0.003193841
0.000180676 0.003354516
0.000169676 0.002989496
0.000172009 0.003420187
0.000177343 0.003302514
0.000174010 0.003187174
0.000172010 0.003311181
0.000182343 0.003200508
0.000177676 0.003360850
0.000186343 0.003124837
0.000187676 0.003102835
0.000182344 0.003501858
0.000180010 0.003134838
0.000187010 0.003324515
0.000182676 0.003450855
0.000188344 0.003113504
0.000174343 0.003061834
0.000179010 0.003550861
0.000181677 0.003275512
0.000174343 0.003302514
0.000184010 0.003175840
0.000174342 0.004155226
0.000179343 0.003417520
0.000182009 0.003343515
0.000165009 0.003246178
0.000176343 0.003537526
0.000189344 0.003182841
0.000173343 0.003117170
0.000184344 0.003275846
0.000187677 0.003185174
0.000182343 0.003242177
0.000178676 0.003423853
0.000175676 0.003313181
0.000169342 0.003299847
0.000166010 0.003237844
0.000183676 0.003491190
0.000174676 0.003443188
0.000180010 0.003412853
0.000171009 0.003542193
0.000172676 0.003552861
0.000181677 0.003439855
0.000184677 0.003456522
0.000191011 0.003441855
0.000185010 0.003372851
0.000174343 0.003615864
0.000177010 0.003374517
0.000188344 0.003195174
0.000187677 0.003522525
0.000190010 0.003151172
0.000175343 0.003168839
0.000180344 0.003606864
0.000186677 0.003385184
0.000443025 0.003690868
0.000187677 0.003407853
0.000177676 0.003143505
0.000183343 0.003122504
0.000189010 0.003538526
0.000185676 0.003078168
0.000156009 0.003259511
0.000172342 0.003219175
0.000185677 0.005938658
0.000175010 0.003421854
0.000185010 0.003184174
0.000181677 0.003215842
0.000180344 0.003572195
0.000183010 0.003255845
0.000187677 0.003191508
0.000190678 0.003781873
0.000183676 0.003234509
0.000180010 0.003613197
0.000180343 0.003352183
0.000179343 0.003225510
0.000190344 0.003601196
0.000188677 0.003257177
0.000177677 0.003119837
0.000183343 0.003443187
0.000182677 0.003295180
0.000179009 0.003096502
0.000181343 0.003448855
0.000177343 0.003446521
0.000177343 0.003473523
0.000187010 0.003564194
0.000187677 0.003276846
0.000178010 0.003477523
0.000171343 0.003631865
0.000180677 0.003247511
0.000181010 0.003339182
0.000176343 0.003190507
0.000191010 0.002947827
0.000176010 0.003528193
0.000175010 0.003133171
0.000184344 0.003430854
0.000179010 0.003454189
0.000186010 0.003403186
0.000174676 0.003549527
0.000186677 0.003305513
0.000177676 0.003125504
0.000180677 0.003343182
0.000176677 0.004146560
0.000173676 0.002924160
0.000177676 0.003506524
0.000181010 0.003195174
0.000190011 0.003241844
0.000177343 0.003629865
0.000167010 0.003202175
0.000175677 0.003481524
0.000183010 0.003032165
0.000176009 0.003136838
0.000184676 0.003350173
0.000164676 0.003158164
0.000180010 0.003091827
0.000179010 0.003292504
0.000185343 0.003211500
0.000183009 0.003325172
0.000157675 0.003292838
0.000171675 0.003080159
0.000178343 0.003132496
0.000180676 0.003733860
0.000180342 0.003165497
0.000186343 0.003401843
0.000173009 0.003238834
0.000178009 0.003048824
0.000178676 0.003459846
0.000178343 0.003164497
0.000162675 0.003265503
0.000178676 0.003586519
0.000173342 0.003155830
0.000169343 0.003316839
0.000179676 0.003380175
0.000175342 0.003077826
0.000170342 0.003626854
0.000169342 0.003240501
0.000174009 0.003093827
0.000284681 0.003331505
0.000193010 0.003247835
0.000177676 0.003126829
0.000179009 0.003582185
0.000181009 0.003239501
0.000182343 0.003512182
0.000185676 0.003408843
0.000183010 0.003058159
0.000180009 0.003367508
0.000178676 0.003394842
0.000189677 0.003358841
0.000174676 0.003327172
0.000189009 0.003071492
0.000167009 0.003424511
0.000183343 0.003205499
0.000174343 0.003105828
0.000180343 0.003076493
0.000174342 0.003548517
0.000181343 0.003411510
0.000180009 0.008108753
0.000182342 0.007221374
0.000171009 0.007091367
0.000177676 0.007305046
0.000180676 0.006869689
