0.000173010 0.006690025
0.000179343 0.006779029
0.000169675 0.006432343
0.000173010 0.006233334
0.000181676 0.007115713
0.000168342 0.006113660
0.000177010 0.006636688
0.000178343 0.006646355
0.000175676 0.006437677
0.000171676 0.006833032
0.000180010 0.006492347
0.000184010 0.006304670
0.000175343 0.006454345
0.000178009 0.006982706
0.000172010 0.006372008
0.000188676 0.006490013
0.000181676 0.006822698
0.000177677 0.006213333
0.000187677 0.006166330
0.000176676 0.006598352
0.000157342 0.002401128
0.000172675 0.002548802
0.000176676 0.002395128
0.000180009 0.002316457
0.000181343 0.002290456
0.000169676 0.002496800
0.000169010 0.002281456
0.000158009 0.002206118
0.000176009 0.002154448
0.000172009 0.002279789
0.000168675 0.002303790
0.000157008 0.002619473
0.000170676 0.002622474
0.000178010 0.002432464
0.000186010 0.002431463
0.000173343 0.002270788
0.000174009 0.002158449
0.000172010 0.002811817
0.000170676 0.002348126
0.000173010 0.002288123
0.000174676 0.002589806
0.000178677 0.002181450
0.000179676 0.002410128
0.000175676 0.002472799
0.000171009 0.002261787
0.000179343 0.002267788
0.000165342 0.002142781
0.000177343 0.002151782
0.000175676 0.002365460
0.000180343 0.002536469
0.000179676 0.002224119
0.000179676 0.002442131
0.000169009 0.002247454
0.000172342 0.002303456
0.000156676 0.002334792
0.000173676 0.002612806
0.000165676 0.002503801
0.000180343 0.002399795
0.000172676 0.002134781
0.000182010 0.002260787
0.000162675 0.002942157
0.000171342 0.002431796
0.000176676 0.002245120
0.000174676 0.002332125
0.000167009 0.002229453
0.000175342 0.002473132
0.000175010 0.002439131
0.001070390 0.002902821
0.000171343 0.002679810
0.000175009 0.002549136
0.000177343 0.002646142
0.000173343 0.002377461
0.000178009 0.002679143
0.000170009 0.002394795
0.000186010 0.002585805
0.000180676 0.002551470
0.000175010 0.002165783
0.000178343 0.002378461
0.000750706 0.003092498
0.000183343 0.002487133
0.000174676 0.002320457
0.000178343 0.003924210
0.007644075 0.007678410
0.000180677 0.003089165
0.008457452 0.008496454
0.001159062 0.002166449
0.004641914 0.004675249
0.000173676 0.002031109
0.000152342 0.001966439
0.000170676 0.002298790
0.000176010 0.002183784
0.000171342 0.002038109
0.000184676 0.002049109
0.000182009 0.002000773
0.000159675 0.001973439
0.000180676 0.001989439
0.000183010 0.002131114
0.000171009 0.002151782
0.000178342 0.001952437
0.000173010 0.001687757
0.000386020 0.002135114
0.000182343 0.002048442
0.000178677 0.002098113
0.000180010 0.001896435
0.000175676 0.002092112
0.000173343 0.002020442
0.000289016 0.002028775
0.000187010 0.002042776
0.000171676 0.002125113
0.000181343 0.002058443
0.000171676 0.001756427
0.000166342 0.001753760
0.000160342 0.002454465
0.000185344 0.002240454
0.000185009 0.002463465
0.000165676 0.002130781
0.000173343 0.002352459
0.000168342 0.002227786
0.000168675 0.002141448
0.000261348 0.002425797
0.000172343 0.002728146
0.000182010 0.002376794
0.000175676 0.002388461
0.000183009 0.002278788
0.000177009 0.004105219
0.000168675 0.002293456
0.000182676 0.002489133
0.000180343 0.002427797
0.000177343 0.002047110
0.000168342 0.002228786
0.000184010 0.002423796
0.000172343 0.002927157
0.000170676 0.002247121
0.000185010 0.002363459
0.000186010 0.002227453
0.000178676 0.002400795
0.000174676 0.002340459
0.000175010 0.002349459
0.000173676 0.002223119
0.000182009 0.002352459
0.000178009 0.002202451
0.000178010 0.002332125
0.000172343 0.002433130
0.000164675 0.002374127
0.000169676 0.002479133
0.000178343 0.002269455
0.000181676 0.002483133
0.000186343 0.002300123
0.000186343 0.002233453
0.000163675 0.002621473
0.000169676 0.002480466
0.000180009 0.002190450
0.000171676 0.002298456
0.000174676 0.002470466
0.000182009 0.002150115
0.000177343 0.002543136
0.000178677 0.002209119
0.000180009 0.002330124
0.000161675 0.002391128
0.000170342 0.002310123
0.000159341 0.002141448
0.000180009 0.002393128
0.000172009 0.002483133
0.000177343 0.002213452
0.000180009 0.002263454
0.000172675 0.002284788
0.000170676 0.002107446
0.000163675 0.002423130
0.000177009 0.002312790
0.000180676 0.002275788
0.000173342 0.002144448
0.000169676 0.002290122
0.000175676 0.002637807
0.000181676 0.002283456
0.000177676 0.002231452
0.000173676 0.002154449
0.000170009 0.002604473
0.000175676 0.002173450
0.000174010 0.002632808
0.000170342 0.002333458
0.000171343 0.003985214
0.000166343 0.002678477
0.000176009 0.002107446
0.000181009 0.002412129
0.000173009 0.002608473
0.000173343 0.002424797
0.000165675 0.002420796
0.000178010 0.002559137
0.000171010 0.002305790
0.000176676 0.002257121
0.000174676 0.002483466
0.000173676 0.002332792
0.000177343 0.002570471
0.000176009 0.002177783
0.000178010 0.002187117
0.000171676 0.002536469
0.000176676 0.002515468
0.000174009 0.002210785
0.000178677 0.002662143
0.000186677 0.002389795
0.000147674 0.002216452
0.000168009 0.002355126
0.000162008 0.002799150
0.000158675 0.002561471
0.000175676 0.002440797
0.000186677 0.002458132
0.000178342 0.002460798
0.000181677 0.002183117
0.000187677 0.002625140
0.000170009 0.002470132
0.000170009 0.002373794
0.000170676 0.002295123
0.000183010 0.002482799
0.000178676 0.002448798
0.000175676 0.002471133
0.000183676 0.002235786
0.000171675 0.002263787
0.000168676 0.002112447
0.000170343 0.002201452
0.000181343 0.002234453
0.000316684 0.002678810
0.000173009 0.002324124
0.001023722 0.003041830
0.000170009 0.002345459
0.000170343 0.002201451
0.000177676 0.002434130
0.000171343 0.002348126
0.000172676 0.002321457
0.000173676 0.002293790
0.000173676 0.002383794
0.000176677 0.002332459
0.000167342 0.002527135
0.000170676 0.002922157
0.000171676 0.002403795
0.000164342 0.002530135
0.000167342 0.002315457
0.000184343 0.002168449
0.000167009 0.002713145
0.000170009 0.002287789
0.000171343 0.002225119
0.000179677 0.002267788
0.000171343 0.002405462
0.000167009 0.002246120
0.000378687 0.002577805
0.000173676 0.002480466
0.000179010 0.002265788
0.000172342 0.002219452
0.000167343 0.002408129
0.000185343 0.002277122
0.000172343 0.002522135
0.000170010 0.002332459
0.000163343 0.002259121
0.000179010 0.002320791
0.000178009 0.002363126
0.000172676 0.002240453
0.000173010 0.002509468
0.000173343 0.002264788
0.000180677 0.002185784
0.000171343 0.002255454
0.000173676 0.002322457
0.000169342 0.002391461
0.000171009 0.002555136
0.000180009 0.002518134
0.000172009 0.002255787
0.000183677 0.002425463
0.000176010 0.002340792
0.000163342 0.003105833
0.000175009 0.002580804
0.000182343 0.002147115
0.000178343 0.002315124
0.000178009 0.002493133
0.000179676 0.002352126
0.000181343 0.002256454
0.000164342 0.002373127
0.000168676 0.002281456
0.000178010 0.002359460
0.000185343 0.002369794
0.000180009 0.002175449
0.000173342 0.002590138
0.000178343 0.002389128
0.000176676 0.002402128
0.000174343 0.002357460
0.000178676 0.002331124
0.000176342 0.002319124
0.000174010 0.002824485
0.000172676 0.002240120
0.000173676 0.002188784
0.000182676 0.002402128
0.000179343 0.002192117
0.000168675 0.002240786
0.000164675 0.002772815
0.000182343 0.002548136
0.000173676 0.002186117
0.001764761 0.002419796
0.000177009 0.002238786
0.000176342 0.002162115
0.000183343 0.002623474
0.000170343 0.002407796
0.000176009 0.002162115
0.000175676 0.002378127
0.000178676 0.002361793
0.000180677 0.002390462
0.000179676 0.002742480
0.000177677 0.002215119
0.000167342 0.002253120
0.000162675 0.002143448
0.000170676 0.002272455
0.000177343 0.002615806
0.000164008 0.002509134
0.000172676 0.002218119
0.000173676 0.002289790
0.000169676 0.002347792
0.000177676 0.002557137
0.000170342 0.003119167
0.000155008 0.002706145
0.000180676 0.002214785
0.000175342 0.004783589
0.000162675 0.002256121
0.000186010 0.002597139
0.000186010 0.002311457
0.000183010 0.002666810
0.000167676 0.002234786
0.000181676 0.002076444
0.000175009 0.002263788
0.000169009 0.002327124
0.000176342 0.002504467
0.000180010 0.002402795
0.000183009 0.002426463
0.000170342 0.002241453
0.000169343 0.002203118
0.000192344 0.002315458
0.000167676 0.002465465
0.000185676 0.002300789
0.000169342 0.002280455
0.000172676 0.002321457
0.000175009 0.002304457
0.000169676 0.002406462
0.000177010 0.002599473
0.000179676 0.002440464
0.000172343 0.002440798
0.000167009 0.002278455
0.000168676 0.002076111
0.000182010 0.002241787
0.000177676 0.002426463
0.000172009 0.002274455
0.000187010 0.002394795
0.000172343 0.002174450
0.000164675 0.002165115
0.000175342 0.002389461
0.000175676 0.002761814
0.000182343 0.002326791
0.000173676 0.002327792
0.000182010 0.002371127
0.000182676 0.002331458
0.000168343 0.002403462
0.000174009 0.002611806
0.000177342 0.002184783
0.000179009 0.002507800
0.000171342 0.002374793
0.000177343 0.002472466
0.000176010 0.002899489
0.000176676 0.002429796
0.000176010 0.002404795
0.000174676 0.002335791
0.000183343 0.002325791
0.000184343 0.002349135
0.000173010 0.002386808
0.000181677 0.002380134
0.000174343 0.002383138
0.000179677 0.002350469
0.000182010 0.002490144
0.000169344 0.002338135
0.000179010 0.002361470
0.000173677 0.002398805
0.000179344 0.002190460
0.000173343 0.002087787
0.000178677 0.002305466
0.000179010 0.002296466
0.000164676 0.002517145
0.000167010 0.002460142
0.000173677 0.002417473
0.000177677 0.003024841
0.000175010 0.002121122
0.000173676 0.002215127
0.000178677 0.002549814
0.000166343 0.002396804
0.000172343 0.002160791
0.000162676 0.002368137
0.000172010 0.002089454
0.000180010 0.002395805
0.000171676 0.002245796
0.000180344 0.002834497
0.000185677 0.002233462
0.000186678 0.002262131
0.000170010 0.002154124
0.000169676 0.002161791
0.000168676 0.002428473
0.000176677 0.002295132
0.000176344 0.002165792
0.000171010 0.002188793
0.000185010 0.002458808
0.000176343 0.002370136
0.000186344 0.002239796
0.000163676 0.002083120
0.000182011 0.002644486
0.000183011 0.010718951
0.000177343 0.007104409
0.000174343 0.002942836
0.000177344 0.003477534
0.000172676 0.002256796
0.000171343 0.002417806
0.000179010 0.002192460
0.000176343 0.002169792
0.000163676 0.002222795
0.000376022 0.002868832
0.000178343 0.002448141
0.000176676 0.002446141
0.000181011 0.002226795
0.000180011 0.002160792
0.000177343 0.002427473
0.000167676 0.002446474
0.000179011 0.002166458
0.000160676 0.002316467
0.000178344 0.002308133
0.000175010 0.002270798
0.000186010 0.002485143
0.000169343 0.003181850
0.000173677 0.002423807
0.000170344 0.002632486
0.000167343 0.002284799
0.000169677 0.002133123
0.000170343 0.002463475
0.000164009 0.002414806
0.000177010 0.002247463
0.000169677 0.002190127
0.000186678 0.002229462
0.000177010 0.002096787
0.000166009 0.002455808
0.000177677 0.002334468
0.000178677 0.002339134
0.000182011 0.002141790
0.000178343 0.002239795
0.000182010 0.002731824
0.000175010 0.002640819
0.000176010 0.002317800
0.000175343 0.002196793
0.000169009 0.002275131
0.000417690 0.002474476
0.000181344 0.002320134
0.000175343 0.002612817
0.000168010 0.002376137
0.000173344 0.002243796
0.000171010 0.002162458
0.000174677 0.002513145
0.000164343 0.002232462
0.000182344 0.002597483
0.000174010 0.002987173
0.000177344 0.002215128
0.000177011 0.002261464
0.000172677 0.002614484
0.000178010 0.002325468
0.000173343 0.002632819
0.000175677 0.002274465
0.000283350 0.002391471
0.000155008 0.002148457
0.000175344 0.002298800
0.000187344 0.002266130
0.000176677 0.002399138
0.000173010 0.002438140
0.000177343 0.002233795
0.000172010 0.002481810
0.000180010 0.002087787
0.000181343 0.002209460
0.000181010 0.002628818
0.000177343 0.002206794
0.000180010 0.002331468
0.000172010 0.002422807
0.000371021 0.002568148
0.000170010 0.002388805
0.000181011 0.002289466
0.000180677 0.002353136
0.000174010 0.002366469
0.000184677 0.002323134
0.000176677 0.002249130
0.000170010 0.002530146
0.000174676 0.002309133
0.000168343 0.002360469
0.000341353 0.002459808
0.000177677 0.002217795
0.000183010 0.002118455
0.000173677 0.002518479
0.000175677 0.002231462
0.000179344 0.002174126
0.000168677 0.002243129
0.000167009 0.002053773
0.000165008 0.002232788
0.000183010 0.002500802
0.000171342 0.002397128
0.000180343 0.002296456
0.000181677 0.002442464
0.000173009 0.002229119
0.000174010 0.002225119
0.000174342 0.002328791
0.000181676 0.002328791
0.000165675 0.002614473
0.000171676 0.002255121
0.000176676 0.002267122
0.000175009 0.002185450
0.000180010 0.002616140
0.000170675 0.002223452
0.000156675 0.002162449
0.000181343 0.002291456
0.000175009 0.002673143
0.000177009 0.002234786
0.000173676 0.002425797
0.000182343 0.002429796
0.000176010 0.002088445
0.000171009 0.002490466
0.000150675 0.002165449
0.000183009 0.002140781
0.000174009 0.002585805
0.000178676 0.002564804
0.000178343 0.002110779
0.000182010 0.002392462
0.000185010 0.002234120
0.000176676 0.002187117
0.000173009 0.002460132
0.000376354 0.002397462
0.000182010 0.002435464
0.000178676 0.002190117
0.000176342 0.002465132
0.000174009 0.002751147
0.000175010 0.002191118
0.000169676 0.002537136
0.000170342 0.002461465
0.000175342 0.002360126
0.000188677 0.002312457
0.000170343 0.002691477
0.000175342 0.002248453
0.000175676 0.002536136
0.000158342 0.002562137
0.000165342 0.004636248
0.000172009 0.002535803
0.000424356 0.002927823
0.000180343 0.002607139
0.000180343 0.002176783
0.000180676 0.002216119
0.000166675 0.002360459
0.000179676 0.002229786
0.000184344 0.002942825
0.000172009 0.002331458
0.000183343 0.002240120
0.000183343 0.002471799
0.000177009 0.002381127
0.000174009 0.002282455
0.000173676 0.002662476
0.000174009 0.006027656
0.000184343 0.006147996
0.000179010 0.006310005
0.000165342 0.006177331
0.000179676 0.007044377
0.000174676 0.006654689
0.000182009 0.006302670
0.000166676 0.006271669
0.000174343 0.006217999
0.000184677 0.006603020
0.000172343 0.006058991
0.000175676 0.006719026
0.000173009 0.006848033
0.000181343 0.006364341
0.000173343 0.006361674
0.000177010 0.006605020
0.000400021 0.006034656
0.000184343 0.006270336
0.000179676 0.007257388
0.000170675 0.006105326
0.000181677 0.002285123
0.000172343 0.002208119
0.000373020 0.002362127
0.000163342 0.002503134
0.000173342 0.002553803
0.000171678 0.002387489
0.000174011 0.002102800
0.000174677 0.002250807
0.000170011 0.002587498
0.000176011 0.002177137
0.000177678 0.002370151
0.000164344 0.002344481
0.000170344 0.002294478
0.000284351 0.002330814
0.000149343 0.002598498
0.000173678 0.002398819
0.000181345 0.002383151
0.000170011 0.002224808
0.000190679 0.002492491
0.000169677 0.002191805
0.000163343 0.002555828
0.000170344 0.002599831
0.000194679 0.002322480
0.000181678 0.002180138
0.000188345 0.002198139
0.000174344 0.002113467
0.000171345 0.002591831
0.000172344 0.002340148
0.000160344 0.002305813
0.000428693 0.002335481
0.000172011 0.002271144
0.000185345 0.002340148
0.000176345 0.002725173
0.000165678 0.002444155
0.000173677 0.002186138
0.000182012 0.002424487
0.000176345 0.002245809
0.000181011 0.002361816
0.000170011 0.002507159
0.000191012 0.002471823
0.000177011 0.002486824
0.000173344 0.002152469
0.000186678 0.002320813
0.000177678 0.002522160
0.000180344 0.002578496
0.000178011 0.002340815
0.000176011 0.002455822
0.000183011 0.002248142
0.000266017 0.002305812
0.000174011 0.002501491
0.000167344 0.002436488
0.000171010 0.002438154
0.000175344 0.002120134
0.000183012 0.002365150
0.000176011 0.002431154
0.000170011 0.002188806
0.000175678 0.002626166
0.000184012 0.002481491
0.000193345 0.002288145
0.000169678 0.002268144
0.000180345 0.002256810
0.000178011 0.002717172
0.000177678 0.002419820
0.000174344 0.002252142
0.000274017 0.002374817
0.000158677 0.003119864
0.000184012 0.002725839
0.000184345 0.002615166
0.000179678 0.002388818
0.000172677 0.002451821
0.000429360 0.002681169
0.000233015 0.002271477
0.000176011 0.002420153
0.000175011 0.002783509
0.000173678 0.002192806
0.000177344 0.002124134
0.000178344 0.002421820
0.000185012 0.002215141
0.000172344 0.002235475
0.000178678 0.002669168
0.000170344 0.002168804
0.000174678 0.002208473
0.000162677 0.002197139
0.000187012 0.002294145
0.000184679 0.002099133
0.000170344 0.002444488
0.000171011 0.002372817
0.000168344 0.002396151
0.000176345 0.002366817
0.000174344 0.002230141
0.000172344 0.002214807
0.000175011 0.002490158
0.000171678 0.002286145
0.000187012 0.002147469
0.000179345 0.002269810
0.000175678 0.002277477
0.000166678 0.002481157
0.000176012 0.002640501
0.000164010 0.002366816
0.000167678 0.002157470
0.000178011 0.002687836
0.000178012 0.002337148
0.000174677 0.002266476
0.000171011 0.002438821
0.000167344 0.002255476
0.000167344 0.002761841
0.000172344 0.002303145
0.000173677 0.002247809
0.000174011 0.002536160
0.000175345 0.002447822
0.000169011 0.002412820
0.000174345 0.002235475
0.000178678 0.002666502
0.000171344 0.002122134
0.000170011 0.002465823
0.000178678 0.002283144
0.000150009 0.002298145
0.000171677 0.002255809
0.000169344 0.002270810
0.000176344 0.002162470
0.000178678 0.002537494
0.000174345 0.002374484
0.000171345 0.002366484
0.000276349 0.002244783
0.000172342 0.002368791
0.000182343 0.002188119
0.000177009 0.002845817
0.000172343 0.002219453
0.000184677 0.002553136
0.000175010 0.002359794
0.000175676 0.002428464
0.000385687 0.002611806
0.000179343 0.002385127
0.000171675 0.002532135
0.000188677 0.002202784
0.000173009 0.002346126
0.000173343 0.002246121
0.000181343 0.002316124
0.000172676 0.002334791
0.000185343 0.002285122
0.000180010 0.002236120
0.000171009 0.002589805
0.000180010 0.002183117
0.000171343 0.002176117
0.000183010 0.002583139
0.000176676 0.002312457
0.000170676 0.002327124
0.000175009 0.002126780
0.000183010 0.002432797
0.000173676 0.002487133
0.000183676 0.002594805
0.000176343 0.002239120
0.000180676 0.002059110
0.000175676 0.002200785
0.000168342 0.002188117
0.000174010 0.002241120
0.000329351 0.002555803
0.000174676 0.002409795
0.000171343 0.002072111
0.000213011 0.002518468
0.000164676 0.002723813
0.000171010 0.002895489
0.000172009 0.002483133
0.000268347 0.002365460
0.000178676 0.002385461
0.000177676 0.002064444
0.000174676 0.002262788
0.000174343 0.002652142
0.000175343 0.002315457
0.000170675 0.002428463
0.000168342 0.002342792
0.000170009 0.002472799
0.000455358 0.002331458
0.000174342 0.002364126
0.000171343 0.002273455
0.000174343 0.002290790
0.000176343 0.002194784
0.000172009 0.002151782
0.000164342 0.002337459
0.000175342 0.002810484
0.000168009 0.002421796
0.000169009 0.002478466
0.000169675 0.002241786
0.000173343 0.002407796
0.000180677 0.002595473
0.000177010 0.002892488
0.000183343 0.002505134
0.000180010 0.002289123
0.000367687 0.002523469
0.000168009 0.002351792
0.000173676 0.002444797
0.000176009 0.002718145
0.000166675 0.002498133
0.000169343 0.002214785
0.000172342 0.002344125
0.000179342 0.002424796
0.000176343 0.002403128
0.000174676 0.002493800
0.000172676 0.002472466
0.000183010 0.002170783
0.000177010 0.002235453
0.000175009 0.002277122
0.000170676 0.002240787
0.000176010 0.002728813
0.000177009 0.002145115
0.000166675 0.002198784
0.000164676 0.002485467
0.000182677 0.002477466
0.000176343 0.002232120
0.000172676 0.002502468
0.000167009 0.002308457
0.000173343 0.002204118
0.000169009 0.002294123
0.000175676 0.002395128
0.000174343 0.002680810
0.000168676 0.002483800
0.000169675 0.002417129
0.000183344 0.002418463
0.000184010 0.002372461
0.000183343 0.002306790
0.000170676 0.002657809
0.000176009 0.002152448
0.000173009 0.002280122
0.000161008 0.002187784
0.000176009 0.002215452
0.000163342 0.002221453
0.000189010 0.002553803
0.000173342 0.002243453
0.000178677 0.002328125
0.000169009 0.002256454
0.000180676 0.002583805
0.000280681 0.002248120
0.000171676 0.002534811
0.000169010 0.002563152
0.000175343 0.002266798
0.000182677 0.002144458
0.000184344 0.002322801
0.000180677 0.002414473
0.000183011 0.002463810
0.000169344 0.002236130
0.000167010 0.002312134
0.000172343 0.002723825
0.000169010 0.002527147
0.000181011 0.002480478
0.000184678 0.002641154
0.000180677 0.002437475
0.000166677 0.002247464
0.000166343 0.002411807
0.000166343 0.002317468
0.000176343 0.002331802
0.000184011 0.002486478
0.000173010 0.002514813
0.000175344 0.002286800
0.000175010 0.002259798
0.000178011 0.002225796
0.000181011 0.002255798
0.000180677 0.002569483
0.000162009 0.002217795
0.000171009 0.002810163
0.000181677 0.002305467
0.000180011 0.002411807
0.000178677 0.002386472
0.000179010 0.002275799
0.000171677 0.002193794
0.000173676 0.002276799
0.000166010 0.002306801
0.000184011 0.002488812
0.000171344 0.002356804
0.000174677 0.002266132
0.000181344 0.002217129
0.000182344 0.002317801
0.000169010 0.002351470
0.000176344 0.002314134
0.000183344 0.002681823
0.000158676 0.002577816
0.000171677 0.002371471
0.000180677 0.002599151
0.000173343 0.002299800
0.000169677 0.002224463
0.000180343 0.002516146
0.000175343 0.002252464
0.000172010 0.002419474
0.000174677 0.002419141
0.000174010 0.002321801
0.000179678 0.002383806
0.000175344 0.002358137
0.000173009 0.007222715
0.000179343 0.005954315
0.000181676 0.006269666
0.000177676 0.006746024
0.000174676 0.015834505
0.000575031 0.009409499
0.003181168 0.007309054
0.000163008 0.006299667
0.000173676 0.006083322
0.000179676 0.006194661
0.000176343 0.006799360
0.000158675 0.006505677
0.000174676 0.006304667
0.000182010 0.006765692
0.000174676 0.006045654
0.000174342 0.006209995
0.000182010 0.006550680
0.000173343 0.006502678
0.000183010 0.006678687
0.000186677 0.006788026
0.000172009 0.002387793
0.000183010 0.002498466
0.000184676 0.002372792
0.000179677 0.002490132
0.000169343 0.002161115
0.000178343 0.002177782
0.000182010 0.002192783
0.000173676 0.002158781
0.000176343 0.002835817
0.000157675 0.002341124
0.000177676 0.002058442
0.000174342 0.002338124
0.000168342 0.002244452
0.000172675 0.002222117
0.000175342 0.002674475
0.000166342 0.002373459
0.000173009 0.003156834
0.000174009 0.002297455
0.000180010 0.002268787
0.000175343 0.002217451
0.000170343 0.002624139
0.000176342 0.002222784
0.000186010 0.002067777
0.000172676 0.002429462
0.000662702 0.002255453
0.000183009 0.002251785
0.000174343 0.002538135
0.000186677 0.002312123
0.000179010 0.002362792
0.000171009 0.002059776
0.000189344 0.002357792
0.000164008 0.002362125
0.000148341 0.002391460
0.000171676 0.002384127
0.000176342 0.002300788
0.000175342 0.002402794
0.000179676 0.002316789
0.000183677 0.002227785
0.000161342 0.002546135
0.000162009 0.002249453
0.000180677 0.002316790
0.000172676 0.008721128
0.000173676 0.002182449
0.000172009 0.007462062
0.000184009 0.002950823
0.000173675 0.002125445
0.000170009 0.001932102
0.000180009 0.001989772
0.000174342 0.001960770
0.000176009 0.002019440
0.000173342 0.002037107
0.000175009 0.002026107
0.000162342 0.001900101
0.000163342 0.001923102
0.000169342 0.002173115
0.000167675 0.001688089
0.000182009 0.002447463
0.000169675 0.002296121
0.000171009 0.002370459
0.000179343 0.002295455
0.000183344 0.002322457
0.000178343 0.003053162
0.000166676 0.005646966
0.000176009 0.002946156
0.000165009 0.002844151
0.000168009 0.002750146
0.000179343 0.002174449
0.000170009 0.002294122
0.000296682 0.002095778
0.000174009 0.002020774
0.000781708 0.002761813
0.004532573 0.004561575
0.000189677 0.003423515
0.000967051 0.002288787
0.000318684 0.002601805
0.010046532 0.010080201
0.000170676 0.003288174
0.001999439 0.002026440
0.000175676 0.001932769
0.000177343 0.001817430
0.000171676 0.001962771
0.000174676 0.001910435
0.000175343 0.001966104
0.000173009 0.002163448
0.000175010 0.002034775
0.000178676 0.002075110
0.000170342 0.002042441
0.000182676 0.001879433
0.000177343 0.001978772
0.000164009 0.002008773
0.000178676 0.001985105
0.000179343 0.014090746
0.000176343 0.001949770
0.000175343 0.002445130
0.000176676 0.002482464
0.000171343 0.002340791
0.000177010 0.002434796
0.000167009 0.002666475
0.000170342 0.002384459
0.000167009 0.002091444
0.000191343 0.002657474
0.000170009 0.002358458
0.000177009 0.002397460
0.000184676 0.002628806
0.000187343 0.002410461
0.000168009 0.002275120
0.000181676 0.002291455
0.000162342 0.002254786
0.000174342 0.002608138
0.000178010 0.002389820
0.000174013 0.002338179
0.000176344 0.002293481
0.000177345 0.002291161
0.000170012 0.002217153
0.000172345 0.002417500
0.000168345 0.002054142
0.000156677 0.002257823
