0.000292682 0.006426008
0.000169342 0.006180328
0.000780709 0.007433395
0.000175343 0.010271546
0.004838924 0.008931142
0.000891381 0.008140433
0.003022161 0.018521985
0.002245119 0.009478170
0.004420235 0.008378446
0.000179676 0.006312336
0.000170009 0.006310336
0.000179676 0.006348670
0.000176009 0.011460609
0.000183677 0.006105325
0.000181009 0.006312669
0.000185343 0.006899033
0.000176343 0.006237665
0.000165676 0.006450343
0.000173676 0.006139660
0.000174343 0.008812469
0.000184677 0.002397128
0.000172342 0.002542468
0.000180343 0.002335124
0.000172343 0.002319790
0.000169343 0.002439797
0.000178009 0.002161448
0.000179009 0.002507467
0.000179343 0.002483132
0.000173342 0.002246786
0.000172342 0.019112682
0.000183010 0.002481799
0.000173009 0.002398461
0.000173676 0.013760731
0.000177677 0.002447797
0.000169009 0.002983492
0.000172009 0.002217451
0.000179676 0.002237119
0.000177676 0.021014780
0.000177009 0.002411461
0.000174676 0.002177115
0.000173676 0.019697044
0.000180676 0.002724478
0.000177009 0.002175448
0.000169009 0.002209450
0.000274681 0.002589804
0.000178676 0.008751131
0.000170342 0.002373126
0.000178010 0.002488132
0.000179677 0.002296456
0.000163009 0.002265120
0.000183676 0.002377459
0.000178009 0.002468464
0.000178010 0.002363792
0.000179009 0.002162781
0.000174343 0.002335791
0.000170009 0.024760313
0.000180676 0.002402461
0.000180009 0.002429129
0.000174676 0.002455463
0.000184343 0.002476131
0.000174009 0.002487465
0.000179009 0.002479131
0.000181343 0.002440796
0.000178009 0.00232179
0.000173009 0.024660974
0.000188010 0.002481465
0.000183344 0.002744146
0.000170343 0.002227118
0.000162342 0.002182449
0.000174342 0.002198450
0.000179677 0.002060110
0.000172676 0.002509133
0.000177676 0.002338457
0.000170675 0.002314789
0.000172675 0.018867666
0.000181677 0.002250786
0.000310349 0.002595137
0.000181677 0.002317456
0.000168675 0.002234785
0.000179676 0.002214118
0.000170676 0.004765252
0.000160342 0.002419462
0.000165342 0.002575137
0.000175009 0.021076450
0.000180676 0.002285455
0.000176342 0.002182115
0.000166342 0.002611805
0.000181010 0.002229452
0.000178676 0.002127446
0.000162009 0.002386793
0.000179009 0.002161781
0.000176676 0.002288788
0.000175009 0.019602039
0.000184343 0.002326790
0.000173676 0.002369125
0.000162342 0.002335457
0.000173343 0.002483132
0.000177010 0.002511800
0.000170009 0.002148114
0.000170009 0.002254120
0.000167343 0.002276121
0.000169009 0.002436463
0.000175676 0.009613176
0.000180676 0.002512467
0.000167342 0.002148447
0.000173342 0.002370125
0.000173342 0.002417128
0.000159342 0.002709811
0.000174342 0.002321456
0.000183343 0.002188783
0.000186010 0.002361459
0.000172676 0.002252453
0.000180343 0.021247126
0.000177676 0.002445130
0.000176343 0.002238785
0.000173343 0.002224118
0.000176343 0.002200450
0.000172343 0.002672475
0.000180009 0.002225118
0.000167342 0.002177115
0.000175343 0.002441129
0.000176343 0.021427469
0.000179676 0.002523467
0.000173009 0.002389793
0.000169009 0.006206996
0.002768480 0.002797148
0.000169676 0.002250786
0.000178010 0.002596805
0.000184676 0.002198450
0.000164009 0.013622055
0.000170009 0.002541802
0.000166675 0.002250119
0.000176342 0.002633806
0.000171342 0.007881084
0.000181343 0.002277121
0.000169676 0.002714811
0.000172009 0.003003159
0.000291682 0.002555135
0.000170676 0.002587137
0.000177676 0.012541998
0.000184676 0.002194449
0.000176343 0.002468798
0.000180676 0.002431129
0.000186010 0.002358458
0.000176677 0.002480465
0.000470025 0.002247785
0.000188010 0.002340790
0.000183343 0.002429462
0.000153341 0.002154114
0.000178009 0.015997515
0.000178676 0.002338790
0.000170342 0.002669475
0.000179677 0.002411795
0.000163676 0.002479465
0.000170010 0.002349125
0.000170010 0.002268121
0.000173009 0.002272787
0.000179676 0.002868819
0.000167009 0.002288454
0.000173009 0.017047237
0.000187343 0.002413794
0.000176343 0.014924124
0.000178343 0.002538468
0.000177343 0.002429462
0.000172009 0.002115445
0.000170676 0.002239452
0.000176010 0.002524467
0.000177342 0.002691809
0.000165342 0.002247119
0.000184677 0.002410795
0.000174676 0.002261120
0.000172676 0.002271787
0.000155342 0.002449130
0.000168676 0.002842484
0.000177676 0.002262120
0.000171343 0.002410461
0.000172009 0.002272120
0.000176009 0.002568803
0.000176676 0.002368126
0.000178676 0.008925140
0.000170675 0.002228451
0.000172343 0.002317790
0.000171342 0.002275787
0.000174675 0.002489798
0.000179676 0.002331790
0.000174343 0.002213784
0.000176342 0.002308455
0.000182343 0.002392127
0.000175009 0.002273121
0.000177343 0.002504800
0.000177009 0.015347480
0.000175676 0.002230451
0.000173676 0.002329791
0.000173009 0.002348458
0.000173676 0.002614805
0.000170676 0.002439463
0.000184343 0.002317456
0.000284349 0.002452797
0.000171009 0.002173782
0.000179009 0.002185116
0.000166342 0.002763479
0.000168009 0.002375459
0.000181343 0.002257787
0.000180343 0.002736479
0.000159008 0.002262787
0.000177343 0.002810482
0.000175342 0.002316789
0.000169676 0.002259120
0.000176342 0.002193116
0.000178009 0.002184782
0.000175010 0.002311456
0.000187343 0.010587228
0.000179342 0.002441796
0.000166008 0.002131113
0.000167009 0.002097111
0.000171342 0.002301455
0.000172009 0.002507466
0.000165675 0.002235785
0.000176009 0.002357125
0.000170676 0.002214784
0.000168342 0.002009106
0.000179676 0.019950058
0.000176676 0.002270787
0.000167676 0.002269121
0.000151675 0.017303584
0.000175676 0.002220451
0.000176009 0.003461183
0.000177676 0.002450463
0.000167680 0.002252172
0.000173345 0.012745159
0.000178679 0.002733844
0.000185678 0.002338818
0.000173345 0.022223107
0.000176012 0.002641505
0.000170345 0.002713843
0.000177679 0.002587502
0.000174345 0.002411823
0.000171678 0.002380488
0.000177012 0.002362487
0.000175678 0.002338485
0.000175344 0.002230478
0.000186679 0.002705842
0.000176345 0.002331151
0.000176012 0.002266147
0.000182345 0.002413823
0.000172678 0.002319150
0.000173678 0.002185475
0.000186346 0.002596835
0.000172678 0.017573806
0.000177345 0.002267481
0.000178345 0.002471160
0.000173345 0.002858852
0.000173345 0.002289148
0.000177345 0.002377154
0.000170678 0.002367487
0.000179345 0.002158473
0.000174678 0.002291815
0.000163344 0.002592501
0.000173345 0.018461197
0.000171344 0.002436158
0.000176678 0.002347152
0.000168344 0.002415157
0.000177345 0.002139472
0.000175678 0.002204810
0.000171677 0.002311483
0.000170011 0.002032132
0.000177011 0.002101469
0.000167678 0.002759513
0.000175345 0.012869835
0.000174011 0.002171141
0.000174011 0.002216477
0.000173011 0.002413823
0.000173011 0.002513496
0.000166677 0.002443825
0.000166344 0.002224144
0.000173344 0.002152806
0.000170678 0.002303483
0.000162010 0.002210810
0.000171677 0.017342457
0.000184012 0.002242812
0.000173678 0.002325485
0.000146343 0.002450159
0.000170344 0.002677506
0.000174678 0.002499829
0.000171011 0.002370487
0.000170678 0.002260146
0.000176012 0.002063134
0.000172011 0.002234811
0.000188345 0.006894113
0.000164344 0.002314483
0.000179012 0.002365487
0.000176678 0.002083802
0.000158677 0.002471493
0.000176012 0.002615837
0.000176345 0.003434556
0.000440028 0.002551832
0.000176012 0.002189809
0.000177012 0.002242145
0.000164344 0.002488495
0.000170678 0.008276537
0.000175012 0.002370821
0.000163011 0.002088802
0.000270351 0.002760512
0.000169678 0.002756845
0.000179011 0.002501829
0.000167678 0.002286815
0.000181678 0.002093135
0.000182678 0.002483827
0.000158010 0.002284815
0.000179345 1.097543589
0.000392354 0.008445782
0.000378353 0.002579804
0.000378020 0.010591896
0.005366952 0.005403287
0.000185010 0.002545802
0.000167342 0.003094164
0.000471358 0.011970969
0.000169676 0.002516800
0.000177343 0.002675476
0.000168343 0.013578389
0.000178343 0.002286788
0.000175343 0.002284788
0.000178010 0.002332124
0.000180343 0.002599805
0.000174676 0.015487156
0.000184343 0.002347125
0.000172343 0.002310456
0.000177677 0.002583804
0.000164008 0.002293455
0.000172009 0.002222785
0.000174343 0.002450797
0.000185010 0.002303456
0.000176343 0.002110779
0.000176676 0.002408795
0.000166676 0.022814212
0.000182343 0.002224452
0.000170009 0.002516467
0.000173676 0.002281788
0.000180343 0.002819483
0.000166008 0.002309789
0.000171342 0.002179449
0.000166676 0.002368126
0.000174009 0.002409128
0.000172009 0.002444463
0.000166342 0.005988318
0.000170676 0.002143114
0.000169342 0.002270120
0.000168342 0.002167449
0.000165009 0.002572137
0.000175343 0.002403794
0.000178009 0.002444796
0.000179676 0.002356125
0.000193010 0.002336124
0.000173342 0.002145781
0.000174676 0.002433130
0.000171676 0.020654431
0.000171675 0.002282454
0.000155008 0.002218784
0.000180009 0.002640140
0.000173342 0.002488132
0.000172342 0.002293788
0.000166675 0.006091990
0.000181343 0.002235786
0.000167342 0.002041108
0.000170010 0.012594003
0.000265347 0.006224331
0.000179009 0.006082323
0.000177343 0.006156660
0.000173676 0.006267333
0.000177009 0.006271333
0.000172009 0.006082323
0.000180676 0.015362816
0.000175676 0.006070656
0.000173343 0.006573350
0.000177676 0.007730744
0.000179676 0.006171994
0.000174675 0.006211996
0.000176676 0.006360004
0.000181343 0.016844229
0.000179343 0.006139993
0.000155008 0.006443009
0.000170342 0.006469344
0.000161008 0.005951649
0.000172009 0.006673355
0.000172676 0.006216331
0.000172676 0.019515703
0.000166675 0.002321790
0.000168009 0.002363793
0.000177343 0.002644140
0.000172009 0.002487799
0.000178343 0.002288121
0.000180343 0.002258120
0.000172343 0.002111446
0.000294016 0.002443463
0.000177676 0.013626058
0.000176343 0.002353125
0.000181676 0.002245453
0.000157675 0.017915618
0.000173676 0.002814150
0.000169009 0.002150781
0.000189676 0.002510133
0.000165676 0.002359792
0.000168009 0.009922860
0.000178343 0.002538802
0.000167009 0.002330124
0.000176676 0.002231119
0.000164676 0.016684220
0.000165009 0.003098165
0.000163342 0.002410795
0.000176342 0.002417462
0.000180342 0.002572803
0.000174676 0.016605549
0.000171342 0.002437796
0.000171342 0.002290788
0.000166342 0.002345458
0.000177343 0.002385127
0.000184676 0.002364792
0.000177676 0.002695810
0.000179677 0.002274121
0.000176676 0.002335457
0.000175009 0.014760451
0.000174676 0.002672809
0.000176010 0.002280121
0.000169343 0.002463798
0.000176009 0.002493132
0.000182009 0.002316456
0.000176343 0.002503133
0.000188010 0.002587471
0.000178009 0.002307456
0.000183676 0.002235118
0.000174676 0.002395460
0.000174676 0.013733396
0.000177342 0.002483798
0.000162675 0.002511800
0.000170342 0.002331790
0.000188344 0.002446797
0.000166675 0.002448130
0.000174676 0.002155781
0.000179677 0.002654142
0.000174010 0.002190450
0.000179343 0.002044109
0.000275348 0.015892178
0.000177676 0.002691477
0.000172009 0.002253453
0.000152675 0.002225452
0.000180343 0.002405462
0.000179676 0.002407795
0.000171676 0.002324790
0.000176676 0.003811869
0.000172009 0.002420129
0.000189677 0.015739170
0.000178010 0.002263787
0.000172342 0.002441129
0.000167676 0.002550136
0.000172343 0.002419129
0.000169342 0.002320456
0.000179676 0.002153114
0.000178342 0.002197450
0.000175010 0.002442797
0.000180676 0.002306789
0.000173342 0.017137244
0.000178343 0.002218451
0.000181010 0.002334791
0.000177342 0.002679142
0.000176676 0.002310790
0.000174343 0.002410128
0.000181676 0.002283788
0.000168342 0.002448796
0.000178677 0.002288122
0.000174676 0.002658808
0.000171676 0.012772679
0.000177343 0.002144781
0.000175343 0.002299122
0.000186010 0.002690476
0.000179343 0.002294789
0.000174343 0.002421795
0.000173009 0.002188117
0.000183677 0.002187117
0.000180343 0.002305456
0.000159009 0.002521801
0.000180676 0.011607284
0.000173009 0.002384460
0.000172343 0.002191783
0.000180676 0.002713477
0.000278682 0.002350792
0.000177009 0.002366125
0.000185343 0.002269454
0.000174009 0.002292455
0.000176009 0.002276121
0.000181343 0.002773147
0.000177009 0.021471141
0.000376687 0.002490799
0.000172009 0.002264787
0.000172676 0.016730556
0.000160342 0.002558136
0.000173343 0.002341458
0.000175676 0.002217460
0.000167678 0.002282481
0.000181011 0.016380668
0.000175011 0.002355812
0.000174010 0.002426148
0.000169344 0.023385434
0.000180345 0.002827840
0.000176011 0.002402814
0.000173010 0.002178467
0.000185678 0.016737693
0.000185345 0.002264139
0.000172011 0.002778837
0.000185012 0.002345811
0.000181678 0.002338810
0.000174011 0.002344810
0.000163010 0.002244471
0.000172677 0.002151131
0.000176344 0.002587158
0.000175344 0.002334810
0.000178011 0.018727148
0.000169344 0.002347477
0.000168344 0.002783838
0.000172011 0.002360145
0.000174344 0.002374812
0.000178344 0.002412815
0.000175344 0.002112130
0.000177345 0.002319476
0.000181678 0.002764169
0.000173344 0.002289807
0.000168010 0.009791934
0.000173677 0.002369812
0.000175344 0.002511821
0.000192011 0.002801838
0.000180678 0.002287140
0.000176344 0.002614160
0.000168677 0.002397147
0.000183344 0.002342143
0.000173344 0.002676498
0.000166010 0.002657163
0.000178345 0.003246513
0.000365018 0.006724333
0.000380686 0.002837807
0.000392686 0.003166490
0.000170008 0.002256445
0.000166008 0.002603462
0.000167008 0.002208443
0.000169342 0.002128772
0.000170676 0.002806473
0.000171009 0.014638059
0.000181343 0.002306781
0.000164342 0.002513458
0.000170009 0.006078635
0.000170675 0.006486321
0.000175675 0.006290645
0.000182009 0.006178306
0.000167675 0.006170972
0.000181009 0.016348143
0.000169342 0.006616661
0.000171342 0.006215308
0.000182676 0.006353315
0.000173009 0.006079634
0.000176675 0.006308979
0.000171341 0.014828401
0.000331683 0.013164985
0.000174009 0.006842339
0.010890206 0.014708728
0.000176342 0.007482704
0.003633180 0.028556491
0.000174009 0.007576069
0.000175010 0.006327336
0.000182343 0.007090043
0.000177343 0.002647474
0.000174676 0.002164448
0.000165676 0.002329791
0.000170342 0.007002039
0.000174676 0.002357792
0.000175010 0.002698144
0.000184677 0.002570470
0.000165343 0.011146926
0.000173343 0.002415796
0.000169009 0.002363792
0.000160007 0.002693794
0.000169675 0.002524454
0.000173008 0.013472645
0.000172675 0.002324111
0.000159008 0.002251441
0.000159341 0.011650558
0.000211343 0.002252107
0.000172342 0.002194105
0.000180675 0.002089433
0.000176675 0.002478119
0.000180009 0.002748132
0.000355017 0.011208870
0.000178675 0.002208772
0.000179675 0.002251441
0.000174009 0.002493787
0.000178675 0.002512454
0.000178675 0.002490453
0.000170008 0.002266442
0.000165007 0.002319777
0.000175675 0.002686128
0.000180009 0.002503453
0.000169009 0.002287110
0.000175342 0.002222773
0.000173009 0.002180771
0.000174342 0.002109101
0.000177008 0.002619458
0.000180675 0.002424783
0.000188009 0.002311777
0.000177009 0.002235440
0.000178675 0.002211772
0.000192009 0.002194105
0.000176009 0.00242945
0.000172341 0.023394453
0.000177676 0.002424450
0.000180008 0.002352779
0.000173008 0.002293443
0.000175675 0.002477785
0.000193010 0.002400782
0.000187342 0.002434783
0.000175341 0.002354112
0.000169008 0.002108101
0.000170341 0.002551789
0.000173008 0.013000289
0.000176342 0.002344112
0.000186342 0.002365780
0.000173008 0.002158770
0.000172342 0.004564219
0.000182009 0.002355780
0.000172675 0.002216106
0.000168675 0.002256775
0.000173675 0.002429450
0.000179008 0.002318111
0.000172675 0.002587458
0.000176342 0.002221774
0.000172008 0.002151769
0.000172675 0.002229440
0.000176675 0.002108434
0.000170341 0.002231107
0.000184009 0.002487786
0.000171675 0.002345779
0.000172342 0.002394115
0.000176675 0.002499120
0.000169675 0.002148436
0.000173675 0.009468454
0.000177341 0.002312110
0.000179675 0.002592458
0.000180009 0.002296444
0.000167342 0.002270442
0.000176009 0.002421450
0.000180342 0.002267108
0.000177676 0.002510787
0.000164341 0.002425116
0.000188009 0.002449451
0.000164674 0.011343876
0.000183008 0.002306110
0.000172009 0.002335779
0.000167675 0.002507787
0.000165674 0.002217439
0.000174342 0.002772133
0.000171342 0.002243775
0.000170675 0.002296443
0.000166342 0.002169771
0.000170342 0.002170771
0.000173342 0.002505787
0.000174675 0.015140058
0.000490357 0.002570457
0.000182343 0.002201439
0.000175675 0.002323111
0.000180009 0.002177438
0.000184342 0.002564123
0.000176009 0.002225107
0.000173342 0.002279110
0.000175342 0.002189772
0.000166341 0.002174771
0.000179675 0.002313110
0.000179008 0.002501786
0.000187676 0.002335779
0.000186009 0.002242440
0.000173675 0.007150675
0.000173675 0.002360780
0.000189676 0.002455784
0.000172675 0.002260108
0.000175341 0.002426449
0.000177008 0.002115101
0.000174675 0.002078433
0.000169008 0.012114913
0.000180675 0.002575790
0.000184675 0.002971809
0.000155341 0.013480312
0.000176676 0.002371114
0.000182009 0.002755465
0.000178009 0.002678462
0.000177676 0.002506787
0.000175341 0.023229445
0.000172675 0.002408449
0.000287347 0.002555789
0.000172675 0.002272109
0.000173675 0.002390447
0.000173008 0.002256108
0.000179676 0.002582791
0.000176009 0.002396115
0.000175009 0.002460785
0.000175008 0.019349593
0.000175009 0.002515121
0.000170675 0.003820850
0.000177342 0.002374447
0.000173341 0.002309110
0.000170675 0.002187438
0.000169342 0.002202106
0.000172009 0.002489786
0.000162341 0.002245107
0.000173342 0.002426783
0.000174008 0.013021290
0.000170675 0.002527455
0.000178008 0.002489452
0.000462022 0.002362780
0.000173008 0.002376780
0.000170008 0.002170770
0.000171675 0.002402115
0.000176008 0.002482119
0.000170675 0.002183438
0.000165341 0.002190438
0.000171675 0.024191158
0.000176342 0.002261775
0.000160341 0.015279065
0.000173342 0.002307444
0.000178675 0.002266775
0.000178675 0.002278109
0.000176009 0.002421116
0.000178675 0.002842136
0.000174675 0.021181348
0.000180675 0.002203772
0.000180009 0.002415449
0.000180342 0.002302110
0.000181675 0.002520120
0.000171675 0.002330445
0.000174341 0.002376447
0.000178675 0.002278776
0.000168675 0.002103101
0.000181675 0.016367117
0.000182676 0.002360780
0.000172009 0.002662461
0.000281014 0.002274442
0.000168341 0.002141436
0.000182342 0.002538121
0.000175342 0.002244441
0.000185342 0.002348446
0.000171675 0.002328112
0.000174675 0.014239727
0.000185676 0.002544134
0.000176676 0.002467465
0.000170675 0.002376126
0.000182343 0.002208451
0.000174676 0.002377126
0.000175343 0.002347125
0.000171342 0.002414795
0.000171676 0.002444463
0.000173342 0.002429129
0.000178343 0.015144138
0.000184343 0.002443130
0.000177009 0.002232785
0.000176676 0.002183449
0.000176342 0.002164781
0.000178010 0.002164449
0.000172343 0.002529468
0.000169009 0.002541469
0.000178676 0.002183450
0.000162342 0.002310789
0.000167342 0.010082202
0.000181343 0.002285788
0.000180009 0.002424795
0.000183343 0.002237452
0.000174009 0.013486050
0.000180010 0.002320790
0.000176009 0.002274120
0.000168342 0.002775148
0.000177010 0.002302456
0.000165344 0.018201452
0.000173344 0.002364480
0.000177344 0.002273473
0.000164677 0.009389577
0.000175344 0.002392147
0.000176678 0.002532822
0.000180011 0.002210135
0.000177678 0.002526489
0.000166677 0.002368812
0.000171010 0.010357970
0.000189012 0.002151466
0.000167343 0.002182467
0.000184011 0.002521821
0.000180678 0.002273140
0.000172677 0.002356145
0.000173011 0.002323476
0.000177678 0.002276807
0.000171343 0.002555490
0.000169010 0.002235470
0.000182678 0.019429528
0.000174678 0.002355812
0.000177677 0.002371145
0.000163010 0.002707500
0.000168677 0.002771837
0.000170010 0.002232803
0.000181678 0.002518155
0.000166344 0.002311142
0.000286351 0.002316142
0.000171344 0.002473152
0.000181677 0.011024677
0.000173678 0.002208136
0.000178678 0.002217803
0.000179011 0.002473486
0.000181678 0.002164466
0.000169677 0.002150132
0.000176677 0.002248138
0.000176011 0.002304809
0.000172344 0.002132798
0.000175677 0.002490153
0.000178011 0.003434211
0.000174678 0.002443484
0.000170677 0.002233471
0.000178677 0.002153465
0.000163677 0.002158466
0.000175677 0.002614494
0.000178011 0.002172467
0.000175344 0.002226470
0.000175011 0.002408481
0.000165010 0.004190257
0.000180011 0.002545823
0.000175011 0.003309870
0.000182344 0.007825147
0.000181011 0.002339477
0.000181677 0.002142798
0.000175010 0.002683831
0.000176678 0.002216470
0.000176344 0.002656830
0.000170677 0.002229137
0.000172011 0.002447484
0.000189012 0.002065461
0.000176011 0.002533823
0.000182011 0.022213364
0.000181011 0.002369145
0.000170010 0.002366478
0.000166343 0.002336477
0.000180011 0.002754836
0.000171010 0.003755897
0.000177011 0.002395480
0.000168677 0.002345811
0.000156009 0.002340144
0.000181678 0.008386515
0.000179011 0.010933005
0.000180011 0.002539156
0.000157343 0.002421815
0.000169678 0.002433150
0.000170677 0.002607160
0.000168677 0.002314142
0.000173677 0.002422815
0.000171010 0.002230470
0.000169678 0.019918891
0.000175345 0.002344145
0.000174678 0.002290808
0.000173677 0.002327810
0.000173344 0.002443150
0.000179677 0.002283140
0.000172011 0.002441817
0.000176678 0.002318476
0.000170677 0.002291141
0.000176678 0.002386480
0.000178344 0.002222803
0.000173011 0.002256805
0.000181011 0.002605160
0.000180344 0.002277807
0.000177011 0.014516559
0.000177678 0.002310809
0.000163010 0.002356812
0.000185345 0.002740502
0.000170677 0.002967515
0.000175677 0.013020133
0.000180678 0.002894511
0.000178678 0.002509821
0.000163677 0.011907065
0.000174678 0.002293141
0.000170344 0.002192801
0.000163677 0.002362478
0.000281684 0.002744169
0.000167343 0.002294474
0.000180677 0.015879309
0.000172344 0.002442817
0.000172344 0.002589159
0.000171677 0.002172133
0.000166344 0.002321809
0.000184344 0.002290140
0.000178010 0.002210135
0.000177344 0.002376479
0.000168677 0.002492820
0.000167011 0.002514488
0.000189678 0.002221470
0.000179345 0.002587493
0.000175678 0.002313809
0.000181011 0.002191134
0.000182678 0.002893177
0.000177010 0.002270472
0.000176677 0.002469152
0.000173675 0.002286114
0.000179010 0.002537474
0.000174010 0.002287789
0.000178009 0.002698143
0.000167009 0.495079310
0.000390021 0.008423448
0.000945717 0.003167835
0.000168009 0.002599472
0.000168343 0.002439463
0.000179343 0.002145114
0.000177342 0.002321456
0.000170009 0.002297455
0.000157675 0.002194450
0.000182676 0.010356550
0.000174342 0.002354791
0.000169009 0.002392127
0.000185343 0.002234452
0.000168343 0.009604177
0.000169675 0.002471464
0.000176009 0.002423795
0.000165342 0.002231786
0.000170676 0.002070777
0.000175009 0.002826155
0.000176677 0.022425569
0.000183343 0.003429522
0.000164009 0.012447019
0.000176010 0.002752819
0.000170676 0.002803821
0.000181010 0.002699149
0.000187010 0.002470136
0.000185677 0.012519356
0.000172676 0.002833156
0.000165009 0.002434801
0.000177343 0.002295127
0.000170009 0.002285792
0.000174676 0.002195454
0.000173676 0.002372131
0.000169009 0.002488137
0.000176676 0.002509471
0.000175676 0.002452802
0.000167676 0.002746818
0.000365354 0.008531470
0.000174677 0.002382465
0.000173009 0.002282126
0.000177343 0.002458469
0.000177343 0.002350129
0.000169009 0.002446801
0.000170009 0.002457802
0.000175343 0.002313128
0.000178010 0.002307794
0.000161009 0.002218122
0.000175010 0.014522801
0.000178343 0.002330462
0.000173009 0.002247123
0.000178010 0.002258458
0.000176343 0.002391132
0.000179343 0.002500804
0.000282683 0.002782154
0.000177344 0.002357130
0.000175009 0.002253457
0.000171342 0.002166452
0.000174343 0.007933104
0.000181010 0.002483137
0.000162676 0.002390799
0.000165342 0.002145785
0.000155675 0.002182787
0.000172343 0.002295460
0.000164675 0.002457135
0.000172343 0.003602198
0.000179676 0.002154452
0.000173009 0.002213455
0.000176343 0.016931600
0.000166343 0.002707149
0.000178676 0.002395132
0.000173343 0.002238790
0.000182344 0.002387799
0.000177343 0.002520805
0.000181343 0.006100336
0.000183344 0.006568362
0.000177010 0.006973717
0.000182010 0.012887377
0.000180010 0.006125671
0.000168676 0.006536693
0.000173342 0.006867378
0.000329352 0.006211676
0.000182010 0.006104004
0.000157342 0.006137338
0.000180343 0.020001102
0.000175343 0.006856378
0.000184677 0.006211676
0.000171343 0.006166340
0.000177010 0.006324682
0.000180343 0.006243677
0.000169676 0.006753039
0.000176344 0.009689535
0.000165676 0.006067668
0.000163676 0.006179007
0.000175676 0.002578809
0.000167676 0.002438801
0.000173010 0.002315128
0.000176343 0.002303460
0.000177343 0.002118117
