0.000186009 0.007866084
0.000186343 0.008233438
0.000177677 0.007656407
0.000180676 0.008052761
0.000188344 0.007804749
0.000182343 0.008196102
0.000202011 0.009231157
0.000179009 0.007886752
0.000185010 0.008117098
0.000184343 0.007941422
0.000181343 0.007695409
0.000182010 0.008749132
0.000190676 0.008446449
0.000308683 0.007494398
0.000171676 0.007275720
0.000187343 0.007296721
0.000174009 0.007282387
0.000173675 0.007515732
0.000180343 0.006897033
0.000175343 0.007226051
0.000188677 0.003963877
0.000182343 0.003326177
0.000178676 0.003143833
0.000184677 0.003182503
0.000178010 0.003374179
0.000183676 0.003256840
0.000183677 0.003165169
0.000185343 0.003370179
0.000189010 0.003279507
0.000177343 0.003181169
0.000192344 0.003403181
0.000186343 0.003179502
0.000177343 0.003274841
0.000177676 0.003184169
0.000175676 0.003289175
0.000185343 0.003179169
0.000165009 0.004231892
0.000175009 0.004031214
0.000196011 0.004251226
0.000194677 0.003690530
0.000180343 0.004201890
0.000182009 0.003824203
0.000182010 0.004173555
0.000181009 0.003746866
0.000176676 0.004290561
0.000189344 0.003971878
0.000181010 0.004045882
0.000176010 0.003724532
0.000178009 0.004034214
0.000188343 0.003783201
0.000169342 0.004048882
0.000186009 0.003936542
0.000170676 0.004175222
0.000182343 0.003736541
0.001008056 0.005197618
0.000174677 0.004496913
0.009917542 0.009950877
0.000218678 0.005747314
0.006822039 0.006855708
0.001471413 0.003911213
0.002735816 0.004385573
0.000180010 0.003726203
0.000176010 0.004293235
0.000179677 0.003924882
0.000177343 0.004120225
0.000186010 0.003968217
0.000183343 0.004120225
0.000173343 0.003900546
0.000184343 0.003981884
0.000177010 0.003963217
0.000177676 0.003878212
0.000183343 0.004132225
0.000179676 0.004257566
0.000179343 0.003984218
0.000186010 0.003872545
0.000179343 0.003897546
0.000187344 0.003888212
0.000187343 0.003991551
0.000185344 0.003695536
0.000182343 0.004169895
0.000189343 0.003828209
0.000182677 0.004188563
0.000184010 0.004623586
0.000176676 0.003870878
0.000178343 0.003805875
0.000174343 0.003839543
0.000315351 0.003778540
0.000183343 0.004115891
0.000181677 0.003982551
0.000185010 0.004010886
0.000176676 0.003895879
0.000175010 0.003906213
0.000187010 0.003734871
0.000175676 0.004087890
0.000180343 0.003948549
0.000181343 0.004174561
0.000174677 0.003843210
0.000178343 0.005327625
0.000182343 0.004920935
0.000183677 0.004214897
0.000177343 0.003894213
0.000189011 0.004182562
0.000173009 0.003727870
0.000182010 0.004138226
0.000184344 0.004087224
0.000175009 0.004507579
0.000177343 0.004134559
0.000167343 0.003955883
0.000179677 0.004015220
0.000183676 0.003940882
0.000160342 0.004194229
0.000181343 0.003806541
0.000180010 0.003980217
0.000186010 0.003892213
0.000186010 0.003978551
0.000169342 0.003696202
0.000183344 0.003854544
0.000182344 0.003831876
0.000186010 0.004150893
0.000183343 0.004042888
0.000173342 0.004519247
0.000181010 0.004064889
0.000183676 0.004205230
0.000171676 0.003767873
0.000175677 0.004037221
0.000188677 0.004056555
0.000180677 0.004255566
0.000183677 0.003873212
0.000173009 0.004133226
0.000184344 0.003923215
0.000187010 0.004533591
0.000173343 0.004189905
0.000170010 0.003991227
0.000181010 0.004073898
0.000175343 0.004182571
0.000187010 0.003921890
0.000193011 0.003984227
0.000171009 0.003821884
0.000181344 0.004140902
0.000181677 0.003645541
0.000183344 0.003888888
0.000177344 0.003841886
0.000181010 0.004218240
0.000180344 0.003934224
0.000183677 0.004037896
0.000186677 0.004092566
0.000185344 0.003816551
0.000180344 0.004002895
0.000179344 0.003830219
0.000184677 0.003933890
0.000185677 0.003759547
0.000177677 0.004136569
0.000186344 0.003718212
0.000179677 0.004088233
0.000177676 0.003868887
0.000179010 0.004277243
0.000172009 0.003832551
0.000184677 0.004039563
0.000179010 0.006025009
0.000184011 0.004139569
0.000186344 0.003834552
0.000169010 0.004119235
0.000183344 0.003843552
0.000176344 0.003846553
0.000184011 0.004117901
0.000192345 0.004107234
0.000183677 0.003766881
0.000190677 0.004338913
0.000181677 0.004969950
0.000186677 0.011767336
0.000215679 0.003386859
0.000191010 0.003367525
0.000180677 0.003413528
0.000180010 0.003389526
0.000181010 0.003215183
0.000175010 0.003930224
0.000175677 0.003179181
0.000174010 0.003399527
0.000193011 0.003084509
0.000187677 0.003421195
0.000167010 0.004224574
0.000181677 0.004203239
0.000179344 0.003974893
0.000180677 0.004229908
0.000184011 0.003808884
0.000175343 0.003899555
0.000181344 0.004325246
0.000183677 0.003825218
0.000182677 0.004290244
0.000174343 0.004013562
0.000180344 0.003990561
0.000180343 0.004041217
0.000186010 0.003884872
0.000188343 0.004099553
0.000185010 0.004117553
0.000186343 0.003835871
0.000177676 0.003889874
0.000179343 0.003897541
0.000182343 0.003946877
0.000186676 0.003852205
0.000181677 0.004210892
0.000395687 0.004285562
0.000174343 0.003977879
0.000173676 0.003900208
0.000169009 0.003925542
0.000176676 0.003856206
0.000177676 0.004236893
0.000186345 0.004061264
0.000179344 0.004026905
0.000174344 0.003816561
0.000186678 0.004088243
0.000190011 0.003902566
0.000176010 0.004221584
0.000174344 0.003801560
0.000175344 0.004259253
0.000184011 0.003909900
0.000180677 0.004200916
0.000184011 0.003950235
0.000187011 0.004189916
0.000187678 0.003923234
0.000172010 0.004063575
0.000191345 0.003867564
0.000182011 0.005901351
0.010069599 0.010104935
0.000183344 0.005726007
0.003929901 0.003962236
0.001393749 0.004052574
0.002820168 0.004219252
0.000175344 0.003867230
0.000182344 0.003932234
0.000185011 0.003872898
0.000185344 0.004209250
0.000178677 0.003715221
0.000177677 0.004254920
0.000174010 0.003819894
0.000186678 0.004267254
0.000184011 0.004055242
0.000181677 0.004248253
0.000184345 0.003810894
0.000182678 0.004143580
0.000176677 0.003766891
0.000181011 0.004097244
0.000190011 0.007940139
0.000192345 0.008443169
0.000182344 0.007759129
0.000178344 0.008097815
0.000179011 0.007823466
0.000167010 0.008960534
0.000176677 0.007705459
0.000171677 0.016209298
0.000171011 0.007639122
0.000178011 0.007955807
0.000186011 0.007987142
0.000185344 0.008060813
0.000183010 0.007763462
0.000179011 0.007999143
0.000185678 0.007665456
0.000174677 0.008450836
0.000181678 0.008078481
0.000174344 0.007985809
0.000169010 0.007847133
0.000189678 0.008061813
0.000176010 0.003934901
0.000179344 0.003951901
0.000170344 0.003853230
0.000173344 0.003923900
0.000190345 0.004058575
0.000181011 0.003785559
0.000186345 0.004025573
0.000179011 0.003923234
0.000181678 0.004276588
0.000180678 0.003794226
0.000185344 0.004191916
0.000178344 0.003941901
0.000179677 0.004103911
0.000184678 0.003952235
0.000180011 0.004182249
0.000185344 0.003928567
0.000175343 0.004084909
0.000186678 0.003699887
0.000180010 0.004089576
0.000177010 0.003946568
0.000168010 0.004069909
0.000181344 0.003755890
0.000176677 0.004053241
0.000183344 0.003770891
0.000184677 0.004144246
0.000189345 0.003662218
0.000187345 0.004018239
0.000178344 0.003568546
0.000170010 0.004191583
0.000168677 0.003680886
0.000177677 0.004042241
0.000177344 0.003731556
0.000175677 0.004238252
0.000180010 0.003741556
0.000168010 0.004032573
0.000176677 0.003886898
0.000183344 0.003972236
0.000177344 0.003879898
0.000181344 0.004072575
0.000179678 0.003865897
0.000176677 0.004047241
0.000176677 0.003604215
0.000191678 0.003818561
0.000193011 0.004290922
0.000177344 0.003763890
0.000189345 0.003961236
0.000178677 0.003962569
0.000171677 0.004157581
0.000183678 0.003819561
0.000177010 0.004018906
0.000182677 0.003939901
0.000184011 0.004178249
0.000188678 0.003801893
0.000501030 0.004383594
0.000179344 0.003882231
0.000180344 0.004114578
0.000179344 0.003820228
0.000189678 0.004124246
0.000172010 0.003751223
0.000177011 0.003934568
0.000171343 0.003782558
0.000181678 0.004145914
0.000191012 0.003893232
0.000180344 0.003916900
0.000183011 0.003832228
0.000170677 0.003949902
0.000183678 0.003974236
0.000195012 0.004219251
0.000193345 0.003829228
0.000196345 0.004238582
0.000190343 0.004208226
0.000195344 0.004229562
0.000187344 0.003854874
0.000168676 0.004289564
0.000178343 0.003802871
0.000174342 0.004061885
0.000180677 0.004109221
0.000179343 0.004182225
0.000181343 0.003821206
0.000178009 0.004026217
0.000194011 0.003753869
0.000179343 0.003704866
0.000185010 0.004058552
0.000390021 0.004144890
0.000173342 0.004195559
0.000178343 0.003900210
0.000184010 0.004177892
0.000187344 0.003796538
0.000178009 0.004034217
0.000172009 0.004616581
0.000180676 0.004289231
0.000183343 0.003863541
0.000179010 0.004172558
0.000183010 0.003790871
0.000177676 0.004067219
0.000178343 0.004099888
0.000188010 0.004332566
0.000194677 0.003942879
0.000183010 0.004116888
0.000179676 0.004046885
0.000183010 0.004099887
0.000179343 0.003968547
0.000179677 0.003915545
0.000181343 0.003946212
0.000179010 0.004184559
0.000178676 0.003849874
0.000372020 0.004333900
0.000171009 0.003878542
0.000187343 0.004063219
0.000177343 0.003880209
0.000183010 0.004009549
0.000174009 0.003973547
0.000176343 0.004216227
0.000182676 0.003809205
0.000188344 0.004139556
0.000177009 0.003781870
0.000173676 0.004099554
0.000182343 0.003902210
0.000185676 0.004016200
0.000167008 0.004479223
0.000179675 0.004332215
0.000186676 0.003914195
0.000185010 0.004099871
0.000175009 0.003765854
0.000184676 0.004178875
0.000178342 0.003795522
0.000186010 0.004064536
0.000186676 0.003929529
0.000184010 0.003887194
0.000178342 0.003775188
0.000185009 0.004139206
0.000191010 0.003851192
0.000175342 0.004101871
0.000176009 0.003887527
0.000182676 0.003735186
0.000177009 0.004031867
0.000181343 0.005195592
0.000186676 0.003784855
0.000192677 0.003942530
0.000182343 0.003766188
0.000183676 0.004003533
0.000185009 0.003693184
0.000183675 0.004246544
0.000187343 0.003805190
0.000174009 0.004190209
0.000181676 0.003905528
0.000181343 0.004176208
0.000180342 0.003921529
0.000184676 0.004143206
0.000183343 0.003922862
0.000174009 0.003880527
0.000189343 0.004158207
0.000178675 0.004795572
0.000181676 0.004237545
0.000171342 0.005129922
0.000187676 0.003710851
0.000188343 0.003697851
0.000171675 0.003403502
0.000159675 0.003511842
0.000176343 0.003184159
0.000174008 0.003150490
0.000185009 0.003574511
0.000184676 0.003356167
0.000190676 0.003427504
0.000172008 0.003547510
0.000177675 0.003427504
0.000390686 0.003448505
0.000186676 0.003472506
0.000178008 0.003948863
0.000187676 0.004669233
0.000179343 0.003820191
0.000183343 0.004195209
0.000178675 0.003803522
0.000172008 0.004139206
0.000190676 0.003737520
0.000179009 0.003915528
0.000192009 0.003756853
0.000183676 0.003872859
0.000178342 0.003865859
0.000174342 0.004028867
0.000178676 0.003733853
0.000185676 0.004089870
0.000185343 0.003932529
0.000179676 0.003976531
0.000178675 0.003814856
0.000178676 0.004013867
0.000182009 0.004000199
0.000182342 0.003936862
0.000178010 0.008554139
0.000319018 0.008144450
0.000186010 0.008334460
0.000181344 0.007604087
0.000189344 0.007320071
0.000180344 0.007183730
0.000179343 0.007206731
0.000181676 0.007633755
0.000187010 0.007125727
0.000180344 0.007201732
0.000188010 0.007035389
0.000176676 0.006944717
0.000182344 0.007465413
0.000179010 0.007012054
0.000180010 0.007341739
0.000186677 0.006987386
0.000188343 0.007560751
0.000198011 0.007266735
0.000183010 0.007180063
0.000183343 0.007069390
0.000820712 0.003252847
0.000181343 0.003297182
0.000184011 0.003228179
0.000184677 0.002983832
0.000185010 0.004119228
0.000184011 0.003966493
0.000182339 0.004025145
0.000185340 0.003917809
0.000183673 0.004102150
0.000316345 0.003736136
0.000175340 0.004303491
0.000141338 0.003705468
0.000184674 0.004117484
0.000181006 0.003768804
0.000184007 0.004028814
0.000188340 0.003789138
0.000173673 0.004123484
0.000186340 0.004001480
0.000181340 0.004157152
0.000176340 0.003873809
0.000178006 0.004142818
0.000176673 0.003858808
0.000185006 0.004095483
0.000172340 0.003817473
0.000183673 0.004152152
0.000182340 0.003907477
0.000194674 0.004222821
0.000188340 0.003841474
0.000184007 0.004087482
0.000180340 0.003982145
0.000390014 0.003910143
0.000177674 0.004325492
0.000186673 0.003634133
0.000179006 0.003935143
0.000186674 0.003677468
0.000181340 0.004173486
0.000192007 0.003888475
0.000183340 0.003928144
0.000192673 0.003995479
0.000186673 0.004023480
0.000179007 0.003798472
0.000177006 0.004102483
0.003771471 0.003801472
0.000182340 0.004458830
0.001128041 0.003755470
0.003100780 0.005123187
0.001386384 0.006509238
0.000150672 0.004012480
0.000172673 0.003898809
0.000245676 0.004177819
0.000180673 0.003726470
0.000175673 0.003921810
0.000188673 0.004025147
0.000184006 0.003932477
0.000180673 0.004151152
0.000192674 0.004159485
0.000182006 0.003879808
0.000186340 0.004099483
0.000189007 0.004118817
0.000195340 0.004128817
0.000186673 0.003859141
0.000182340 0.003939144
0.000181340 0.003951477
0.000184341 0.003956145
0.000183340 0.004024480
0.000189007 0.004066482
0.000293344 0.004214821
0.000183673 0.004054814
0.000168006 0.003818806
0.000178006 0.003799805
0.000160339 0.004522499
0.000183340 0.004335158
0.000187007 0.004241489
0.000182007 0.003869475
0.000193340 0.004117817
0.000183006 0.004211820
0.000183673 0.004532832
0.000190007 0.003852141
0.000181007 0.004148485
0.000179340 0.003889809
0.000180340 0.004330158
0.000185340 0.003833807
0.000190007 0.003918144
0.000184674 0.003975146
0.000176339 0.004112150
0.000304345 0.004148485
0.000171340 0.003842807
0.000183674 0.003782805
0.000172340 0.003931144
0.000172340 0.003816806
0.000176006 0.004138484
0.000180007 0.003923810
0.000185340 0.004216154
0.000185340 0.003859474
0.000178340 0.003929810
0.000183007 0.003818473
0.000178673 0.004033480
0.000187340 0.003828139
0.000187678 0.004198583
0.000179676 0.004266566
0.000188011 0.004214901
0.000193344 0.003652868
0.000184677 0.004373908
0.000185343 0.004049557
0.000185344 0.004019555
0.000180677 0.003849213
0.000185343 0.004081558
0.000176677 0.003748208
0.000178343 0.003809544
0.000185010 0.003854546
0.000178010 0.004039224
0.000169676 0.004150563
0.000182677 0.003753874
0.000174343 0.003938884
0.000178344 0.003917217
0.000179010 0.003924550
0.000184677 0.003658869
0.000186677 0.004095226
0.000168343 0.003722873
0.000188677 0.003950219
0.000179010 0.003746207
0.000185010 0.003822211
0.000189343 0.003798876
0.000183343 0.004084225
0.000185677 0.003742207
0.000186344 0.004087226
0.000181010 0.003830545
0.000179676 0.004244234
0.000190344 0.004388243
0.000188010 0.004081225
0.000180676 0.003852546
0.000182676 0.004045556
0.000170342 0.003920550
0.000175676 0.004163896
0.000178343 0.003795876
0.000183010 0.003843879
0.000181344 0.003915550
0.000182677 0.004133562
0.000188010 0.003807544
0.000194344 0.003919217
0.000179343 0.003936884
0.000190010 0.004313238
0.000503694 0.004240567
0.000178676 0.004078225
0.000182343 0.003869214
0.000191677 0.003999221
0.000172343 0.003854879
0.000179010 0.003988554
0.000186010 0.003845879
0.000191011 0.003969553
0.000189344 0.004288904
0.000174343 0.003887548
0.000172343 0.004141229
0.000178010 0.003849879
0.000177009 0.004109893
0.000164676 0.003738207
0.000186677 0.004123894
0.000184343 0.003805543
0.000181010 0.003981219
0.000181676 0.003832878
0.000175677 0.003951552
0.000184344 0.003810877
0.000187010 0.004039556
0.000175009 0.003906549
0.000188677 0.004235901
0.000185010 0.004074559
0.000190677 0.004238234
0.000177343 0.004004221
0.000177343 0.004294237
0.000177009 0.003839212
0.000189010 0.003957885
0.000187343 0.003919216
0.000402355 0.004107893
0.000178676 0.003668202
0.000185677 0.004005888
0.000185010 0.003926217
0.000172010 0.004016889
0.000185344 0.003686537
0.000178009 0.004017888
0.000178676 0.003921883
0.000174676 0.003983887
0.000181677 0.003715872
0.000181677 0.004018889
0.000179676 0.003739540
0.000177010 0.003907883
0.000184677 0.003856880
0.000183010 0.004116894
0.000196344 0.003822545
0.000189010 0.003959552
0.000177010 0.004122228
0.000193344 0.003885548
0.000176677 0.004113561
0.000190677 0.003961219
0.000174009 0.004003555
0.000289016 0.004204233
0.000191677 0.004077892
0.000182344 0.003716206
0.000174343 0.004294238
0.000182343 0.004004888
0.000189011 0.004358242
0.000180010 0.003915550
0.000189344 0.004040890
0.000185344 0.003851880
0.000180009 0.003980553
0.000199345 0.003896216
0.000186344 0.004125895
0.000194010 0.003706205
0.000186344 0.004084560
0.000178676 0.003726539
0.000181343 0.004070892
0.000173676 0.004020889
0.000187344 0.003936885
0.000178010 0.003919551
0.000182677 0.004003221
0.000186010 0.003883882
0.000182677 0.004016223
0.000187677 0.003877548
0.000183343 0.003965886
0.000198011 0.004136896
0.000283349 0.004184899
0.000180677 0.003787210
0.000172676 0.003897216
0.000189343 0.003850213
0.000182677 0.003976554
0.000170010 0.003747541
0.000171676 0.004068559
0.000173676 0.003675870
0.000167676 0.003807544
0.000189677 0.003984554
0.000180343 0.003718206
0.000188677 0.003971220
0.000188677 0.003791210
0.000175676 0.004151563
0.000178010 0.003681871
0.000188677 0.004145563
0.000192010 0.003636201
0.000183343 0.004008221
0.000188010 0.003965553
0.000184677 0.004431912
0.000203345 0.003836880
0.000181010 0.004135896
0.000179344 0.003996555
0.000182676 0.004296904
0.000178677 0.003643869
0.000184010 0.003877881
0.000189011 0.003950219
0.000174010 0.004235901
0.000188011 0.003813545
0.000191011 0.004132896
0.000317685 0.003982221
0.000176343 0.004008222
0.000182010 0.003863548
0.000185010 0.004278237
0.000185677 0.003858881
0.000188677 0.004148896
0.000178343 0.003993888
0.000172010 0.003909550
0.000178676 0.003717206
0.000185344 0.003890882
0.000185677 0.003801211
0.000192343 0.004031223
0.000177677 0.004023890
0.000180343 0.004281237
0.000191010 0.003978887
0.000182344 0.004005889
0.000184011 0.003955886
0.000188344 0.004185565
0.000174343 0.004165231
0.000188344 0.003806877
0.000178343 0.003849213
0.000172010 0.003821212
0.000169676 0.004148896
0.000186344 0.003705539
0.000181010 0.003987554
0.000191343 0.003774209
0.000172676 0.003903550
0.000173010 0.003892883
0.000181010 0.004038557
0.000180010 0.004022223
0.000185676 0.004048224
0.000179344 0.003912884
0.000183011 0.004118562
0.000182010 0.003952552
0.000190677 0.004100894
0.000180010 0.003829545
0.000185011 0.004198566
0.000188344 0.004006222
0.000195677 0.004017556
0.000195011 0.003743207
0.000187344 0.003939218
0.000186677 0.003801877
0.000186344 0.003975554
0.000187344 0.003969220
0.000175010 0.004169898
0.000276015 0.004068892
0.000180676 0.004443579
0.000182343 0.003931218
0.000181677 0.004067559
0.000179343 0.003867880
0.000176009 0.004109894
0.000183344 0.003771876
0.000179010 0.003972553
0.000186010 0.003899882
0.000198678 0.003978220
0.000183343 0.003996221
0.000187344 0.003942552
0.000188677 0.004222901
0.000180343 0.004028890
0.000182343 0.004137895
0.000178677 0.004005222
0.000183343 0.004081892
0.000186343 0.003929884
0.000179677 0.004011556
0.000192344 0.003803544
0.000186677 0.003953886
0.000187011 0.003752875
0.000176677 0.003938552
0.000186343 0.003851879
0.000182010 0.004166564
0.000182677 0.003771209
0.000183343 0.003873214
0.000186677 0.003798544
0.000176677 0.004104228
0.000172343 0.003700205
0.000179343 0.004115561
0.000181010 0.003945885
0.000185010 0.004051558
0.000186677 0.003725873
0.000177344 0.003880549
0.000187678 0.004003889
0.000182010 0.004248236
0.000177677 0.003937218
0.000193010 0.004182898
0.000193011 0.006698038
0.000185343 0.004148563
0.000174676 0.003915883
0.000181010 0.003971219
0.000169676 0.003917216
0.000173342 0.003974886
0.000194678 0.003827546
0.000187010 0.004165230
0.000187344 0.004019556
0.000184011 0.004052225
0.000184677 0.003897549
0.000186010 0.003937884
0.000192011 0.003757875
0.000190677 0.003721873
0.000176010 0.004128896
0.000174343 0.003877548
0.000186677 0.004072559
0.000187677 0.003740207
0.000189343 0.004343907
0.000198678 0.004611255
0.000192010 0.004030556
0.000182011 0.003634535
0.000182344 0.004002889
0.000186344 0.004138563
0.000175343 0.004812600
0.000175009 0.003918217
0.000186343 0.004408244
0.000188343 0.003918883
0.000176010 0.004197566
0.000187011 0.003895216
0.000183677 0.004124895
0.000183677 0.003652535
0.000185010 0.003851880
0.000179343 0.003877881
0.000189010 0.004408244
0.000190677 0.003911550
0.000183343 0.004169897
0.000183677 0.004036223
0.000180676 0.003904216
0.000182010 0.003926217
0.000186011 0.004162231
0.000181344 0.003832879
0.000184344 0.004084893
0.000181344 0.003907217
0.000177343 0.003866547
0.000180010 0.003901883
0.000172343 0.004136896
0.000159342 0.003797877
0.000186010 0.004073892
0.000182343 0.003878215
0.000280682 0.004272903
0.000181339 0.003914792
0.000186675 0.003784499
0.000183675 0.004095178
0.000181008 0.003893170
0.000180341 0.004379191
0.000195008 0.004038176
0.000191341 0.004330521
0.000183674 0.003896503
0.000190342 0.004239851
0.000187342 0.003813500
0.000192009 0.004010175
0.000187675 0.003890503
0.000173674 0.004122512
0.000154673 0.003836500
0.000175008 0.004054177
0.000169007 0.003708828
0.000167341 0.004019509
0.000175674 0.003918171
0.000181341 0.003873169
0.000196342 0.003985174
0.000170007 0.004098511
0.000188342 0.003943172
0.000166341 0.004202516
0.000181674 0.003918170
0.000187342 0.003954172
0.000177675 0.003680161
0.000181342 0.003972507
0.000186341 0.003826833
0.000180342 0.004211850
0.000192341 0.003786164
0.000188675 0.004247518
0.000188342 0.003817500
0.000193009 0.004158848
0.000185008 0.003941171
0.000180341 0.004061177
0.000175007 0.003698827
0.000183008 0.004047843
0.000172341 0.003858501
0.000184675 0.003813833
0.000171341 0.003672493
0.000183341 0.003682827
0.000188008 0.003913170
0.000174674 0.003823167
0.000184341 0.004149181
0.000188008 0.003974839
0.000185341 0.005327565
0.000185675 0.004098845
0.000181341 0.004304187
0.000178008 0.004118513
0.000179341 0.004322855
0.000192675 0.003805499
0.000189342 0.004256186
0.000185674 0.003928504
0.000187675 0.004056177
0.000187675 0.003945505
0.000295012 0.004326188
0.000177007 0.003859501
0.000178674 0.004055176
0.000185008 0.003914837
0.000184342 0.004115180
0.000178341 0.003977840
0.000185341 0.003972173
0.000169007 0.003947172
0.000185008 0.004038842
0.000183008 0.003900170
0.000179674 0.020207880
0.000183008 0.008117353
0.000183675 0.008190024
0.000187674 0.009264403
0.000182674 0.008290694
0.000185675 0.007935679
0.000189009 0.008265360
0.000166674 0.007890010
0.000188341 0.008153022
0.000176007 0.007775671
0.000187675 0.008194690
0.000175007 0.007632332
0.000186008 0.008012349
0.000179007 0.007578996
0.000177675 0.007975014
0.000190675 0.007856342
0.000186675 0.007897677
0.000176008 0.007745004
0.000188675 0.007818674
0.000187341 0.008030683
0.000183346 0.003776920
0.000178343 0.004315238
0.000185011 0.003802210
0.000189677 0.004039223
0.000185677 0.004207566
0.000176009 0.004160229
0.000188343 0.003908216
0.000186344 0.004056224
0.000188011 0.004005888
0.000183343 0.004019889
0.000290016 0.004099227
0.000174677 0.003963553
0.000172676 0.003782876
0.000183344 0.004010889
0.000185010 0.004017888
0.000173343 0.004057224
0.000184011 0.004067892
0.000177343 0.003984220
0.000183344 0.003859213
0.000188677 0.004000888
0.000171676 0.003657869
0.000185677 0.003964553
0.000188011 0.003817544
0.000173676 0.004158897
0.000190677 0.004049224
0.000185344 0.004225901
0.000190011 0.003955552
0.000184344 0.004169231
0.000184010 0.003794543
0.000186677 0.003997554
0.000187677 0.004179231
0.000197677 0.004172897
0.000177677 0.003871547
0.000180343 0.003735540
0.000163009 0.004180564
0.000181343 0.003911216
0.000178010 0.004036223
0.000185010 0.003689204
0.000189677 0.003952885
0.000168676 0.003727206
0.000185343 0.004238900
0.000188344 0.003847213
0.000179343 0.004033222
0.000185010 0.004086225
0.000182343 0.007588752
0.000170676 0.003834545
0.000183344 0.004069892
0.000188011 0.003733207
0.000173676 0.004119894
0.000187010 0.003963552
0.000189011 0.003864547
0.000177343 0.003901549
0.000183677 0.004684259
0.000183010 0.004193898
0.000190677 0.004148563
0.000182677 0.003863214
0.000177676 0.004099893
0.000180010 0.003837545
