0.000180343 0.007935057
0.000184342 0.007790716
0.000178675 0.007552371
0.000187676 0.007643709
0.000162341 0.007388697
0.000200343 0.007418364
0.000181343 0.007535704
0.000184676 0.007786583
0.000192348 0.007818901
0.000194348 0.007464220
0.000190347 0.007658233
0.000176679 0.007445884
0.000176013 0.007400882
0.000179013 0.007887584
0.001101748 0.008126935
0.000188681 0.007736906
0.000189014 0.007312208
0.000179347 0.007691570
0.000184014 0.007320209
0.000183014 0.007203867
0.000179013 0.003668272
0.000186680 0.003527928
0.000167346 0.003390584
0.000178346 0.003360915
0.000183014 0.003542263
0.000173680 0.003499926
0.000186347 0.003336914
0.000173346 0.003751611
0.000179680 0.003513927
0.000184347 0.003574932
0.000182014 0.003550263
0.000183680 0.003465256
0.000170346 0.003560264
0.000194014 0.003444922
0.000186348 0.005350063
0.000184013 0.007839914
0.000183347 0.005033372
0.000174346 0.003862619
0.000175680 0.002926217
0.000183681 0.003124898
0.000182346 0.002968219
0.000184014 0.003212571
0.000174346 0.003063227
0.000179014 0.002917883
0.000175013 0.002999889
0.000193348 0.002871546
0.000185347 0.002961886
0.000171680 0.002826543
0.000180680 0.003046225
0.000183680 0.002987221
0.000180014 0.002889881
0.000180013 0.003219571
0.000179013 0.004725683
0.009987072 0.010021075
0.000190347 0.003528595
0.000177013 0.003880288
0.000186014 0.003552596
0.002788206 0.003859286
0.000181014 0.003808949
0.000176679 0.003584265
0.000189347 0.003853952
0.000191681 0.003366582
0.000192681 0.003537929
0.000185348 0.003418587
0.000198682 0.003338581
0.000187681 0.003667939
0.000183680 0.003462257
0.000169346 0.003670939
0.000184347 0.003501926
0.000174679 0.003695273
0.000181680 0.003829617
0.000183681 0.003852619
0.000181680 0.004014964
0.000185013 0.003631268
0.000187681 0.003889622
0.000175347 0.003509260
0.000188014 0.003848285
0.000181346 0.003496925
0.000178013 0.003496925
0.000176013 0.004058967
0.000176013 0.003443588
0.000186680 0.003527928
0.000178680 0.003616267
0.000183013 0.003489925
0.000190014 0.003899622
0.000179347 0.003412586
0.000176680 0.003677939
0.000186014 0.003597599
0.000189347 0.003879954
0.000184681 0.003737277
0.000175346 0.003610267
0.000174013 0.003751611
0.000185014 0.003435588
0.000178347 0.003572598
0.000176013 0.003907623
0.000176347 0.003665605
0.000179014 0.003481258
0.000180680 0.003720942
0.000177013 0.003946546
0.000389354 0.003601859
0.000294016 0.003824199
0.000378686 0.003473850
0.000184010 0.003713529
0.000174343 0.003401180
0.000190343 0.003339509
0.000177010 0.003853536
0.000174343 0.003453849
0.000186677 0.003982210
0.000179010 0.003610524
0.000183343 0.003774532
0.000181010 0.003549187
0.000180676 0.003357177
0.000184677 0.003591523
0.000184343 0.003507851
0.000187343 0.003699528
0.000178676 0.003456515
0.000180009 0.003564187
0.000182343 0.003767865
0.000183010 0.003549853
0.000185676 0.003705528
0.000193010 0.003447515
0.000185009 0.003627857
0.000188343 0.003376844
0.000182343 0.003336509
0.000180009 0.003737530
0.000184344 0.003360177
0.000178676 0.003580188
0.000183343 0.003406513
0.000188343 0.003695528
0.000179676 0.003447848
0.000184010 0.003552854
0.000186009 0.003690194
0.000176009 0.003454848
0.000185344 0.004240224
0.000180676 0.003448848
0.000179676 0.003676193
0.000177343 0.003590856
0.000183010 0.003630858
0.000190676 0.003925540
0.000185009 0.003526852
0.000180010 0.003733863
0.000182009 0.003617523
0.000192010 0.003619191
0.000180343 0.003935874
0.000188010 0.003685194
0.000187010 0.003486184
0.000181010 0.003632525
0.000175010 0.003879205
0.000188010 0.007260049
0.000180009 0.003590522
0.000180010 0.003707529
0.000185677 0.003639192
0.000186010 0.003749198
0.000188010 0.003729529
0.000184343 0.003700195
0.000178676 0.003487850
0.000184009 0.003558520
0.000179676 0.003811867
0.000193677 0.003648859
0.000186010 0.003793200
0.000192677 0.003586855
0.000187010 0.003746198
0.000185343 0.003469849
0.000193677 0.003537520
0.000182010 0.003617524
0.000194010 0.003523185
0.000173343 0.003768865
0.000183010 0.003888205
0.000180343 0.003746197
0.000185343 0.003658526
0.000182676 0.003566521
0.000183010 0.003665526
0.000181009 0.003471182
0.000178009 0.003777532
0.000171009 0.003361510
0.000192677 0.003517852
0.000175675 0.003810533
0.000182009 0.003691527
0.000188343 0.003796866
0.000181343 0.003578189
0.000182010 0.003852870
0.000172342 0.003441181
0.000190010 0.003516518
0.000187677 0.003899206
0.000173676 0.003637525
0.000187344 0.003565188
0.000198677 0.003504185
0.000180343 0.003750531
0.000180343 0.003385511
0.000185343 0.003509184
0.000180343 0.003738197
0.000179676 0.003375844
0.000178009 0.003690194
0.000180343 0.003394846
0.000177676 0.003741197
0.000176009 0.003561854
0.000192344 0.003522852
0.000172676 0.003798954
0.000183351 0.003373298
0.000186347 0.003622283
0.000183015 0.003558291
0.000183682 0.003431610
0.000185015 0.003678631
0.000183015 0.003469613
0.000182015 0.003684298
0.000190682 0.003597958
0.000180682 0.003889315
0.000184681 0.003591957
0.000189682 0.003573622
0.000177015 0.003698632
0.000180015 0.003557954
0.000191682 0.003851978
0.000176348 0.003550620
0.000179348 0.004042327
0.000176014 0.003625293
0.000183348 0.003426943
0.000177681 0.003715634
0.000182348 0.003703966
0.000184348 0.003824642
0.000184349 0.003674631
0.000184015 0.003798640
0.000176681 0.003534285
0.000176014 0.003455612
0.000193349 0.003971987
0.000188682 0.003544953
0.000190349 0.003615292
0.000185349 0.003457280
0.000180681 0.003540286
0.000183348 0.003441611
0.000180348 0.003495949
0.000182681 0.003888981
0.000186682 0.003650962
0.000173681 0.003955987
0.000179014 0.003526285
0.000176347 0.003642627
0.000189682 0.003845644
0.000188682 0.003762970
0.000190682 0.003611291
0.000183681 0.003497615
0.000181682 0.003767638
0.000176681 0.003623959
0.000174014 0.003518285
0.000175681 0.003552287
0.000191349 0.003629293
0.000185348 0.003695965
0.000178348 0.003538619
0.000183015 0.003953319
0.000193683 0.003486615
0.000171014 0.003664963
0.000179014 0.003812641
0.000185348 0.003467280
0.000177681 0.003676297
0.000188682 0.003651628
0.000187015 0.003543953
0.000180015 0.003487282
0.000190016 0.003679631
0.000175681 0.004040993
0.000178681 0.003546620
0.000184682 0.003554954
0.000185681 0.003679297
0.000181348 0.003817642
0.000175347 0.003508950
0.000178348 0.003498283
0.000175014 0.003678631
0.000167013 0.003255263
0.000181014 0.003741302
0.000188348 0.003512950
0.000186015 0.003313268
0.000184682 0.003850645
0.000186015 0.003650628
0.000186349 0.003814642
0.000178681 0.003525952
0.000183015 0.003762637
0.000195349 0.003586289
0.000184015 0.003668630
0.000185348 0.003922317
0.000175347 0.003457946
0.000180682 0.003646628
0.000188348 0.003711300
0.000181348 0.003757637
0.000182348 0.003509283
0.000185014 0.003360604
0.000189016 0.003685631
0.000175015 0.003660296
0.000193349 0.003817975
0.000184015 0.003471280
0.000172681 0.003659296
0.000188682 0.003524285
0.000187348 0.003559621
0.000178014 0.003684631
0.000185015 0.003382606
0.000195350 0.003610625
0.000189349 0.003656629
0.000165675 0.007506055
0.000181342 0.008113086
0.000183010 0.007539057
0.000183677 0.007713733
0.000180676 0.007375048
0.000190677 0.008579111
0.000184343 0.007520056
0.000182010 0.007233375
0.000175342 0.007711399
0.000190343 0.007542390
0.000181009 0.007677064
0.000177676 0.007781736
0.000183343 0.008258094
0.000179009 0.008533775
0.000190677 0.007082033
0.000186343 0.006946359
0.000184676 0.007102034
0.000175342 0.006906024
0.000186009 0.006707014
0.000191010 0.006789684
0.000179009 0.002924151
0.000178342 0.002901817
0.000173342 0.003207833
0.000344685 0.003839866
0.000174009 0.002922484
0.000178009 0.002919818
0.000234012 0.003152830
0.000183010 0.002859482
0.000191010 0.002966820
0.000178009 0.002863815
0.000186343 0.003087159
0.000179343 0.003019490
0.000180342 0.002971154
0.000178009 0.003025490
0.000790708 0.004703911
0.003557184 0.003586853
0.000192343 0.003677524
0.003098827 0.005264605
0.004104879 0.004137547
0.000177675 0.003453512
0.005559288 0.005592290
0.000185009 0.004376893
0.000189343 0.003765528
0.000187010 0.004053210
0.000183343 0.003610853
0.000189676 0.003898868
0.000349018 0.003673190
0.000176009 0.003663190
0.000175676 0.003814865
0.000174676 0.003901535
0.000176343 0.003698525
0.000172342 0.003594186
0.000185342 0.003869200
0.000436023 0.003954538
0.000192343 0.003622854
0.000183343 0.003852867
0.000177675 0.003572185
0.000184343 0.003612521
0.000172342 0.003538850
0.000188677 0.003409844
0.000181676 0.003887201
0.000186676 0.003520182
0.000196010 0.003602520
0.000175676 0.003302171
0.000189010 0.003815198
0.000190676 0.003438178
0.000185009 0.003415510
0.000178342 0.003734860
0.000178010 0.003439512
0.000190343 0.003569852
0.000187676 0.003347840
0.000183343 0.003785529
0.000175676 0.003364841
0.000178010 0.003759195
0.000182676 0.003838199
0.000174009 0.003459512
0.000185677 0.004127881
0.000181676 0.003610853
0.000173676 0.003901202
0.000183009 0.003724526
0.000180343 0.003748861
0.000188343 0.003663856
0.000183677 0.003691191
0.000186010 0.003746528
0.000181010 0.003495848
0.000174009 0.003748861
0.000186343 0.003659189
0.000180342 0.003507181
0.000185677 0.003571185
0.000180676 0.003561851
0.000188677 0.003801530
0.000191010 0.003700858
0.000182343 0.003391843
0.000171676 0.003720860
0.000191676 0.003593852
0.000188343 0.003777862
0.000191677 0.003328173
0.000191343 0.003604520
0.000187676 0.003467846
0.000181009 0.003388175
0.000175343 0.003540517
0.000182676 0.003477513
0.000168676 0.003821531
0.000188676 0.003419843
0.000181676 0.003703191
0.000178010 0.003287837
0.000201677 0.003557184
0.000191010 0.004027542
0.000173009 0.003602187
0.000184676 0.003983540
0.000180676 0.003455846
0.000181676 0.003692191
0.000186676 0.003522515
0.000184342 0.003607853
0.000189343 0.003670856
0.000179010 0.003499515
0.000177675 0.003720526
0.000187009 0.003469513
0.000328017 0.003899201
0.000172675 0.003805863
0.000176676 0.003510181
0.000185009 0.007123368
0.000187010 0.003749528
0.000177009 0.004028208
0.000185677 0.003671857
0.000181676 0.003612520
0.000198010 0.003889868
0.000186677 0.003732194
0.000188009 0.003572851
0.000181009 0.003604520
0.000172009 0.003793530
0.000181009 0.003586852
0.000183009 0.003580185
0.000183010 0.003892202
0.000186676 0.003347839
0.000172009 0.004117546
0.000186676 0.003408510
0.000181342 0.003755527
0.000186010 0.003488181
0.000180009 0.003541183
0.000177676 0.003641522
0.000186009 0.003554517
0.000189010 0.003780863
0.000193343 0.003351840
0.000187343 0.003627521
0.000183676 0.003730193
0.000180343 0.003511849
0.000187343 0.003612187
0.000180009 0.003597852
0.000190344 0.003703859
0.000170006 0.003837151
0.000189341 0.003504138
0.000181007 0.003968490
0.000183674 0.003447137
0.000180674 0.003626144
0.000178007 0.003528139
0.000190674 0.003855152
0.000181007 0.003395468
0.000181674 0.003444469
0.000178340 0.003859485
0.000182340 0.003434135
0.000184674 0.003877486
0.000174674 0.003775816
0.000168007 0.008235659
0.000166673 0.007485629
0.000169674 0.007119281
0.000181340 0.007480295
0.000177340 0.007641734
0.000176009 0.007549720
0.000188010 0.007502427
0.000183010 0.007453081
0.000187011 0.007505746
0.000180010 0.007154393
0.000170676 0.007596084
0.000184343 0.007462076
0.000183010 0.010055552
0.000177343 0.007732091
0.000169342 0.008447130
0.000176676 0.007292400
0.000174676 0.006786372
0.000180010 0.007083056
0.000187677 0.007886099
0.000234679 0.008494133
0.000181677 0.002995498
0.000183676 0.002832155
0.000185343 0.003005165
0.000176343 0.003133505
0.000174676 0.002923494
0.000169676 0.002903159
0.000181343 0.003239844
0.000182677 0.002940828
0.000174343 0.002846156
0.000176676 0.003136505
0.000186676 0.002978497
0.000181010 0.003040167
0.000177009 0.002936161
0.000171676 0.002997164
0.000172677 0.002946829
0.000178009 0.002821821
0.000164342 0.002871491
0.000169009 0.002927827
0.000179010 0.002780153
0.000177677 0.002984498
0.000175343 0.002968830
0.000173010 0.003458857
0.000177676 0.003356518
0.000186343 0.003661534
0.000175676 0.003595531
0.000184010 0.005057611
0.006406685 0.006439353
0.001259069 0.003618198
0.008054442 0.008087777
0.000218345 0.003755540
0.003341184 0.003854545
0.000179677 0.003858545
0.000175343 0.003691203
0.000181343 0.003511860
0.000179343 0.003561862
0.000182344 0.003606532
0.000186010 0.003792542
0.000179343 0.003803542
0.000176343 0.003332850
0.000173009 0.003582530
0.000174009 0.003482191
0.000171676 0.003801876
0.000175010 0.003725205
0.000181343 0.003361518
0.000179677 0.003591531
0.000172010 0.003501859
0.000179343 0.003961552
0.000175677 0.003542196
0.000169342 0.003525194
0.000174343 0.003695538
0.000152342 0.003275514
0.000184010 0.003607866
0.000184010 0.003520861
0.000178343 0.004201899
0.000182344 0.003590532
0.000152342 0.003401188
0.000182010 0.003734206
0.000190010 0.003432523
0.000171343 0.003632201
0.000175343 0.003423189
0.000164343 0.003484526
0.000173676 0.003619200
0.000174343 0.003227511
0.000181010 0.003633201
0.000186677 0.003376186
0.000167342 0.003676536
0.000178009 0.003456524
0.000185677 0.003334851
0.000185677 0.003736540
0.000177010 0.003425189
0.000153341 0.003728539
0.000171343 0.003532528
0.000184010 0.003650202
0.000176676 0.003393187
0.000175343 0.003410855
0.000170676 0.003642202
0.000185343 0.003551196
0.000183010 0.003813544
0.000188677 0.003323517
0.000180010 0.003578198
0.000177676 0.003557530
0.000179343 0.003296849
0.000177010 0.003889215
0.000180010 0.003548862
0.000185343 0.003557530
0.000181343 0.003245179
0.000181010 0.003634201
0.000188344 0.003727206
0.000179676 0.003474191
0.000179676 0.003843545
0.000180676 0.003966219
0.000183010 0.003768208
0.000175343 0.003732206
0.000185677 0.003521861
0.000192677 0.003723539
0.000179010 0.005942662
0.000181010 0.003736207
0.000178344 0.003751208
0.000169009 0.003818211
0.000192677 0.003695204
0.000180344 0.003748541
0.000191010 0.003670202
0.000173009 0.003429523
0.000174343 0.004083892
0.000185343 0.003521861
0.000191344 0.003588865
0.000177010 0.003458525
0.000184010 0.003388187
0.000169677 0.003524528
0.000186010 0.003499860
0.000185343 0.003577197
0.000185343 0.003500193
0.000177343 0.003805544
0.000181343 0.003367519
0.000186011 0.003586198
0.000189677 0.003613200
0.000183343 0.003612866
0.000183676 0.004273569
0.000181010 0.003613533
0.000179343 0.003589198
0.000180343 0.003811210
0.000182677 0.003438523
0.000183010 0.004105560
0.000197344 0.003460858
0.000187677 0.003664869
0.000182677 0.003701538
0.000186010 0.003646868
0.000181676 0.003720205
0.000183676 0.003498193
0.000174342 0.003765541
0.000478360 0.004086226
0.000182010 0.003648535
0.000177010 0.003525528
0.000179677 0.003401521
0.000184677 0.003678870
0.000181343 0.003435190
0.000183343 0.003681203
0.000184677 0.003505527
0.000180010 0.003481859
0.000186344 0.003570530
0.000177676 0.004030889
0.000184343 0.003870213
0.000181010 0.003553863
0.000180677 0.003583198
0.000180009 0.003476525
0.000184010 0.003555863
0.000184011 0.003605866
0.000184677 0.003419855
0.000188344 0.003660203
0.000175677 0.003506527
0.000187010 0.003696538
0.000181010 0.003439857
0.000178343 0.003553529
0.000183010 0.003809544
0.000179343 0.003521194
0.000177677 0.003810544
0.000192677 0.003394854
0.000181677 0.003831212
0.000186344 0.003650535
0.000184011 0.003620200
0.000190010 0.003750874
0.000189344 0.003786543
0.000186010 0.003655869
0.000180343 0.003484192
0.000174676 0.003675536
0.000179010 0.003364853
0.000180344 0.003763542
0.000179677 0.003514861
0.000184010 0.003585531
0.000176010 0.003681203
0.000172343 0.003576864
0.000182343 0.003943218
0.000175677 0.003664870
0.000183677 0.003399187
0.000178676 0.003886881
0.000173343 0.003558530
0.000174343 0.003554863
0.000173676 0.003446523
0.000186677 0.003342185
0.000183010 0.003814878
0.000179343 0.003532195
0.000181676 0.003705871
0.000187344 0.003579531
0.000180677 0.003780209
0.000184677 0.003571864
0.000179010 0.003563530
0.000180009 0.003729539
0.000177343 0.003655535
0.000179676 0.003668869
0.000191011 0.003584198
0.000181010 0.003869547
0.000176676 0.003545862
0.000176676 0.003556196
0.000166009 0.003744206
0.000187010 0.003477192
0.000177010 0.003633868
0.000175676 0.003474192
0.001216734 0.003928217
0.000188343 0.003417522
0.000173677 0.003514861
0.000184343 0.003800210
0.000180676 0.003456524
0.000178343 0.003710538
0.000177343 0.003568864
0.000179343 0.003802543
0.000180343 0.003826211
0.000181677 0.003431190
0.000175343 0.003849546
0.000184010 0.003497860
0.000186010 0.007513064
0.000173009 0.007768410
0.000178676 0.020032392
0.000192344 0.007791412
0.000175676 0.009469500
0.000174676 0.017055568
0.000182343 0.007042706
0.000179676 0.006956701
0.000176010 0.006686020
0.000184343 0.007184379
0.000183677 0.006534012
0.000179343 0.007089708
0.000181676 0.006940367
0.000704704 0.007217715
0.000182676 0.006910365
0.000184343 0.006700688
0.000172676 0.006740023
0.000181677 0.007866083
0.000186677 0.007647071
0.000185676 0.007417058
0.000184343 0.003907873
0.000181010 0.003665527
0.000176010 0.003954209
0.000194010 0.003782533
0.000180676 0.003614191
0.000183009 0.003500851
0.000176676 0.003459516
0.000179343 0.003704863
0.000178676 0.003818535
0.000191344 0.003509852
0.000180010 0.003779200
0.000177343 0.003523187
0.000186010 0.003615525
0.000193010 0.003580522
0.000176676 0.003375179
0.000186676 0.003578189
0.000775374 0.004074548
0.000181343 0.003904539
0.003150166 0.005141272
0.006867696 0.011405269
0.003492184 0.003523519
0.000959051 0.003366511
0.000184343 0.003694195
0.000173675 0.003520186
0.000181677 0.003610524
0.000189344 0.003373845
0.000183010 0.003543187
0.000176009 0.003548187
0.000179009 0.003939875
0.000175009 0.003617857
0.000190677 0.003504852
0.000180343 0.003914207
0.000174676 0.003578522
0.000184343 0.003712862
0.000191010 0.003500851
0.000180010 0.003611191
0.000174676 0.003604524
0.000183010 0.003360511
0.000173676 0.003909540
0.000184676 0.003676194
0.000187343 0.003318175
0.000193676 0.003696528
0.000185676 0.003400846
0.000179343 0.003699195
0.000182677 0.003441849
0.000181343 0.003641859
0.000179676 0.003395179
0.000187010 0.003506519
0.000184676 0.003911206
0.000183343 0.003505519
0.000181676 0.003526853
0.000177342 0.003748531
0.000189677 0.003685528
0.000177343 0.003544187
0.000183676 0.003856204
0.000187677 0.003797201
0.000185343 0.003601523
0.000173009 0.003738197
0.000171009 0.003478184
0.000182343 0.003590189
0.000179342 0.003530186
0.000185010 0.003440849
0.000186343 0.003528853
0.000190010 0.003561189
0.000172009 0.003790534
0.000178342 0.003596856
0.000179009 0.003649192
0.000194010 0.003804201
0.000178676 0.003442182
0.000183010 0.003682195
0.000189676 0.003445515
0.000177010 0.003791534
0.000180010 0.003399513
0.000183009 0.003421180
0.000168675 0.003778533
0.000180009 0.003711529
0.000191677 0.003924207
0.000183343 0.003483517
0.000182343 0.004013879
0.000177009 0.003713529
0.000179676 0.003380178
0.000177010 0.003950209
0.000186676 0.003515519
0.000182676 0.003738197
0.000175676 0.003530520
0.000186010 0.003907540
0.000188010 0.003473850
0.000183676 0.003656193
0.000178676 0.003703862
0.000192344 0.003485518
0.000178010 0.003597190
0.000173343 0.003235505
0.000187010 0.003717197
0.000162676 0.003407514
0.000174009 0.003533853
0.000176343 0.003876538
0.000182343 0.003686861
0.000188010 0.003815869
0.000183343 0.003363844
0.000172676 0.003556522
0.000185676 0.003654193
0.000187010 0.003501185
0.000186343 0.003805201
0.000182009 0.003668860
0.000173009 0.003745531
0.000179343 0.003609524
0.000185343 0.003376179
0.000181343 0.003852870
0.000181676 0.003541520
0.000176010 0.003718863
0.000189010 0.003519520
0.000172009 0.003636859
0.000180343 0.003495185
0.000189343 0.003470517
0.000181010 0.003831536
0.000184676 0.003401846
0.000183676 0.003630858
0.000181676 0.003590523
0.000180677 0.007976422
0.000178343 0.003551188
0.000177342 0.003482183
0.000173676 0.003681861
0.000168008 0.003439181
0.000181010 0.003686864
0.000179010 0.003535855
0.000178009 0.003698864
0.000184343 0.003498853
0.000183676 0.003375513
0.000177676 0.003844205
0.000181010 0.003518188
0.000191676 0.003952877
0.000186343 0.003550522
0.000179343 0.003626860
0.000185010 0.003848205
0.000181010 0.003594858
0.000181010 0.003751200
0.000186676 0.003519187
0.000179343 0.003861206
0.000187677 0.003599192
0.000181677 0.003609193
0.000183677 0.003809537
0.000177343 0.003473852
0.000176343 0.003663529
0.000178009 0.003642861
0.000173676 0.003750867
0.000180343 0.003593525
0.000181343 0.003700864
0.000176676 0.003833871
0.000188010 0.003299509
0.000181676 0.003662528
0.000180677 0.003518854
0.000183343 0.003779535
0.000181676 0.003477852
0.000181010 0.003544856
0.000173343 0.003769201
0.000185677 0.003354512
0.000180677 0.003910209
0.000183343 0.003440516
0.000181676 0.003701197
0.000189677 0.003752200
0.000180343 0.003477519
0.000169343 0.003672863
0.000171343 0.003431850
0.000183009 0.003549856
0.000183343 0.003579524
0.000187010 0.003651528
0.000177342 0.003744532
0.000185676 0.003533521
0.000181343 0.003607192
0.000190010 0.003508187
0.000188343 0.003737866
0.000181343 0.003474185
0.000177676 0.003403515
0.000170009 0.004800256
0.000168343 0.003625860
0.000172676 0.003763534
0.000176343 0.003449851
0.000178343 0.003865873
0.000182010 0.003516188
0.000179343 0.003459184
0.000185343 0.004006880
0.000180677 0.003415849
0.000184010 0.003672862
0.000176009 0.003679529
0.000177676 0.003657862
0.000184677 0.003438184
0.000187343 0.003721531
0.000188677 0.003807536
0.000184010 0.003521854
0.000180343 0.003744866
0.000179676 0.003404515
0.000177676 0.003378180
0.000181677 0.003824871
0.000177343 0.003444183
0.000183010 0.004163555
0.000187010 0.003939210
0.000179010 0.004218558
0.000173676 0.004289229
0.000180343 0.003422182
0.000176342 0.003760200
0.000178676 0.003618860
0.000188677 0.003794869
0.000184677 0.003565524
0.000183677 0.003863873
0.000181010 0.003367846
0.000180343 0.003369513
0.000184009 0.003762200
0.000181010 0.003456184
0.000175010 0.003679196
0.000179676 0.003397848
0.000180676 0.003864206
0.000180677 0.003368846
0.000179010 0.003438183
0.000179343 0.003850539
0.000186344 0.003499854
0.000169009 0.003713198
0.000188677 0.003673196
0.000177343 0.003500520
0.000179009 0.003852539
0.000184677 0.003581191
0.000179676 0.003584191
0.000185343 0.003445850
0.000175343 0.003858539
0.000186010 0.003584191
0.000181010 0.003584191
0.000195343 0.003861205
0.000187010 0.003511187
0.000183343 0.003721531
0.000180676 0.003430516
0.000178343 0.003651195
0.000188343 0.003737199
0.000181676 0.004163555
0.000176010 0.003623194
0.000173010 0.003544523
0.000178676 0.003997213
0.000177009 0.003359846
0.000181677 0.003658195
0.000176009 0.003417849
0.000176009 0.003520854
0.000177010 0.003585858
0.000188010 0.003327178
0.000187676 0.003570190
0.000183009 0.003679529
0.000192344 0.003678196
0.000177009 0.003611526
0.000181343 0.003294842
0.000182010 0.003766867
0.000182676 0.003434516
0.000182009 0.003807536
0.000181676 0.003389180
0.000183010 0.003464185
0.000172675 0.003820870
0.000185343 0.003628860
0.000179009 0.003700197
0.000184676 0.004833257
0.000181343 0.003826204
0.000184344 0.003484519
0.000185676 0.003592858
0.000178343 0.003883207
0.000181676 0.003429849
0.000172342 0.003922209
0.000183343 0.003458517
0.000180676 0.003559190
0.000186344 0.003460185
0.000188344 0.003292842
0.000180343 0.003508853
0.000178676 0.003873539
0.000192677 0.003608192
0.000187344 0.003449184
0.000178676 0.003673195
0.000181677 0.003586191
0.000184676 0.003889207
0.000186676 0.003786201
0.000177676 0.007315056
0.000387020 0.004228892
0.000183010 0.003526188
0.000177343 0.004105552
0.000179343 0.003643195
0.000167675 0.003896541
0.000174342 0.003841538
0.000164342 0.003646194
0.000177342 0.003829537
0.000181343 0.003465851
0.000190343 0.003422516
0.000180009 0.003678196
0.000172009 0.003581857
0.000177009 0.003755200
0.000180677 0.003582525
0.000182676 0.003722865
0.000181676 0.003572523
0.000177676 0.003530522
0.000184677 0.003549523
